-------------------------------------------------------------------------------
Test set: com.laegler.openbanking.api.integration.RegisterApiIntegrationTest
-------------------------------------------------------------------------------
Tests run: 13, Failures: 0, Errors: 13, Skipped: 0, Time elapsed: 0.006 s <<< FAILURE! - in com.laegler.openbanking.api.integration.RegisterApiIntegrationTest
test_registerPost_201  Time elapsed: 0 s  <<< ERROR!
java.net.ConnectException: Connection refused (Connection refused)
	at com.laegler.openbanking.api.integration.RegisterApiIntegrationTest.test_registerPost_201(RegisterApiIntegrationTest.java:105)

test_registerPost_400  Time elapsed: 0.001 s  <<< ERROR!
java.net.ConnectException: Connection refused (Connection refused)
	at com.laegler.openbanking.api.integration.RegisterApiIntegrationTest.test_registerPost_400(RegisterApiIntegrationTest.java:99)

test_registerClientIdDelete_204  Time elapsed: 0 s  <<< ERROR!
java.lang.IllegalArgumentException: Invalid number of path parameters. Expected 1, was 0. Undefined path parameters are: ClientId.
	at com.laegler.openbanking.api.integration.RegisterApiIntegrationTest.test_registerClientIdDelete_204(RegisterApiIntegrationTest.java:51)

test_registerClientIdDelete_401  Time elapsed: 0 s  <<< ERROR!
java.lang.IllegalArgumentException: Invalid number of path parameters. Expected 1, was 0. Undefined path parameters are: ClientId.
	at com.laegler.openbanking.api.integration.RegisterApiIntegrationTest.test_registerClientIdDelete_401(RegisterApiIntegrationTest.java:33)

test_registerClientIdDelete_403  Time elapsed: 0.001 s  <<< ERROR!
java.lang.IllegalArgumentException: Invalid number of path parameters. Expected 1, was 0. Undefined path parameters are: ClientId.
	at com.laegler.openbanking.api.integration.RegisterApiIntegrationTest.test_registerClientIdDelete_403(RegisterApiIntegrationTest.java:39)

test_registerClientIdDelete_405  Time elapsed: 0 s  <<< ERROR!
java.lang.IllegalArgumentException: Invalid number of path parameters. Expected 1, was 0. Undefined path parameters are: ClientId.
	at com.laegler.openbanking.api.integration.RegisterApiIntegrationTest.test_registerClientIdDelete_405(RegisterApiIntegrationTest.java:45)

test_registerClientIdPut_200  Time elapsed: 0 s  <<< ERROR!
java.lang.IllegalArgumentException: Invalid number of path parameters. Expected 1, was 0. Undefined path parameters are: ClientId.
	at com.laegler.openbanking.api.integration.RegisterApiIntegrationTest.test_registerClientIdPut_200(RegisterApiIntegrationTest.java:93)

test_registerClientIdPut_400  Time elapsed: 0.001 s  <<< ERROR!
java.lang.IllegalArgumentException: Invalid number of path parameters. Expected 1, was 0. Undefined path parameters are: ClientId.
	at com.laegler.openbanking.api.integration.RegisterApiIntegrationTest.test_registerClientIdPut_400(RegisterApiIntegrationTest.java:75)

test_registerClientIdPut_401  Time elapsed: 0.001 s  <<< ERROR!
java.lang.IllegalArgumentException: Invalid number of path parameters. Expected 1, was 0. Undefined path parameters are: ClientId.
	at com.laegler.openbanking.api.integration.RegisterApiIntegrationTest.test_registerClientIdPut_401(RegisterApiIntegrationTest.java:81)

test_registerClientIdPut_403  Time elapsed: 0 s  <<< ERROR!
java.lang.IllegalArgumentException: Invalid number of path parameters. Expected 1, was 0. Undefined path parameters are: ClientId.
	at com.laegler.openbanking.api.integration.RegisterApiIntegrationTest.test_registerClientIdPut_403(RegisterApiIntegrationTest.java:87)

test_registerClientIdGet_200  Time elapsed: 0.001 s  <<< ERROR!
java.lang.IllegalArgumentException: Invalid number of path parameters. Expected 1, was 0. Undefined path parameters are: ClientId.
	at com.laegler.openbanking.api.integration.RegisterApiIntegrationTest.test_registerClientIdGet_200(RegisterApiIntegrationTest.java:69)

test_registerClientIdGet_401  Time elapsed: 0.001 s  <<< ERROR!
java.lang.IllegalArgumentException: Invalid number of path parameters. Expected 1, was 0. Undefined path parameters are: ClientId.
	at com.laegler.openbanking.api.integration.RegisterApiIntegrationTest.test_registerClientIdGet_401(RegisterApiIntegrationTest.java:57)

test_registerClientIdGet_403  Time elapsed: 0 s  <<< ERROR!
java.lang.IllegalArgumentException: Invalid number of path parameters. Expected 1, was 0. Undefined path parameters are: ClientId.
	at com.laegler.openbanking.api.integration.RegisterApiIntegrationTest.test_registerClientIdGet_403(RegisterApiIntegrationTest.java:63)

