<?xml version="1.0" encoding="UTF-8"?>
<testsuite xmlns:xsi="http://www.w3.org/2001/XMLSchema-instance" xsi:noNamespaceSchemaLocation="https://maven.apache.org/surefire/maven-surefire-plugin/xsd/surefire-test-report.xsd" name="com.laegler.openbanking.api.integration.OrganisationApiIntegrationTest" time="0.413" tests="171" errors="171" skipped="0" failures="0">
  <properties>
[...]
</properties>
  <testcase name="test_organisationOrganisationTypeOrganisationIdGet_200" classname="com.laegler.openbanking.api.integration.OrganisationApiIntegrationTest" time="0.001">
    <error message="Invalid number of path parameters. Expected 2, was 0. Undefined path parameters are: OrganisationType, OrganisationId." type="java.lang.IllegalArgumentException">java.lang.IllegalArgumentException: Invalid number of path parameters. Expected 2, was 0. Undefined path parameters are: OrganisationType, OrganisationId.
	at com.laegler.openbanking.api.integration.OrganisationApiIntegrationTest.test_organisationOrganisationTypeOrganisationIdGet_200(OrganisationApiIntegrationTest.java:555)
</error>
    <system-out><![CDATA[Request method:	GET
Request URI:	http://localhost:8080/example-api/organisation/organisation/%7BOrganisationType%7D/%7BOrganisationId%7D
Proxy:			<none>
Request params:	<none>
Query params:	<none>
Form params:	<none>
Path params:	<none>
Headers:		Accept=*/*
				Content-Type=application/json; charset=UTF-8
Cookies:		<none>
Multiparts:		<none>
Body:			<none>
]]></system-out>
  </testcase>
  <testcase name="test_organisationOrganisationTypeOrganisationIdGet_404" classname="com.laegler.openbanking.api.integration.OrganisationApiIntegrationTest" time="0.001">
    <error message="Invalid number of path parameters. Expected 2, was 0. Undefined path parameters are: OrganisationType, OrganisationId." type="java.lang.IllegalArgumentException">java.lang.IllegalArgumentException: Invalid number of path parameters. Expected 2, was 0. Undefined path parameters are: OrganisationType, OrganisationId.
	at com.laegler.openbanking.api.integration.OrganisationApiIntegrationTest.test_organisationOrganisationTypeOrganisationIdGet_404(OrganisationApiIntegrationTest.java:543)
</error>
    <system-out><![CDATA[Request method:	GET
Request URI:	http://localhost:8080/example-api/organisation/organisation/%7BOrganisationType%7D/%7BOrganisationId%7D
Proxy:			<none>
Request params:	<none>
Query params:	<none>
Form params:	<none>
Path params:	<none>
Headers:		Accept=*/*
				Content-Type=application/json; charset=UTF-8
Cookies:		<none>
Multiparts:		<none>
Body:			<none>
]]></system-out>
  </testcase>
  <testcase name="test_organisationOrganisationTypeOrganisationIdGet_406" classname="com.laegler.openbanking.api.integration.OrganisationApiIntegrationTest" time="0.003">
    <error message="Invalid number of path parameters. Expected 2, was 0. Undefined path parameters are: OrganisationType, OrganisationId." type="java.lang.IllegalArgumentException">java.lang.IllegalArgumentException: Invalid number of path parameters. Expected 2, was 0. Undefined path parameters are: OrganisationType, OrganisationId.
	at com.laegler.openbanking.api.integration.OrganisationApiIntegrationTest.test_organisationOrganisationTypeOrganisationIdGet_406(OrganisationApiIntegrationTest.java:549)
</error>
    <system-out><![CDATA[Request method:	GET
Request URI:	http://localhost:8080/example-api/organisation/organisation/%7BOrganisationType%7D/%7BOrganisationId%7D
Proxy:			<none>
Request params:	<none>
Query params:	<none>
Form params:	<none>
Path params:	<none>
Headers:		Accept=*/*
				Content-Type=application/json; charset=UTF-8
Cookies:		<none>
Multiparts:		<none>
Body:			<none>
]]></system-out>
  </testcase>
  <testcase name="test_organisationOrganisationTypeOrganisationIdSoftwareStatementSoftwareStatementIdCertificateOrganisationAssociativeCertificateTypeCertificateOrKeyIdPut_200" classname="com.laegler.openbanking.api.integration.OrganisationApiIntegrationTest" time="0.004">
    <error message="Invalid number of path parameters. Expected 5, was 0. Undefined path parameters are: OrganisationType, OrganisationId, SoftwareStatementId, OrganisationAssociativeCertificateType, CertificateOrKeyId." type="java.lang.IllegalArgumentException">java.lang.IllegalArgumentException: Invalid number of path parameters. Expected 5, was 0. Undefined path parameters are: OrganisationType, OrganisationId, SoftwareStatementId, OrganisationAssociativeCertificateType, CertificateOrKeyId.
	at com.laegler.openbanking.api.integration.OrganisationApiIntegrationTest.test_organisationOrganisationTypeOrganisationIdSoftwareStatementSoftwareStatementIdCertificateOrganisationAssociativeCertificateTypeCertificateOrKeyIdPut_200(OrganisationApiIntegrationTest.java:753)
</error>
    <system-out><![CDATA[Request method:	PUT
Request URI:	http://localhost:8080/example-api/organisation/organisation/%7BOrganisationType%7D/%7BOrganisationId%7D/software-statement/%7BSoftwareStatementId%7D/certificate/%7BOrganisationAssociativeCertificateType%7D/%7BCertificateOrKeyId%7D
Proxy:			<none>
Request params:	<none>
Query params:	<none>
Form params:	<none>
Path params:	<none>
Headers:		Accept=*/*
				Content-Type=application/json; charset=UTF-8
Cookies:		<none>
Multiparts:		<none>
Body:			<none>
]]></system-out>
  </testcase>
  <testcase name="test_organisationOrganisationTypeOrganisationIdSoftwareStatementSoftwareStatementIdCertificateOrganisationAssociativeCertificateTypeCertificateOrKeyIdPut_204" classname="com.laegler.openbanking.api.integration.OrganisationApiIntegrationTest" time="0.004">
    <error message="Invalid number of path parameters. Expected 5, was 0. Undefined path parameters are: OrganisationType, OrganisationId, SoftwareStatementId, OrganisationAssociativeCertificateType, CertificateOrKeyId." type="java.lang.IllegalArgumentException">java.lang.IllegalArgumentException: Invalid number of path parameters. Expected 5, was 0. Undefined path parameters are: OrganisationType, OrganisationId, SoftwareStatementId, OrganisationAssociativeCertificateType, CertificateOrKeyId.
	at com.laegler.openbanking.api.integration.OrganisationApiIntegrationTest.test_organisationOrganisationTypeOrganisationIdSoftwareStatementSoftwareStatementIdCertificateOrganisationAssociativeCertificateTypeCertificateOrKeyIdPut_204(OrganisationApiIntegrationTest.java:765)
</error>
    <system-out><![CDATA[Request method:	PUT
Request URI:	http://localhost:8080/example-api/organisation/organisation/%7BOrganisationType%7D/%7BOrganisationId%7D/software-statement/%7BSoftwareStatementId%7D/certificate/%7BOrganisationAssociativeCertificateType%7D/%7BCertificateOrKeyId%7D
Proxy:			<none>
Request params:	<none>
Query params:	<none>
Form params:	<none>
Path params:	<none>
Headers:		Accept=*/*
				Content-Type=application/json; charset=UTF-8
Cookies:		<none>
Multiparts:		<none>
Body:			<none>
]]></system-out>
  </testcase>
  <testcase name="test_organisationOrganisationTypeOrganisationIdSoftwareStatementSoftwareStatementIdCertificateOrganisationAssociativeCertificateTypeCertificateOrKeyIdPut_400" classname="com.laegler.openbanking.api.integration.OrganisationApiIntegrationTest" time="0.005">
    <error message="Invalid number of path parameters. Expected 5, was 0. Undefined path parameters are: OrganisationType, OrganisationId, SoftwareStatementId, OrganisationAssociativeCertificateType, CertificateOrKeyId." type="java.lang.IllegalArgumentException">java.lang.IllegalArgumentException: Invalid number of path parameters. Expected 5, was 0. Undefined path parameters are: OrganisationType, OrganisationId, SoftwareStatementId, OrganisationAssociativeCertificateType, CertificateOrKeyId.
	at com.laegler.openbanking.api.integration.OrganisationApiIntegrationTest.test_organisationOrganisationTypeOrganisationIdSoftwareStatementSoftwareStatementIdCertificateOrganisationAssociativeCertificateTypeCertificateOrKeyIdPut_400(OrganisationApiIntegrationTest.java:717)
</error>
    <system-out><![CDATA[Request method:	PUT
Request URI:	http://localhost:8080/example-api/organisation/organisation/%7BOrganisationType%7D/%7BOrganisationId%7D/software-statement/%7BSoftwareStatementId%7D/certificate/%7BOrganisationAssociativeCertificateType%7D/%7BCertificateOrKeyId%7D
Proxy:			<none>
Request params:	<none>
Query params:	<none>
Form params:	<none>
Path params:	<none>
Headers:		Accept=*/*
				Content-Type=application/json; charset=UTF-8
Cookies:		<none>
Multiparts:		<none>
Body:			<none>
]]></system-out>
  </testcase>
  <testcase name="test_organisationOrganisationTypeOrganisationIdSoftwareStatementSoftwareStatementIdCertificateOrganisationAssociativeCertificateTypeCertificateOrKeyIdPut_401" classname="com.laegler.openbanking.api.integration.OrganisationApiIntegrationTest" time="0.005">
    <error message="Invalid number of path parameters. Expected 5, was 0. Undefined path parameters are: OrganisationType, OrganisationId, SoftwareStatementId, OrganisationAssociativeCertificateType, CertificateOrKeyId." type="java.lang.IllegalArgumentException">java.lang.IllegalArgumentException: Invalid number of path parameters. Expected 5, was 0. Undefined path parameters are: OrganisationType, OrganisationId, SoftwareStatementId, OrganisationAssociativeCertificateType, CertificateOrKeyId.
	at com.laegler.openbanking.api.integration.OrganisationApiIntegrationTest.test_organisationOrganisationTypeOrganisationIdSoftwareStatementSoftwareStatementIdCertificateOrganisationAssociativeCertificateTypeCertificateOrKeyIdPut_401(OrganisationApiIntegrationTest.java:723)
</error>
    <system-out><![CDATA[Request method:	PUT
Request URI:	http://localhost:8080/example-api/organisation/organisation/%7BOrganisationType%7D/%7BOrganisationId%7D/software-statement/%7BSoftwareStatementId%7D/certificate/%7BOrganisationAssociativeCertificateType%7D/%7BCertificateOrKeyId%7D
Proxy:			<none>
Request params:	<none>
Query params:	<none>
Form params:	<none>
Path params:	<none>
Headers:		Accept=*/*
				Content-Type=application/json; charset=UTF-8
Cookies:		<none>
Multiparts:		<none>
Body:			<none>
]]></system-out>
  </testcase>
  <testcase name="test_organisationOrganisationTypeOrganisationIdSoftwareStatementSoftwareStatementIdCertificateOrganisationAssociativeCertificateTypeCertificateOrKeyIdPut_404" classname="com.laegler.openbanking.api.integration.OrganisationApiIntegrationTest" time="0.005">
    <error message="Invalid number of path parameters. Expected 5, was 0. Undefined path parameters are: OrganisationType, OrganisationId, SoftwareStatementId, OrganisationAssociativeCertificateType, CertificateOrKeyId." type="java.lang.IllegalArgumentException">java.lang.IllegalArgumentException: Invalid number of path parameters. Expected 5, was 0. Undefined path parameters are: OrganisationType, OrganisationId, SoftwareStatementId, OrganisationAssociativeCertificateType, CertificateOrKeyId.
	at com.laegler.openbanking.api.integration.OrganisationApiIntegrationTest.test_organisationOrganisationTypeOrganisationIdSoftwareStatementSoftwareStatementIdCertificateOrganisationAssociativeCertificateTypeCertificateOrKeyIdPut_404(OrganisationApiIntegrationTest.java:729)
</error>
    <system-out><![CDATA[Request method:	PUT
Request URI:	http://localhost:8080/example-api/organisation/organisation/%7BOrganisationType%7D/%7BOrganisationId%7D/software-statement/%7BSoftwareStatementId%7D/certificate/%7BOrganisationAssociativeCertificateType%7D/%7BCertificateOrKeyId%7D
Proxy:			<none>
Request params:	<none>
Query params:	<none>
Form params:	<none>
Path params:	<none>
Headers:		Accept=*/*
				Content-Type=application/json; charset=UTF-8
Cookies:		<none>
Multiparts:		<none>
Body:			<none>
]]></system-out>
  </testcase>
  <testcase name="test_organisationOrganisationTypeOrganisationIdSoftwareStatementSoftwareStatementIdCertificateOrganisationAssociativeCertificateTypeCertificateOrKeyIdPut_406" classname="com.laegler.openbanking.api.integration.OrganisationApiIntegrationTest" time="0.005">
    <error message="Invalid number of path parameters. Expected 5, was 0. Undefined path parameters are: OrganisationType, OrganisationId, SoftwareStatementId, OrganisationAssociativeCertificateType, CertificateOrKeyId." type="java.lang.IllegalArgumentException">java.lang.IllegalArgumentException: Invalid number of path parameters. Expected 5, was 0. Undefined path parameters are: OrganisationType, OrganisationId, SoftwareStatementId, OrganisationAssociativeCertificateType, CertificateOrKeyId.
	at com.laegler.openbanking.api.integration.OrganisationApiIntegrationTest.test_organisationOrganisationTypeOrganisationIdSoftwareStatementSoftwareStatementIdCertificateOrganisationAssociativeCertificateTypeCertificateOrKeyIdPut_406(OrganisationApiIntegrationTest.java:741)
</error>
    <system-out><![CDATA[Request method:	PUT
Request URI:	http://localhost:8080/example-api/organisation/organisation/%7BOrganisationType%7D/%7BOrganisationId%7D/software-statement/%7BSoftwareStatementId%7D/certificate/%7BOrganisationAssociativeCertificateType%7D/%7BCertificateOrKeyId%7D
Proxy:			<none>
Request params:	<none>
Query params:	<none>
Form params:	<none>
Path params:	<none>
Headers:		Accept=*/*
				Content-Type=application/json; charset=UTF-8
Cookies:		<none>
Multiparts:		<none>
Body:			<none>
]]></system-out>
  </testcase>
  <testcase name="test_organisationOrganisationTypeOrganisationIdSoftwareStatementSoftwareStatementIdCertificateOrganisationAssociativeCertificateTypeCertificateOrKeyIdPut_409" classname="com.laegler.openbanking.api.integration.OrganisationApiIntegrationTest" time="0.004">
    <error message="Invalid number of path parameters. Expected 5, was 0. Undefined path parameters are: OrganisationType, OrganisationId, SoftwareStatementId, OrganisationAssociativeCertificateType, CertificateOrKeyId." type="java.lang.IllegalArgumentException">java.lang.IllegalArgumentException: Invalid number of path parameters. Expected 5, was 0. Undefined path parameters are: OrganisationType, OrganisationId, SoftwareStatementId, OrganisationAssociativeCertificateType, CertificateOrKeyId.
	at com.laegler.openbanking.api.integration.OrganisationApiIntegrationTest.test_organisationOrganisationTypeOrganisationIdSoftwareStatementSoftwareStatementIdCertificateOrganisationAssociativeCertificateTypeCertificateOrKeyIdPut_409(OrganisationApiIntegrationTest.java:759)
</error>
    <system-out><![CDATA[Request method:	PUT
Request URI:	http://localhost:8080/example-api/organisation/organisation/%7BOrganisationType%7D/%7BOrganisationId%7D/software-statement/%7BSoftwareStatementId%7D/certificate/%7BOrganisationAssociativeCertificateType%7D/%7BCertificateOrKeyId%7D
Proxy:			<none>
Request params:	<none>
Query params:	<none>
Form params:	<none>
Path params:	<none>
Headers:		Accept=*/*
				Content-Type=application/json; charset=UTF-8
Cookies:		<none>
Multiparts:		<none>
Body:			<none>
]]></system-out>
  </testcase>
  <testcase name="test_organisationOrganisationTypeOrganisationIdSoftwareStatementSoftwareStatementIdCertificateOrganisationAssociativeCertificateTypeCertificateOrKeyIdPut_500" classname="com.laegler.openbanking.api.integration.OrganisationApiIntegrationTest" time="0.004">
    <error message="Invalid number of path parameters. Expected 5, was 0. Undefined path parameters are: OrganisationType, OrganisationId, SoftwareStatementId, OrganisationAssociativeCertificateType, CertificateOrKeyId." type="java.lang.IllegalArgumentException">java.lang.IllegalArgumentException: Invalid number of path parameters. Expected 5, was 0. Undefined path parameters are: OrganisationType, OrganisationId, SoftwareStatementId, OrganisationAssociativeCertificateType, CertificateOrKeyId.
	at com.laegler.openbanking.api.integration.OrganisationApiIntegrationTest.test_organisationOrganisationTypeOrganisationIdSoftwareStatementSoftwareStatementIdCertificateOrganisationAssociativeCertificateTypeCertificateOrKeyIdPut_500(OrganisationApiIntegrationTest.java:735)
</error>
    <system-out><![CDATA[Request method:	PUT
Request URI:	http://localhost:8080/example-api/organisation/organisation/%7BOrganisationType%7D/%7BOrganisationId%7D/software-statement/%7BSoftwareStatementId%7D/certificate/%7BOrganisationAssociativeCertificateType%7D/%7BCertificateOrKeyId%7D
Proxy:			<none>
Request params:	<none>
Query params:	<none>
Form params:	<none>
Path params:	<none>
Headers:		Accept=*/*
				Content-Type=application/json; charset=UTF-8
Cookies:		<none>
Multiparts:		<none>
Body:			<none>
]]></system-out>
  </testcase>
  <testcase name="test_organisationOrganisationTypeOrganisationIdSoftwareStatementSoftwareStatementIdCertificateOrganisationAssociativeCertificateTypeCertificateOrKeyIdPut_502" classname="com.laegler.openbanking.api.integration.OrganisationApiIntegrationTest" time="0.004">
    <error message="Invalid number of path parameters. Expected 5, was 0. Undefined path parameters are: OrganisationType, OrganisationId, SoftwareStatementId, OrganisationAssociativeCertificateType, CertificateOrKeyId." type="java.lang.IllegalArgumentException">java.lang.IllegalArgumentException: Invalid number of path parameters. Expected 5, was 0. Undefined path parameters are: OrganisationType, OrganisationId, SoftwareStatementId, OrganisationAssociativeCertificateType, CertificateOrKeyId.
	at com.laegler.openbanking.api.integration.OrganisationApiIntegrationTest.test_organisationOrganisationTypeOrganisationIdSoftwareStatementSoftwareStatementIdCertificateOrganisationAssociativeCertificateTypeCertificateOrKeyIdPut_502(OrganisationApiIntegrationTest.java:747)
</error>
    <system-out><![CDATA[Request method:	PUT
Request URI:	http://localhost:8080/example-api/organisation/organisation/%7BOrganisationType%7D/%7BOrganisationId%7D/software-statement/%7BSoftwareStatementId%7D/certificate/%7BOrganisationAssociativeCertificateType%7D/%7BCertificateOrKeyId%7D
Proxy:			<none>
Request params:	<none>
Query params:	<none>
Form params:	<none>
Path params:	<none>
Headers:		Accept=*/*
				Content-Type=application/json; charset=UTF-8
Cookies:		<none>
Multiparts:		<none>
Body:			<none>
]]></system-out>
  </testcase>
  <testcase name="test_organisationOrganisationTypeOrganisationIdSoftwareStatementSoftwareStatementIdCertificateOrganisationAssociativeCertificateTypeCertificateOrKeyIdGet_200" classname="com.laegler.openbanking.api.integration.OrganisationApiIntegrationTest" time="0.004">
    <error message="Invalid number of path parameters. Expected 5, was 0. Undefined path parameters are: OrganisationType, OrganisationId, SoftwareStatementId, OrganisationAssociativeCertificateType, CertificateOrKeyId." type="java.lang.IllegalArgumentException">java.lang.IllegalArgumentException: Invalid number of path parameters. Expected 5, was 0. Undefined path parameters are: OrganisationType, OrganisationId, SoftwareStatementId, OrganisationAssociativeCertificateType, CertificateOrKeyId.
	at com.laegler.openbanking.api.integration.OrganisationApiIntegrationTest.test_organisationOrganisationTypeOrganisationIdSoftwareStatementSoftwareStatementIdCertificateOrganisationAssociativeCertificateTypeCertificateOrKeyIdGet_200(OrganisationApiIntegrationTest.java:711)
</error>
    <system-out><![CDATA[Request method:	GET
Request URI:	http://localhost:8080/example-api/organisation/organisation/%7BOrganisationType%7D/%7BOrganisationId%7D/software-statement/%7BSoftwareStatementId%7D/certificate/%7BOrganisationAssociativeCertificateType%7D/%7BCertificateOrKeyId%7D
Proxy:			<none>
Request params:	<none>
Query params:	<none>
Form params:	<none>
Path params:	<none>
Headers:		Accept=*/*
				Content-Type=application/json; charset=UTF-8
Cookies:		<none>
Multiparts:		<none>
Body:			<none>
]]></system-out>
  </testcase>
  <testcase name="test_organisationOrganisationTypeOrganisationIdSoftwareStatementSoftwareStatementIdCertificateOrganisationAssociativeCertificateTypeCertificateOrKeyIdGet_400" classname="com.laegler.openbanking.api.integration.OrganisationApiIntegrationTest" time="0.005">
    <error message="Invalid number of path parameters. Expected 5, was 0. Undefined path parameters are: OrganisationType, OrganisationId, SoftwareStatementId, OrganisationAssociativeCertificateType, CertificateOrKeyId." type="java.lang.IllegalArgumentException">java.lang.IllegalArgumentException: Invalid number of path parameters. Expected 5, was 0. Undefined path parameters are: OrganisationType, OrganisationId, SoftwareStatementId, OrganisationAssociativeCertificateType, CertificateOrKeyId.
	at com.laegler.openbanking.api.integration.OrganisationApiIntegrationTest.test_organisationOrganisationTypeOrganisationIdSoftwareStatementSoftwareStatementIdCertificateOrganisationAssociativeCertificateTypeCertificateOrKeyIdGet_400(OrganisationApiIntegrationTest.java:675)
</error>
    <system-out><![CDATA[Request method:	GET
Request URI:	http://localhost:8080/example-api/organisation/organisation/%7BOrganisationType%7D/%7BOrganisationId%7D/software-statement/%7BSoftwareStatementId%7D/certificate/%7BOrganisationAssociativeCertificateType%7D/%7BCertificateOrKeyId%7D
Proxy:			<none>
Request params:	<none>
Query params:	<none>
Form params:	<none>
Path params:	<none>
Headers:		Accept=*/*
				Content-Type=application/json; charset=UTF-8
Cookies:		<none>
Multiparts:		<none>
Body:			<none>
]]></system-out>
  </testcase>
  <testcase name="test_organisationOrganisationTypeOrganisationIdSoftwareStatementSoftwareStatementIdCertificateOrganisationAssociativeCertificateTypeCertificateOrKeyIdGet_401" classname="com.laegler.openbanking.api.integration.OrganisationApiIntegrationTest" time="0.003">
    <error message="Invalid number of path parameters. Expected 5, was 0. Undefined path parameters are: OrganisationType, OrganisationId, SoftwareStatementId, OrganisationAssociativeCertificateType, CertificateOrKeyId." type="java.lang.IllegalArgumentException">java.lang.IllegalArgumentException: Invalid number of path parameters. Expected 5, was 0. Undefined path parameters are: OrganisationType, OrganisationId, SoftwareStatementId, OrganisationAssociativeCertificateType, CertificateOrKeyId.
	at com.laegler.openbanking.api.integration.OrganisationApiIntegrationTest.test_organisationOrganisationTypeOrganisationIdSoftwareStatementSoftwareStatementIdCertificateOrganisationAssociativeCertificateTypeCertificateOrKeyIdGet_401(OrganisationApiIntegrationTest.java:681)
</error>
    <system-out><![CDATA[Request method:	GET
Request URI:	http://localhost:8080/example-api/organisation/organisation/%7BOrganisationType%7D/%7BOrganisationId%7D/software-statement/%7BSoftwareStatementId%7D/certificate/%7BOrganisationAssociativeCertificateType%7D/%7BCertificateOrKeyId%7D
Proxy:			<none>
Request params:	<none>
Query params:	<none>
Form params:	<none>
Path params:	<none>
Headers:		Accept=*/*
				Content-Type=application/json; charset=UTF-8
Cookies:		<none>
Multiparts:		<none>
Body:			<none>
]]></system-out>
  </testcase>
  <testcase name="test_organisationOrganisationTypeOrganisationIdSoftwareStatementSoftwareStatementIdCertificateOrganisationAssociativeCertificateTypeCertificateOrKeyIdGet_404" classname="com.laegler.openbanking.api.integration.OrganisationApiIntegrationTest" time="0.004">
    <error message="Invalid number of path parameters. Expected 5, was 0. Undefined path parameters are: OrganisationType, OrganisationId, SoftwareStatementId, OrganisationAssociativeCertificateType, CertificateOrKeyId." type="java.lang.IllegalArgumentException">java.lang.IllegalArgumentException: Invalid number of path parameters. Expected 5, was 0. Undefined path parameters are: OrganisationType, OrganisationId, SoftwareStatementId, OrganisationAssociativeCertificateType, CertificateOrKeyId.
	at com.laegler.openbanking.api.integration.OrganisationApiIntegrationTest.test_organisationOrganisationTypeOrganisationIdSoftwareStatementSoftwareStatementIdCertificateOrganisationAssociativeCertificateTypeCertificateOrKeyIdGet_404(OrganisationApiIntegrationTest.java:687)
</error>
    <system-out><![CDATA[Request method:	GET
Request URI:	http://localhost:8080/example-api/organisation/organisation/%7BOrganisationType%7D/%7BOrganisationId%7D/software-statement/%7BSoftwareStatementId%7D/certificate/%7BOrganisationAssociativeCertificateType%7D/%7BCertificateOrKeyId%7D
Proxy:			<none>
Request params:	<none>
Query params:	<none>
Form params:	<none>
Path params:	<none>
Headers:		Accept=*/*
				Content-Type=application/json; charset=UTF-8
Cookies:		<none>
Multiparts:		<none>
Body:			<none>
]]></system-out>
  </testcase>
  <testcase name="test_organisationOrganisationTypeOrganisationIdSoftwareStatementSoftwareStatementIdCertificateOrganisationAssociativeCertificateTypeCertificateOrKeyIdGet_406" classname="com.laegler.openbanking.api.integration.OrganisationApiIntegrationTest" time="0.003">
    <error message="Invalid number of path parameters. Expected 5, was 0. Undefined path parameters are: OrganisationType, OrganisationId, SoftwareStatementId, OrganisationAssociativeCertificateType, CertificateOrKeyId." type="java.lang.IllegalArgumentException">java.lang.IllegalArgumentException: Invalid number of path parameters. Expected 5, was 0. Undefined path parameters are: OrganisationType, OrganisationId, SoftwareStatementId, OrganisationAssociativeCertificateType, CertificateOrKeyId.
	at com.laegler.openbanking.api.integration.OrganisationApiIntegrationTest.test_organisationOrganisationTypeOrganisationIdSoftwareStatementSoftwareStatementIdCertificateOrganisationAssociativeCertificateTypeCertificateOrKeyIdGet_406(OrganisationApiIntegrationTest.java:699)
</error>
    <system-out><![CDATA[Request method:	GET
Request URI:	http://localhost:8080/example-api/organisation/organisation/%7BOrganisationType%7D/%7BOrganisationId%7D/software-statement/%7BSoftwareStatementId%7D/certificate/%7BOrganisationAssociativeCertificateType%7D/%7BCertificateOrKeyId%7D
Proxy:			<none>
Request params:	<none>
Query params:	<none>
Form params:	<none>
Path params:	<none>
Headers:		Accept=*/*
				Content-Type=application/json; charset=UTF-8
Cookies:		<none>
Multiparts:		<none>
Body:			<none>
]]></system-out>
  </testcase>
  <testcase name="test_organisationOrganisationTypeOrganisationIdSoftwareStatementSoftwareStatementIdCertificateOrganisationAssociativeCertificateTypeCertificateOrKeyIdGet_500" classname="com.laegler.openbanking.api.integration.OrganisationApiIntegrationTest" time="0.005">
    <error message="Invalid number of path parameters. Expected 5, was 0. Undefined path parameters are: OrganisationType, OrganisationId, SoftwareStatementId, OrganisationAssociativeCertificateType, CertificateOrKeyId." type="java.lang.IllegalArgumentException">java.lang.IllegalArgumentException: Invalid number of path parameters. Expected 5, was 0. Undefined path parameters are: OrganisationType, OrganisationId, SoftwareStatementId, OrganisationAssociativeCertificateType, CertificateOrKeyId.
	at com.laegler.openbanking.api.integration.OrganisationApiIntegrationTest.test_organisationOrganisationTypeOrganisationIdSoftwareStatementSoftwareStatementIdCertificateOrganisationAssociativeCertificateTypeCertificateOrKeyIdGet_500(OrganisationApiIntegrationTest.java:693)
</error>
    <system-out><![CDATA[Request method:	GET
Request URI:	http://localhost:8080/example-api/organisation/organisation/%7BOrganisationType%7D/%7BOrganisationId%7D/software-statement/%7BSoftwareStatementId%7D/certificate/%7BOrganisationAssociativeCertificateType%7D/%7BCertificateOrKeyId%7D
Proxy:			<none>
Request params:	<none>
Query params:	<none>
Form params:	<none>
Path params:	<none>
Headers:		Accept=*/*
				Content-Type=application/json; charset=UTF-8
Cookies:		<none>
Multiparts:		<none>
Body:			<none>
]]></system-out>
  </testcase>
  <testcase name="test_organisationOrganisationTypeOrganisationIdSoftwareStatementSoftwareStatementIdCertificateOrganisationAssociativeCertificateTypeCertificateOrKeyIdGet_502" classname="com.laegler.openbanking.api.integration.OrganisationApiIntegrationTest" time="0.004">
    <error message="Invalid number of path parameters. Expected 5, was 0. Undefined path parameters are: OrganisationType, OrganisationId, SoftwareStatementId, OrganisationAssociativeCertificateType, CertificateOrKeyId." type="java.lang.IllegalArgumentException">java.lang.IllegalArgumentException: Invalid number of path parameters. Expected 5, was 0. Undefined path parameters are: OrganisationType, OrganisationId, SoftwareStatementId, OrganisationAssociativeCertificateType, CertificateOrKeyId.
	at com.laegler.openbanking.api.integration.OrganisationApiIntegrationTest.test_organisationOrganisationTypeOrganisationIdSoftwareStatementSoftwareStatementIdCertificateOrganisationAssociativeCertificateTypeCertificateOrKeyIdGet_502(OrganisationApiIntegrationTest.java:705)
</error>
    <system-out><![CDATA[Request method:	GET
Request URI:	http://localhost:8080/example-api/organisation/organisation/%7BOrganisationType%7D/%7BOrganisationId%7D/software-statement/%7BSoftwareStatementId%7D/certificate/%7BOrganisationAssociativeCertificateType%7D/%7BCertificateOrKeyId%7D
Proxy:			<none>
Request params:	<none>
Query params:	<none>
Form params:	<none>
Path params:	<none>
Headers:		Accept=*/*
				Content-Type=application/json; charset=UTF-8
Cookies:		<none>
Multiparts:		<none>
Body:			<none>
]]></system-out>
  </testcase>
  <testcase name="test_organisationOrganisationTypeOrganisationIdSoftwareStatementPost_201" classname="com.laegler.openbanking.api.integration.OrganisationApiIntegrationTest" time="0.003">
    <error message="Invalid number of path parameters. Expected 2, was 0. Undefined path parameters are: OrganisationType, OrganisationId." type="java.lang.IllegalArgumentException">java.lang.IllegalArgumentException: Invalid number of path parameters. Expected 2, was 0. Undefined path parameters are: OrganisationType, OrganisationId.
	at com.laegler.openbanking.api.integration.OrganisationApiIntegrationTest.test_organisationOrganisationTypeOrganisationIdSoftwareStatementPost_201(OrganisationApiIntegrationTest.java:627)
</error>
    <system-out><![CDATA[Request method:	POST
Request URI:	http://localhost:8080/example-api/organisation/organisation/%7BOrganisationType%7D/%7BOrganisationId%7D/software-statement
Proxy:			<none>
Request params:	<none>
Query params:	<none>
Form params:	<none>
Path params:	<none>
Headers:		Accept=*/*
				Content-Type=application/json; charset=UTF-8
Cookies:		<none>
Multiparts:		<none>
Body:			<none>
]]></system-out>
  </testcase>
  <testcase name="test_organisationOrganisationTypeOrganisationIdSoftwareStatementPost_400" classname="com.laegler.openbanking.api.integration.OrganisationApiIntegrationTest" time="0.003">
    <error message="Invalid number of path parameters. Expected 2, was 0. Undefined path parameters are: OrganisationType, OrganisationId." type="java.lang.IllegalArgumentException">java.lang.IllegalArgumentException: Invalid number of path parameters. Expected 2, was 0. Undefined path parameters are: OrganisationType, OrganisationId.
	at com.laegler.openbanking.api.integration.OrganisationApiIntegrationTest.test_organisationOrganisationTypeOrganisationIdSoftwareStatementPost_400(OrganisationApiIntegrationTest.java:597)
</error>
    <system-out><![CDATA[Request method:	POST
Request URI:	http://localhost:8080/example-api/organisation/organisation/%7BOrganisationType%7D/%7BOrganisationId%7D/software-statement
Proxy:			<none>
Request params:	<none>
Query params:	<none>
Form params:	<none>
Path params:	<none>
Headers:		Accept=*/*
				Content-Type=application/json; charset=UTF-8
Cookies:		<none>
Multiparts:		<none>
Body:			<none>
]]></system-out>
  </testcase>
  <testcase name="test_organisationOrganisationTypeOrganisationIdSoftwareStatementPost_401" classname="com.laegler.openbanking.api.integration.OrganisationApiIntegrationTest" time="0.004">
    <error message="Invalid number of path parameters. Expected 2, was 0. Undefined path parameters are: OrganisationType, OrganisationId." type="java.lang.IllegalArgumentException">java.lang.IllegalArgumentException: Invalid number of path parameters. Expected 2, was 0. Undefined path parameters are: OrganisationType, OrganisationId.
	at com.laegler.openbanking.api.integration.OrganisationApiIntegrationTest.test_organisationOrganisationTypeOrganisationIdSoftwareStatementPost_401(OrganisationApiIntegrationTest.java:603)
</error>
    <system-out><![CDATA[Request method:	POST
Request URI:	http://localhost:8080/example-api/organisation/organisation/%7BOrganisationType%7D/%7BOrganisationId%7D/software-statement
Proxy:			<none>
Request params:	<none>
Query params:	<none>
Form params:	<none>
Path params:	<none>
Headers:		Accept=*/*
				Content-Type=application/json; charset=UTF-8
Cookies:		<none>
Multiparts:		<none>
Body:			<none>
]]></system-out>
  </testcase>
  <testcase name="test_organisationOrganisationTypeOrganisationIdSoftwareStatementPost_406" classname="com.laegler.openbanking.api.integration.OrganisationApiIntegrationTest" time="0.004">
    <error message="Invalid number of path parameters. Expected 2, was 0. Undefined path parameters are: OrganisationType, OrganisationId." type="java.lang.IllegalArgumentException">java.lang.IllegalArgumentException: Invalid number of path parameters. Expected 2, was 0. Undefined path parameters are: OrganisationType, OrganisationId.
	at com.laegler.openbanking.api.integration.OrganisationApiIntegrationTest.test_organisationOrganisationTypeOrganisationIdSoftwareStatementPost_406(OrganisationApiIntegrationTest.java:615)
</error>
    <system-out><![CDATA[Request method:	POST
Request URI:	http://localhost:8080/example-api/organisation/organisation/%7BOrganisationType%7D/%7BOrganisationId%7D/software-statement
Proxy:			<none>
Request params:	<none>
Query params:	<none>
Form params:	<none>
Path params:	<none>
Headers:		Accept=*/*
				Content-Type=application/json; charset=UTF-8
Cookies:		<none>
Multiparts:		<none>
Body:			<none>
]]></system-out>
  </testcase>
  <testcase name="test_organisationOrganisationTypeOrganisationIdSoftwareStatementPost_500" classname="com.laegler.openbanking.api.integration.OrganisationApiIntegrationTest" time="0.003">
    <error message="Invalid number of path parameters. Expected 2, was 0. Undefined path parameters are: OrganisationType, OrganisationId." type="java.lang.IllegalArgumentException">java.lang.IllegalArgumentException: Invalid number of path parameters. Expected 2, was 0. Undefined path parameters are: OrganisationType, OrganisationId.
	at com.laegler.openbanking.api.integration.OrganisationApiIntegrationTest.test_organisationOrganisationTypeOrganisationIdSoftwareStatementPost_500(OrganisationApiIntegrationTest.java:609)
</error>
    <system-out><![CDATA[Request method:	POST
Request URI:	http://localhost:8080/example-api/organisation/organisation/%7BOrganisationType%7D/%7BOrganisationId%7D/software-statement
Proxy:			<none>
Request params:	<none>
Query params:	<none>
Form params:	<none>
Path params:	<none>
Headers:		Accept=*/*
				Content-Type=application/json; charset=UTF-8
Cookies:		<none>
Multiparts:		<none>
Body:			<none>
]]></system-out>
  </testcase>
  <testcase name="test_organisationOrganisationTypeOrganisationIdSoftwareStatementPost_502" classname="com.laegler.openbanking.api.integration.OrganisationApiIntegrationTest" time="0.004">
    <error message="Invalid number of path parameters. Expected 2, was 0. Undefined path parameters are: OrganisationType, OrganisationId." type="java.lang.IllegalArgumentException">java.lang.IllegalArgumentException: Invalid number of path parameters. Expected 2, was 0. Undefined path parameters are: OrganisationType, OrganisationId.
	at com.laegler.openbanking.api.integration.OrganisationApiIntegrationTest.test_organisationOrganisationTypeOrganisationIdSoftwareStatementPost_502(OrganisationApiIntegrationTest.java:621)
</error>
    <system-out><![CDATA[Request method:	POST
Request URI:	http://localhost:8080/example-api/organisation/organisation/%7BOrganisationType%7D/%7BOrganisationId%7D/software-statement
Proxy:			<none>
Request params:	<none>
Query params:	<none>
Form params:	<none>
Path params:	<none>
Headers:		Accept=*/*
				Content-Type=application/json; charset=UTF-8
Cookies:		<none>
Multiparts:		<none>
Body:			<none>
]]></system-out>
  </testcase>
  <testcase name="test_organisationOrganisationTypeOrganisationIdSoftwareStatementSoftwareStatementIdSoftwareStatementAssertionGet_200" classname="com.laegler.openbanking.api.integration.OrganisationApiIntegrationTest" time="0.004">
    <error message="Invalid number of path parameters. Expected 3, was 0. Undefined path parameters are: OrganisationType, OrganisationId, SoftwareStatementId." type="java.lang.IllegalArgumentException">java.lang.IllegalArgumentException: Invalid number of path parameters. Expected 3, was 0. Undefined path parameters are: OrganisationType, OrganisationId, SoftwareStatementId.
	at com.laegler.openbanking.api.integration.OrganisationApiIntegrationTest.test_organisationOrganisationTypeOrganisationIdSoftwareStatementSoftwareStatementIdSoftwareStatementAssertionGet_200(OrganisationApiIntegrationTest.java:1023)
</error>
    <system-out><![CDATA[Request method:	GET
Request URI:	http://localhost:8080/example-api/organisation/organisation/%7BOrganisationType%7D/%7BOrganisationId%7D/software-statement/%7BSoftwareStatementId%7D/software-statement-assertion
Proxy:			<none>
Request params:	<none>
Query params:	<none>
Form params:	<none>
Path params:	<none>
Headers:		Accept=*/*
				Content-Type=application/json; charset=UTF-8
Cookies:		<none>
Multiparts:		<none>
Body:			<none>
]]></system-out>
  </testcase>
  <testcase name="test_organisationOrganisationTypeOrganisationIdSoftwareStatementSoftwareStatementIdSoftwareStatementAssertionGet_400" classname="com.laegler.openbanking.api.integration.OrganisationApiIntegrationTest" time="0.003">
    <error message="Invalid number of path parameters. Expected 3, was 0. Undefined path parameters are: OrganisationType, OrganisationId, SoftwareStatementId." type="java.lang.IllegalArgumentException">java.lang.IllegalArgumentException: Invalid number of path parameters. Expected 3, was 0. Undefined path parameters are: OrganisationType, OrganisationId, SoftwareStatementId.
	at com.laegler.openbanking.api.integration.OrganisationApiIntegrationTest.test_organisationOrganisationTypeOrganisationIdSoftwareStatementSoftwareStatementIdSoftwareStatementAssertionGet_400(OrganisationApiIntegrationTest.java:987)
</error>
    <system-out><![CDATA[Request method:	GET
Request URI:	http://localhost:8080/example-api/organisation/organisation/%7BOrganisationType%7D/%7BOrganisationId%7D/software-statement/%7BSoftwareStatementId%7D/software-statement-assertion
Proxy:			<none>
Request params:	<none>
Query params:	<none>
Form params:	<none>
Path params:	<none>
Headers:		Accept=*/*
				Content-Type=application/json; charset=UTF-8
Cookies:		<none>
Multiparts:		<none>
Body:			<none>
]]></system-out>
  </testcase>
  <testcase name="test_organisationOrganisationTypeOrganisationIdSoftwareStatementSoftwareStatementIdSoftwareStatementAssertionGet_401" classname="com.laegler.openbanking.api.integration.OrganisationApiIntegrationTest" time="0.004">
    <error message="Invalid number of path parameters. Expected 3, was 0. Undefined path parameters are: OrganisationType, OrganisationId, SoftwareStatementId." type="java.lang.IllegalArgumentException">java.lang.IllegalArgumentException: Invalid number of path parameters. Expected 3, was 0. Undefined path parameters are: OrganisationType, OrganisationId, SoftwareStatementId.
	at com.laegler.openbanking.api.integration.OrganisationApiIntegrationTest.test_organisationOrganisationTypeOrganisationIdSoftwareStatementSoftwareStatementIdSoftwareStatementAssertionGet_401(OrganisationApiIntegrationTest.java:993)
</error>
    <system-out><![CDATA[Request method:	GET
Request URI:	http://localhost:8080/example-api/organisation/organisation/%7BOrganisationType%7D/%7BOrganisationId%7D/software-statement/%7BSoftwareStatementId%7D/software-statement-assertion
Proxy:			<none>
Request params:	<none>
Query params:	<none>
Form params:	<none>
Path params:	<none>
Headers:		Accept=*/*
				Content-Type=application/json; charset=UTF-8
Cookies:		<none>
Multiparts:		<none>
Body:			<none>
]]></system-out>
  </testcase>
  <testcase name="test_organisationOrganisationTypeOrganisationIdSoftwareStatementSoftwareStatementIdSoftwareStatementAssertionGet_404" classname="com.laegler.openbanking.api.integration.OrganisationApiIntegrationTest" time="0.003">
    <error message="Invalid number of path parameters. Expected 3, was 0. Undefined path parameters are: OrganisationType, OrganisationId, SoftwareStatementId." type="java.lang.IllegalArgumentException">java.lang.IllegalArgumentException: Invalid number of path parameters. Expected 3, was 0. Undefined path parameters are: OrganisationType, OrganisationId, SoftwareStatementId.
	at com.laegler.openbanking.api.integration.OrganisationApiIntegrationTest.test_organisationOrganisationTypeOrganisationIdSoftwareStatementSoftwareStatementIdSoftwareStatementAssertionGet_404(OrganisationApiIntegrationTest.java:999)
</error>
    <system-out><![CDATA[Request method:	GET
Request URI:	http://localhost:8080/example-api/organisation/organisation/%7BOrganisationType%7D/%7BOrganisationId%7D/software-statement/%7BSoftwareStatementId%7D/software-statement-assertion
Proxy:			<none>
Request params:	<none>
Query params:	<none>
Form params:	<none>
Path params:	<none>
Headers:		Accept=*/*
				Content-Type=application/json; charset=UTF-8
Cookies:		<none>
Multiparts:		<none>
Body:			<none>
]]></system-out>
  </testcase>
  <testcase name="test_organisationOrganisationTypeOrganisationIdSoftwareStatementSoftwareStatementIdSoftwareStatementAssertionGet_406" classname="com.laegler.openbanking.api.integration.OrganisationApiIntegrationTest" time="0.003">
    <error message="Invalid number of path parameters. Expected 3, was 0. Undefined path parameters are: OrganisationType, OrganisationId, SoftwareStatementId." type="java.lang.IllegalArgumentException">java.lang.IllegalArgumentException: Invalid number of path parameters. Expected 3, was 0. Undefined path parameters are: OrganisationType, OrganisationId, SoftwareStatementId.
	at com.laegler.openbanking.api.integration.OrganisationApiIntegrationTest.test_organisationOrganisationTypeOrganisationIdSoftwareStatementSoftwareStatementIdSoftwareStatementAssertionGet_406(OrganisationApiIntegrationTest.java:1011)
</error>
    <system-out><![CDATA[Request method:	GET
Request URI:	http://localhost:8080/example-api/organisation/organisation/%7BOrganisationType%7D/%7BOrganisationId%7D/software-statement/%7BSoftwareStatementId%7D/software-statement-assertion
Proxy:			<none>
Request params:	<none>
Query params:	<none>
Form params:	<none>
Path params:	<none>
Headers:		Accept=*/*
				Content-Type=application/json; charset=UTF-8
Cookies:		<none>
Multiparts:		<none>
Body:			<none>
]]></system-out>
  </testcase>
  <testcase name="test_organisationOrganisationTypeOrganisationIdSoftwareStatementSoftwareStatementIdSoftwareStatementAssertionGet_500" classname="com.laegler.openbanking.api.integration.OrganisationApiIntegrationTest" time="0.004">
    <error message="Invalid number of path parameters. Expected 3, was 0. Undefined path parameters are: OrganisationType, OrganisationId, SoftwareStatementId." type="java.lang.IllegalArgumentException">java.lang.IllegalArgumentException: Invalid number of path parameters. Expected 3, was 0. Undefined path parameters are: OrganisationType, OrganisationId, SoftwareStatementId.
	at com.laegler.openbanking.api.integration.OrganisationApiIntegrationTest.test_organisationOrganisationTypeOrganisationIdSoftwareStatementSoftwareStatementIdSoftwareStatementAssertionGet_500(OrganisationApiIntegrationTest.java:1005)
</error>
    <system-out><![CDATA[Request method:	GET
Request URI:	http://localhost:8080/example-api/organisation/organisation/%7BOrganisationType%7D/%7BOrganisationId%7D/software-statement/%7BSoftwareStatementId%7D/software-statement-assertion
Proxy:			<none>
Request params:	<none>
Query params:	<none>
Form params:	<none>
Path params:	<none>
Headers:		Accept=*/*
				Content-Type=application/json; charset=UTF-8
Cookies:		<none>
Multiparts:		<none>
Body:			<none>
]]></system-out>
  </testcase>
  <testcase name="test_organisationOrganisationTypeOrganisationIdSoftwareStatementSoftwareStatementIdSoftwareStatementAssertionGet_502" classname="com.laegler.openbanking.api.integration.OrganisationApiIntegrationTest" time="0.003">
    <error message="Invalid number of path parameters. Expected 3, was 0. Undefined path parameters are: OrganisationType, OrganisationId, SoftwareStatementId." type="java.lang.IllegalArgumentException">java.lang.IllegalArgumentException: Invalid number of path parameters. Expected 3, was 0. Undefined path parameters are: OrganisationType, OrganisationId, SoftwareStatementId.
	at com.laegler.openbanking.api.integration.OrganisationApiIntegrationTest.test_organisationOrganisationTypeOrganisationIdSoftwareStatementSoftwareStatementIdSoftwareStatementAssertionGet_502(OrganisationApiIntegrationTest.java:1017)
</error>
    <system-out><![CDATA[Request method:	GET
Request URI:	http://localhost:8080/example-api/organisation/organisation/%7BOrganisationType%7D/%7BOrganisationId%7D/software-statement/%7BSoftwareStatementId%7D/software-statement-assertion
Proxy:			<none>
Request params:	<none>
Query params:	<none>
Form params:	<none>
Path params:	<none>
Headers:		Accept=*/*
				Content-Type=application/json; charset=UTF-8
Cookies:		<none>
Multiparts:		<none>
Body:			<none>
]]></system-out>
  </testcase>
  <testcase name="test_organisationOrganisationTypeOrganisationIdAuthorisationServerAuthorisationServerIdDelete_204" classname="com.laegler.openbanking.api.integration.OrganisationApiIntegrationTest" time="0.003">
    <error message="Invalid number of path parameters. Expected 3, was 0. Undefined path parameters are: OrganisationType, OrganisationId, AuthorisationServerId." type="java.lang.IllegalArgumentException">java.lang.IllegalArgumentException: Invalid number of path parameters. Expected 3, was 0. Undefined path parameters are: OrganisationType, OrganisationId, AuthorisationServerId.
	at com.laegler.openbanking.api.integration.OrganisationApiIntegrationTest.test_organisationOrganisationTypeOrganisationIdAuthorisationServerAuthorisationServerIdDelete_204(OrganisationApiIntegrationTest.java:87)
</error>
    <system-out><![CDATA[Request method:	DELETE
Request URI:	http://localhost:8080/example-api/organisation/organisation/%7BOrganisationType%7D/%7BOrganisationId%7D/authorisation-server/%7BAuthorisationServerId%7D
Proxy:			<none>
Request params:	<none>
Query params:	<none>
Form params:	<none>
Path params:	<none>
Headers:		Accept=*/*
				Content-Type=application/json; charset=UTF-8
Cookies:		<none>
Multiparts:		<none>
Body:			<none>
]]></system-out>
  </testcase>
  <testcase name="test_organisationOrganisationTypeOrganisationIdAuthorisationServerAuthorisationServerIdDelete_400" classname="com.laegler.openbanking.api.integration.OrganisationApiIntegrationTest" time="0.003">
    <error message="Invalid number of path parameters. Expected 3, was 0. Undefined path parameters are: OrganisationType, OrganisationId, AuthorisationServerId." type="java.lang.IllegalArgumentException">java.lang.IllegalArgumentException: Invalid number of path parameters. Expected 3, was 0. Undefined path parameters are: OrganisationType, OrganisationId, AuthorisationServerId.
	at com.laegler.openbanking.api.integration.OrganisationApiIntegrationTest.test_organisationOrganisationTypeOrganisationIdAuthorisationServerAuthorisationServerIdDelete_400(OrganisationApiIntegrationTest.java:51)
</error>
    <system-out><![CDATA[Request method:	DELETE
Request URI:	http://localhost:8080/example-api/organisation/organisation/%7BOrganisationType%7D/%7BOrganisationId%7D/authorisation-server/%7BAuthorisationServerId%7D
Proxy:			<none>
Request params:	<none>
Query params:	<none>
Form params:	<none>
Path params:	<none>
Headers:		Accept=*/*
				Content-Type=application/json; charset=UTF-8
Cookies:		<none>
Multiparts:		<none>
Body:			<none>
]]></system-out>
  </testcase>
  <testcase name="test_organisationOrganisationTypeOrganisationIdAuthorisationServerAuthorisationServerIdDelete_401" classname="com.laegler.openbanking.api.integration.OrganisationApiIntegrationTest" time="0.003">
    <error message="Invalid number of path parameters. Expected 3, was 0. Undefined path parameters are: OrganisationType, OrganisationId, AuthorisationServerId." type="java.lang.IllegalArgumentException">java.lang.IllegalArgumentException: Invalid number of path parameters. Expected 3, was 0. Undefined path parameters are: OrganisationType, OrganisationId, AuthorisationServerId.
	at com.laegler.openbanking.api.integration.OrganisationApiIntegrationTest.test_organisationOrganisationTypeOrganisationIdAuthorisationServerAuthorisationServerIdDelete_401(OrganisationApiIntegrationTest.java:57)
</error>
    <system-out><![CDATA[Request method:	DELETE
Request URI:	http://localhost:8080/example-api/organisation/organisation/%7BOrganisationType%7D/%7BOrganisationId%7D/authorisation-server/%7BAuthorisationServerId%7D
Proxy:			<none>
Request params:	<none>
Query params:	<none>
Form params:	<none>
Path params:	<none>
Headers:		Accept=*/*
				Content-Type=application/json; charset=UTF-8
Cookies:		<none>
Multiparts:		<none>
Body:			<none>
]]></system-out>
  </testcase>
  <testcase name="test_organisationOrganisationTypeOrganisationIdAuthorisationServerAuthorisationServerIdDelete_404" classname="com.laegler.openbanking.api.integration.OrganisationApiIntegrationTest" time="0.003">
    <error message="Invalid number of path parameters. Expected 3, was 0. Undefined path parameters are: OrganisationType, OrganisationId, AuthorisationServerId." type="java.lang.IllegalArgumentException">java.lang.IllegalArgumentException: Invalid number of path parameters. Expected 3, was 0. Undefined path parameters are: OrganisationType, OrganisationId, AuthorisationServerId.
	at com.laegler.openbanking.api.integration.OrganisationApiIntegrationTest.test_organisationOrganisationTypeOrganisationIdAuthorisationServerAuthorisationServerIdDelete_404(OrganisationApiIntegrationTest.java:63)
</error>
    <system-out><![CDATA[Request method:	DELETE
Request URI:	http://localhost:8080/example-api/organisation/organisation/%7BOrganisationType%7D/%7BOrganisationId%7D/authorisation-server/%7BAuthorisationServerId%7D
Proxy:			<none>
Request params:	<none>
Query params:	<none>
Form params:	<none>
Path params:	<none>
Headers:		Accept=*/*
				Content-Type=application/json; charset=UTF-8
Cookies:		<none>
Multiparts:		<none>
Body:			<none>
]]></system-out>
  </testcase>
  <testcase name="test_organisationOrganisationTypeOrganisationIdAuthorisationServerAuthorisationServerIdDelete_406" classname="com.laegler.openbanking.api.integration.OrganisationApiIntegrationTest" time="0.003">
    <error message="Invalid number of path parameters. Expected 3, was 0. Undefined path parameters are: OrganisationType, OrganisationId, AuthorisationServerId." type="java.lang.IllegalArgumentException">java.lang.IllegalArgumentException: Invalid number of path parameters. Expected 3, was 0. Undefined path parameters are: OrganisationType, OrganisationId, AuthorisationServerId.
	at com.laegler.openbanking.api.integration.OrganisationApiIntegrationTest.test_organisationOrganisationTypeOrganisationIdAuthorisationServerAuthorisationServerIdDelete_406(OrganisationApiIntegrationTest.java:75)
</error>
    <system-out><![CDATA[Request method:	DELETE
Request URI:	http://localhost:8080/example-api/organisation/organisation/%7BOrganisationType%7D/%7BOrganisationId%7D/authorisation-server/%7BAuthorisationServerId%7D
Proxy:			<none>
Request params:	<none>
Query params:	<none>
Form params:	<none>
Path params:	<none>
Headers:		Accept=*/*
				Content-Type=application/json; charset=UTF-8
Cookies:		<none>
Multiparts:		<none>
Body:			<none>
]]></system-out>
  </testcase>
  <testcase name="test_organisationOrganisationTypeOrganisationIdAuthorisationServerAuthorisationServerIdDelete_500" classname="com.laegler.openbanking.api.integration.OrganisationApiIntegrationTest" time="0.003">
    <error message="Invalid number of path parameters. Expected 3, was 0. Undefined path parameters are: OrganisationType, OrganisationId, AuthorisationServerId." type="java.lang.IllegalArgumentException">java.lang.IllegalArgumentException: Invalid number of path parameters. Expected 3, was 0. Undefined path parameters are: OrganisationType, OrganisationId, AuthorisationServerId.
	at com.laegler.openbanking.api.integration.OrganisationApiIntegrationTest.test_organisationOrganisationTypeOrganisationIdAuthorisationServerAuthorisationServerIdDelete_500(OrganisationApiIntegrationTest.java:69)
</error>
    <system-out><![CDATA[Request method:	DELETE
Request URI:	http://localhost:8080/example-api/organisation/organisation/%7BOrganisationType%7D/%7BOrganisationId%7D/authorisation-server/%7BAuthorisationServerId%7D
Proxy:			<none>
Request params:	<none>
Query params:	<none>
Form params:	<none>
Path params:	<none>
Headers:		Accept=*/*
				Content-Type=application/json; charset=UTF-8
Cookies:		<none>
Multiparts:		<none>
Body:			<none>
]]></system-out>
  </testcase>
  <testcase name="test_organisationOrganisationTypeOrganisationIdAuthorisationServerAuthorisationServerIdDelete_502" classname="com.laegler.openbanking.api.integration.OrganisationApiIntegrationTest" time="0.003">
    <error message="Invalid number of path parameters. Expected 3, was 0. Undefined path parameters are: OrganisationType, OrganisationId, AuthorisationServerId." type="java.lang.IllegalArgumentException">java.lang.IllegalArgumentException: Invalid number of path parameters. Expected 3, was 0. Undefined path parameters are: OrganisationType, OrganisationId, AuthorisationServerId.
	at com.laegler.openbanking.api.integration.OrganisationApiIntegrationTest.test_organisationOrganisationTypeOrganisationIdAuthorisationServerAuthorisationServerIdDelete_502(OrganisationApiIntegrationTest.java:81)
</error>
    <system-out><![CDATA[Request method:	DELETE
Request URI:	http://localhost:8080/example-api/organisation/organisation/%7BOrganisationType%7D/%7BOrganisationId%7D/authorisation-server/%7BAuthorisationServerId%7D
Proxy:			<none>
Request params:	<none>
Query params:	<none>
Form params:	<none>
Path params:	<none>
Headers:		Accept=*/*
				Content-Type=application/json; charset=UTF-8
Cookies:		<none>
Multiparts:		<none>
Body:			<none>
]]></system-out>
  </testcase>
  <testcase name="test_organisationOrganisationTypeOrganisationIdAuthorisationServerPost_201" classname="com.laegler.openbanking.api.integration.OrganisationApiIntegrationTest" time="0.004">
    <error message="Invalid number of path parameters. Expected 2, was 0. Undefined path parameters are: OrganisationType, OrganisationId." type="java.lang.IllegalArgumentException">java.lang.IllegalArgumentException: Invalid number of path parameters. Expected 2, was 0. Undefined path parameters are: OrganisationType, OrganisationId.
	at com.laegler.openbanking.api.integration.OrganisationApiIntegrationTest.test_organisationOrganisationTypeOrganisationIdAuthorisationServerPost_201(OrganisationApiIntegrationTest.java:255)
</error>
    <system-out><![CDATA[Request method:	POST
Request URI:	http://localhost:8080/example-api/organisation/organisation/%7BOrganisationType%7D/%7BOrganisationId%7D/authorisation-server
Proxy:			<none>
Request params:	<none>
Query params:	<none>
Form params:	<none>
Path params:	<none>
Headers:		Accept=*/*
				Content-Type=application/json; charset=UTF-8
Cookies:		<none>
Multiparts:		<none>
Body:			<none>
]]></system-out>
  </testcase>
  <testcase name="test_organisationOrganisationTypeOrganisationIdAuthorisationServerPost_400" classname="com.laegler.openbanking.api.integration.OrganisationApiIntegrationTest" time="0.003">
    <error message="Invalid number of path parameters. Expected 2, was 0. Undefined path parameters are: OrganisationType, OrganisationId." type="java.lang.IllegalArgumentException">java.lang.IllegalArgumentException: Invalid number of path parameters. Expected 2, was 0. Undefined path parameters are: OrganisationType, OrganisationId.
	at com.laegler.openbanking.api.integration.OrganisationApiIntegrationTest.test_organisationOrganisationTypeOrganisationIdAuthorisationServerPost_400(OrganisationApiIntegrationTest.java:219)
</error>
    <system-out><![CDATA[Request method:	POST
Request URI:	http://localhost:8080/example-api/organisation/organisation/%7BOrganisationType%7D/%7BOrganisationId%7D/authorisation-server
Proxy:			<none>
Request params:	<none>
Query params:	<none>
Form params:	<none>
Path params:	<none>
Headers:		Accept=*/*
				Content-Type=application/json; charset=UTF-8
Cookies:		<none>
Multiparts:		<none>
Body:			<none>
]]></system-out>
  </testcase>
  <testcase name="test_organisationOrganisationTypeOrganisationIdAuthorisationServerPost_401" classname="com.laegler.openbanking.api.integration.OrganisationApiIntegrationTest" time="0.003">
    <error message="Invalid number of path parameters. Expected 2, was 0. Undefined path parameters are: OrganisationType, OrganisationId." type="java.lang.IllegalArgumentException">java.lang.IllegalArgumentException: Invalid number of path parameters. Expected 2, was 0. Undefined path parameters are: OrganisationType, OrganisationId.
	at com.laegler.openbanking.api.integration.OrganisationApiIntegrationTest.test_organisationOrganisationTypeOrganisationIdAuthorisationServerPost_401(OrganisationApiIntegrationTest.java:225)
</error>
    <system-out><![CDATA[Request method:	POST
Request URI:	http://localhost:8080/example-api/organisation/organisation/%7BOrganisationType%7D/%7BOrganisationId%7D/authorisation-server
Proxy:			<none>
Request params:	<none>
Query params:	<none>
Form params:	<none>
Path params:	<none>
Headers:		Accept=*/*
				Content-Type=application/json; charset=UTF-8
Cookies:		<none>
Multiparts:		<none>
Body:			<none>
]]></system-out>
  </testcase>
  <testcase name="test_organisationOrganisationTypeOrganisationIdAuthorisationServerPost_404" classname="com.laegler.openbanking.api.integration.OrganisationApiIntegrationTest" time="0.003">
    <error message="Invalid number of path parameters. Expected 2, was 0. Undefined path parameters are: OrganisationType, OrganisationId." type="java.lang.IllegalArgumentException">java.lang.IllegalArgumentException: Invalid number of path parameters. Expected 2, was 0. Undefined path parameters are: OrganisationType, OrganisationId.
	at com.laegler.openbanking.api.integration.OrganisationApiIntegrationTest.test_organisationOrganisationTypeOrganisationIdAuthorisationServerPost_404(OrganisationApiIntegrationTest.java:231)
</error>
    <system-out><![CDATA[Request method:	POST
Request URI:	http://localhost:8080/example-api/organisation/organisation/%7BOrganisationType%7D/%7BOrganisationId%7D/authorisation-server
Proxy:			<none>
Request params:	<none>
Query params:	<none>
Form params:	<none>
Path params:	<none>
Headers:		Accept=*/*
				Content-Type=application/json; charset=UTF-8
Cookies:		<none>
Multiparts:		<none>
Body:			<none>
]]></system-out>
  </testcase>
  <testcase name="test_organisationOrganisationTypeOrganisationIdAuthorisationServerPost_406" classname="com.laegler.openbanking.api.integration.OrganisationApiIntegrationTest" time="0.003">
    <error message="Invalid number of path parameters. Expected 2, was 0. Undefined path parameters are: OrganisationType, OrganisationId." type="java.lang.IllegalArgumentException">java.lang.IllegalArgumentException: Invalid number of path parameters. Expected 2, was 0. Undefined path parameters are: OrganisationType, OrganisationId.
	at com.laegler.openbanking.api.integration.OrganisationApiIntegrationTest.test_organisationOrganisationTypeOrganisationIdAuthorisationServerPost_406(OrganisationApiIntegrationTest.java:243)
</error>
    <system-out><![CDATA[Request method:	POST
Request URI:	http://localhost:8080/example-api/organisation/organisation/%7BOrganisationType%7D/%7BOrganisationId%7D/authorisation-server
Proxy:			<none>
Request params:	<none>
Query params:	<none>
Form params:	<none>
Path params:	<none>
Headers:		Accept=*/*
				Content-Type=application/json; charset=UTF-8
Cookies:		<none>
Multiparts:		<none>
Body:			<none>
]]></system-out>
  </testcase>
  <testcase name="test_organisationOrganisationTypeOrganisationIdAuthorisationServerPost_500" classname="com.laegler.openbanking.api.integration.OrganisationApiIntegrationTest" time="0.002">
    <error message="Invalid number of path parameters. Expected 2, was 0. Undefined path parameters are: OrganisationType, OrganisationId." type="java.lang.IllegalArgumentException">java.lang.IllegalArgumentException: Invalid number of path parameters. Expected 2, was 0. Undefined path parameters are: OrganisationType, OrganisationId.
	at com.laegler.openbanking.api.integration.OrganisationApiIntegrationTest.test_organisationOrganisationTypeOrganisationIdAuthorisationServerPost_500(OrganisationApiIntegrationTest.java:237)
</error>
    <system-out><![CDATA[Request method:	POST
Request URI:	http://localhost:8080/example-api/organisation/organisation/%7BOrganisationType%7D/%7BOrganisationId%7D/authorisation-server
Proxy:			<none>
Request params:	<none>
Query params:	<none>
Form params:	<none>
Path params:	<none>
Headers:		Accept=*/*
				Content-Type=application/json; charset=UTF-8
Cookies:		<none>
Multiparts:		<none>
Body:			<none>
]]></system-out>
  </testcase>
  <testcase name="test_organisationOrganisationTypeOrganisationIdAuthorisationServerPost_502" classname="com.laegler.openbanking.api.integration.OrganisationApiIntegrationTest" time="0.003">
    <error message="Invalid number of path parameters. Expected 2, was 0. Undefined path parameters are: OrganisationType, OrganisationId." type="java.lang.IllegalArgumentException">java.lang.IllegalArgumentException: Invalid number of path parameters. Expected 2, was 0. Undefined path parameters are: OrganisationType, OrganisationId.
	at com.laegler.openbanking.api.integration.OrganisationApiIntegrationTest.test_organisationOrganisationTypeOrganisationIdAuthorisationServerPost_502(OrganisationApiIntegrationTest.java:249)
</error>
    <system-out><![CDATA[Request method:	POST
Request URI:	http://localhost:8080/example-api/organisation/organisation/%7BOrganisationType%7D/%7BOrganisationId%7D/authorisation-server
Proxy:			<none>
Request params:	<none>
Query params:	<none>
Form params:	<none>
Path params:	<none>
Headers:		Accept=*/*
				Content-Type=application/json; charset=UTF-8
Cookies:		<none>
Multiparts:		<none>
Body:			<none>
]]></system-out>
  </testcase>
  <testcase name="test_organisationOrganisationTypeOrganisationIdSoftwareStatementSoftwareStatementIdPut_200" classname="com.laegler.openbanking.api.integration.OrganisationApiIntegrationTest" time="0.003">
    <error message="Invalid number of path parameters. Expected 3, was 0. Undefined path parameters are: OrganisationType, OrganisationId, SoftwareStatementId." type="java.lang.IllegalArgumentException">java.lang.IllegalArgumentException: Invalid number of path parameters. Expected 3, was 0. Undefined path parameters are: OrganisationType, OrganisationId, SoftwareStatementId.
	at com.laegler.openbanking.api.integration.OrganisationApiIntegrationTest.test_organisationOrganisationTypeOrganisationIdSoftwareStatementSoftwareStatementIdPut_200(OrganisationApiIntegrationTest.java:933)
</error>
    <system-out><![CDATA[Request method:	PUT
Request URI:	http://localhost:8080/example-api/organisation/organisation/%7BOrganisationType%7D/%7BOrganisationId%7D/software-statement/%7BSoftwareStatementId%7D
Proxy:			<none>
Request params:	<none>
Query params:	<none>
Form params:	<none>
Path params:	<none>
Headers:		Accept=*/*
				Content-Type=application/json; charset=UTF-8
Cookies:		<none>
Multiparts:		<none>
Body:			<none>
]]></system-out>
  </testcase>
  <testcase name="test_organisationOrganisationTypeOrganisationIdSoftwareStatementSoftwareStatementIdPut_400" classname="com.laegler.openbanking.api.integration.OrganisationApiIntegrationTest" time="0.003">
    <error message="Invalid number of path parameters. Expected 3, was 0. Undefined path parameters are: OrganisationType, OrganisationId, SoftwareStatementId." type="java.lang.IllegalArgumentException">java.lang.IllegalArgumentException: Invalid number of path parameters. Expected 3, was 0. Undefined path parameters are: OrganisationType, OrganisationId, SoftwareStatementId.
	at com.laegler.openbanking.api.integration.OrganisationApiIntegrationTest.test_organisationOrganisationTypeOrganisationIdSoftwareStatementSoftwareStatementIdPut_400(OrganisationApiIntegrationTest.java:897)
</error>
    <system-out><![CDATA[Request method:	PUT
Request URI:	http://localhost:8080/example-api/organisation/organisation/%7BOrganisationType%7D/%7BOrganisationId%7D/software-statement/%7BSoftwareStatementId%7D
Proxy:			<none>
Request params:	<none>
Query params:	<none>
Form params:	<none>
Path params:	<none>
Headers:		Accept=*/*
				Content-Type=application/json; charset=UTF-8
Cookies:		<none>
Multiparts:		<none>
Body:			<none>
]]></system-out>
  </testcase>
  <testcase name="test_organisationOrganisationTypeOrganisationIdSoftwareStatementSoftwareStatementIdPut_401" classname="com.laegler.openbanking.api.integration.OrganisationApiIntegrationTest" time="0.002">
    <error message="Invalid number of path parameters. Expected 3, was 0. Undefined path parameters are: OrganisationType, OrganisationId, SoftwareStatementId." type="java.lang.IllegalArgumentException">java.lang.IllegalArgumentException: Invalid number of path parameters. Expected 3, was 0. Undefined path parameters are: OrganisationType, OrganisationId, SoftwareStatementId.
	at com.laegler.openbanking.api.integration.OrganisationApiIntegrationTest.test_organisationOrganisationTypeOrganisationIdSoftwareStatementSoftwareStatementIdPut_401(OrganisationApiIntegrationTest.java:903)
</error>
    <system-out><![CDATA[Request method:	PUT
Request URI:	http://localhost:8080/example-api/organisation/organisation/%7BOrganisationType%7D/%7BOrganisationId%7D/software-statement/%7BSoftwareStatementId%7D
Proxy:			<none>
Request params:	<none>
Query params:	<none>
Form params:	<none>
Path params:	<none>
Headers:		Accept=*/*
				Content-Type=application/json; charset=UTF-8
Cookies:		<none>
Multiparts:		<none>
Body:			<none>
]]></system-out>
  </testcase>
  <testcase name="test_organisationOrganisationTypeOrganisationIdSoftwareStatementSoftwareStatementIdPut_404" classname="com.laegler.openbanking.api.integration.OrganisationApiIntegrationTest" time="0.003">
    <error message="Invalid number of path parameters. Expected 3, was 0. Undefined path parameters are: OrganisationType, OrganisationId, SoftwareStatementId." type="java.lang.IllegalArgumentException">java.lang.IllegalArgumentException: Invalid number of path parameters. Expected 3, was 0. Undefined path parameters are: OrganisationType, OrganisationId, SoftwareStatementId.
	at com.laegler.openbanking.api.integration.OrganisationApiIntegrationTest.test_organisationOrganisationTypeOrganisationIdSoftwareStatementSoftwareStatementIdPut_404(OrganisationApiIntegrationTest.java:909)
</error>
    <system-out><![CDATA[Request method:	PUT
Request URI:	http://localhost:8080/example-api/organisation/organisation/%7BOrganisationType%7D/%7BOrganisationId%7D/software-statement/%7BSoftwareStatementId%7D
Proxy:			<none>
Request params:	<none>
Query params:	<none>
Form params:	<none>
Path params:	<none>
Headers:		Accept=*/*
				Content-Type=application/json; charset=UTF-8
Cookies:		<none>
Multiparts:		<none>
Body:			<none>
]]></system-out>
  </testcase>
  <testcase name="test_organisationOrganisationTypeOrganisationIdSoftwareStatementSoftwareStatementIdPut_406" classname="com.laegler.openbanking.api.integration.OrganisationApiIntegrationTest" time="0.003">
    <error message="Invalid number of path parameters. Expected 3, was 0. Undefined path parameters are: OrganisationType, OrganisationId, SoftwareStatementId." type="java.lang.IllegalArgumentException">java.lang.IllegalArgumentException: Invalid number of path parameters. Expected 3, was 0. Undefined path parameters are: OrganisationType, OrganisationId, SoftwareStatementId.
	at com.laegler.openbanking.api.integration.OrganisationApiIntegrationTest.test_organisationOrganisationTypeOrganisationIdSoftwareStatementSoftwareStatementIdPut_406(OrganisationApiIntegrationTest.java:921)
</error>
    <system-out><![CDATA[Request method:	PUT
Request URI:	http://localhost:8080/example-api/organisation/organisation/%7BOrganisationType%7D/%7BOrganisationId%7D/software-statement/%7BSoftwareStatementId%7D
Proxy:			<none>
Request params:	<none>
Query params:	<none>
Form params:	<none>
Path params:	<none>
Headers:		Accept=*/*
				Content-Type=application/json; charset=UTF-8
Cookies:		<none>
Multiparts:		<none>
Body:			<none>
]]></system-out>
  </testcase>
  <testcase name="test_organisationOrganisationTypeOrganisationIdSoftwareStatementSoftwareStatementIdPut_500" classname="com.laegler.openbanking.api.integration.OrganisationApiIntegrationTest" time="0.002">
    <error message="Invalid number of path parameters. Expected 3, was 0. Undefined path parameters are: OrganisationType, OrganisationId, SoftwareStatementId." type="java.lang.IllegalArgumentException">java.lang.IllegalArgumentException: Invalid number of path parameters. Expected 3, was 0. Undefined path parameters are: OrganisationType, OrganisationId, SoftwareStatementId.
	at com.laegler.openbanking.api.integration.OrganisationApiIntegrationTest.test_organisationOrganisationTypeOrganisationIdSoftwareStatementSoftwareStatementIdPut_500(OrganisationApiIntegrationTest.java:915)
</error>
    <system-out><![CDATA[Request method:	PUT
Request URI:	http://localhost:8080/example-api/organisation/organisation/%7BOrganisationType%7D/%7BOrganisationId%7D/software-statement/%7BSoftwareStatementId%7D
Proxy:			<none>
Request params:	<none>
Query params:	<none>
Form params:	<none>
Path params:	<none>
Headers:		Accept=*/*
				Content-Type=application/json; charset=UTF-8
Cookies:		<none>
Multiparts:		<none>
Body:			<none>
]]></system-out>
  </testcase>
  <testcase name="test_organisationOrganisationTypeOrganisationIdSoftwareStatementSoftwareStatementIdPut_502" classname="com.laegler.openbanking.api.integration.OrganisationApiIntegrationTest" time="0.002">
    <error message="Invalid number of path parameters. Expected 3, was 0. Undefined path parameters are: OrganisationType, OrganisationId, SoftwareStatementId." type="java.lang.IllegalArgumentException">java.lang.IllegalArgumentException: Invalid number of path parameters. Expected 3, was 0. Undefined path parameters are: OrganisationType, OrganisationId, SoftwareStatementId.
	at com.laegler.openbanking.api.integration.OrganisationApiIntegrationTest.test_organisationOrganisationTypeOrganisationIdSoftwareStatementSoftwareStatementIdPut_502(OrganisationApiIntegrationTest.java:927)
</error>
    <system-out><![CDATA[Request method:	PUT
Request URI:	http://localhost:8080/example-api/organisation/organisation/%7BOrganisationType%7D/%7BOrganisationId%7D/software-statement/%7BSoftwareStatementId%7D
Proxy:			<none>
Request params:	<none>
Query params:	<none>
Form params:	<none>
Path params:	<none>
Headers:		Accept=*/*
				Content-Type=application/json; charset=UTF-8
Cookies:		<none>
Multiparts:		<none>
Body:			<none>
]]></system-out>
  </testcase>
  <testcase name="test_organisationOrganisationTypeOrganisationIdSoftwareStatementSoftwareStatementIdGet_200" classname="com.laegler.openbanking.api.integration.OrganisationApiIntegrationTest" time="0.003">
    <error message="Invalid number of path parameters. Expected 3, was 0. Undefined path parameters are: OrganisationType, OrganisationId, SoftwareStatementId." type="java.lang.IllegalArgumentException">java.lang.IllegalArgumentException: Invalid number of path parameters. Expected 3, was 0. Undefined path parameters are: OrganisationType, OrganisationId, SoftwareStatementId.
	at com.laegler.openbanking.api.integration.OrganisationApiIntegrationTest.test_organisationOrganisationTypeOrganisationIdSoftwareStatementSoftwareStatementIdGet_200(OrganisationApiIntegrationTest.java:891)
</error>
    <system-out><![CDATA[Request method:	GET
Request URI:	http://localhost:8080/example-api/organisation/organisation/%7BOrganisationType%7D/%7BOrganisationId%7D/software-statement/%7BSoftwareStatementId%7D
Proxy:			<none>
Request params:	<none>
Query params:	<none>
Form params:	<none>
Path params:	<none>
Headers:		Accept=*/*
				Content-Type=application/json; charset=UTF-8
Cookies:		<none>
Multiparts:		<none>
Body:			<none>
]]></system-out>
  </testcase>
  <testcase name="test_organisationOrganisationTypeOrganisationIdSoftwareStatementSoftwareStatementIdGet_400" classname="com.laegler.openbanking.api.integration.OrganisationApiIntegrationTest" time="0.003">
    <error message="Invalid number of path parameters. Expected 3, was 0. Undefined path parameters are: OrganisationType, OrganisationId, SoftwareStatementId." type="java.lang.IllegalArgumentException">java.lang.IllegalArgumentException: Invalid number of path parameters. Expected 3, was 0. Undefined path parameters are: OrganisationType, OrganisationId, SoftwareStatementId.
	at com.laegler.openbanking.api.integration.OrganisationApiIntegrationTest.test_organisationOrganisationTypeOrganisationIdSoftwareStatementSoftwareStatementIdGet_400(OrganisationApiIntegrationTest.java:855)
</error>
    <system-out><![CDATA[Request method:	GET
Request URI:	http://localhost:8080/example-api/organisation/organisation/%7BOrganisationType%7D/%7BOrganisationId%7D/software-statement/%7BSoftwareStatementId%7D
Proxy:			<none>
Request params:	<none>
Query params:	<none>
Form params:	<none>
Path params:	<none>
Headers:		Accept=*/*
				Content-Type=application/json; charset=UTF-8
Cookies:		<none>
Multiparts:		<none>
Body:			<none>
]]></system-out>
  </testcase>
  <testcase name="test_organisationOrganisationTypeOrganisationIdSoftwareStatementSoftwareStatementIdGet_401" classname="com.laegler.openbanking.api.integration.OrganisationApiIntegrationTest" time="0.003">
    <error message="Invalid number of path parameters. Expected 3, was 0. Undefined path parameters are: OrganisationType, OrganisationId, SoftwareStatementId." type="java.lang.IllegalArgumentException">java.lang.IllegalArgumentException: Invalid number of path parameters. Expected 3, was 0. Undefined path parameters are: OrganisationType, OrganisationId, SoftwareStatementId.
	at com.laegler.openbanking.api.integration.OrganisationApiIntegrationTest.test_organisationOrganisationTypeOrganisationIdSoftwareStatementSoftwareStatementIdGet_401(OrganisationApiIntegrationTest.java:861)
</error>
    <system-out><![CDATA[Request method:	GET
Request URI:	http://localhost:8080/example-api/organisation/organisation/%7BOrganisationType%7D/%7BOrganisationId%7D/software-statement/%7BSoftwareStatementId%7D
Proxy:			<none>
Request params:	<none>
Query params:	<none>
Form params:	<none>
Path params:	<none>
Headers:		Accept=*/*
				Content-Type=application/json; charset=UTF-8
Cookies:		<none>
Multiparts:		<none>
Body:			<none>
]]></system-out>
  </testcase>
  <testcase name="test_organisationOrganisationTypeOrganisationIdSoftwareStatementSoftwareStatementIdGet_404" classname="com.laegler.openbanking.api.integration.OrganisationApiIntegrationTest" time="0.003">
    <error message="Invalid number of path parameters. Expected 3, was 0. Undefined path parameters are: OrganisationType, OrganisationId, SoftwareStatementId." type="java.lang.IllegalArgumentException">java.lang.IllegalArgumentException: Invalid number of path parameters. Expected 3, was 0. Undefined path parameters are: OrganisationType, OrganisationId, SoftwareStatementId.
	at com.laegler.openbanking.api.integration.OrganisationApiIntegrationTest.test_organisationOrganisationTypeOrganisationIdSoftwareStatementSoftwareStatementIdGet_404(OrganisationApiIntegrationTest.java:867)
</error>
    <system-out><![CDATA[Request method:	GET
Request URI:	http://localhost:8080/example-api/organisation/organisation/%7BOrganisationType%7D/%7BOrganisationId%7D/software-statement/%7BSoftwareStatementId%7D
Proxy:			<none>
Request params:	<none>
Query params:	<none>
Form params:	<none>
Path params:	<none>
Headers:		Accept=*/*
				Content-Type=application/json; charset=UTF-8
Cookies:		<none>
Multiparts:		<none>
Body:			<none>
]]></system-out>
  </testcase>
  <testcase name="test_organisationOrganisationTypeOrganisationIdSoftwareStatementSoftwareStatementIdGet_406" classname="com.laegler.openbanking.api.integration.OrganisationApiIntegrationTest" time="0.002">
    <error message="Invalid number of path parameters. Expected 3, was 0. Undefined path parameters are: OrganisationType, OrganisationId, SoftwareStatementId." type="java.lang.IllegalArgumentException">java.lang.IllegalArgumentException: Invalid number of path parameters. Expected 3, was 0. Undefined path parameters are: OrganisationType, OrganisationId, SoftwareStatementId.
	at com.laegler.openbanking.api.integration.OrganisationApiIntegrationTest.test_organisationOrganisationTypeOrganisationIdSoftwareStatementSoftwareStatementIdGet_406(OrganisationApiIntegrationTest.java:879)
</error>
    <system-out><![CDATA[Request method:	GET
Request URI:	http://localhost:8080/example-api/organisation/organisation/%7BOrganisationType%7D/%7BOrganisationId%7D/software-statement/%7BSoftwareStatementId%7D
Proxy:			<none>
Request params:	<none>
Query params:	<none>
Form params:	<none>
Path params:	<none>
Headers:		Accept=*/*
				Content-Type=application/json; charset=UTF-8
Cookies:		<none>
Multiparts:		<none>
Body:			<none>
]]></system-out>
  </testcase>
  <testcase name="test_organisationOrganisationTypeOrganisationIdSoftwareStatementSoftwareStatementIdGet_500" classname="com.laegler.openbanking.api.integration.OrganisationApiIntegrationTest" time="0.003">
    <error message="Invalid number of path parameters. Expected 3, was 0. Undefined path parameters are: OrganisationType, OrganisationId, SoftwareStatementId." type="java.lang.IllegalArgumentException">java.lang.IllegalArgumentException: Invalid number of path parameters. Expected 3, was 0. Undefined path parameters are: OrganisationType, OrganisationId, SoftwareStatementId.
	at com.laegler.openbanking.api.integration.OrganisationApiIntegrationTest.test_organisationOrganisationTypeOrganisationIdSoftwareStatementSoftwareStatementIdGet_500(OrganisationApiIntegrationTest.java:873)
</error>
    <system-out><![CDATA[Request method:	GET
Request URI:	http://localhost:8080/example-api/organisation/organisation/%7BOrganisationType%7D/%7BOrganisationId%7D/software-statement/%7BSoftwareStatementId%7D
Proxy:			<none>
Request params:	<none>
Query params:	<none>
Form params:	<none>
Path params:	<none>
Headers:		Accept=*/*
				Content-Type=application/json; charset=UTF-8
Cookies:		<none>
Multiparts:		<none>
Body:			<none>
]]></system-out>
  </testcase>
  <testcase name="test_organisationOrganisationTypeOrganisationIdSoftwareStatementSoftwareStatementIdGet_502" classname="com.laegler.openbanking.api.integration.OrganisationApiIntegrationTest" time="0.002">
    <error message="Invalid number of path parameters. Expected 3, was 0. Undefined path parameters are: OrganisationType, OrganisationId, SoftwareStatementId." type="java.lang.IllegalArgumentException">java.lang.IllegalArgumentException: Invalid number of path parameters. Expected 3, was 0. Undefined path parameters are: OrganisationType, OrganisationId, SoftwareStatementId.
	at com.laegler.openbanking.api.integration.OrganisationApiIntegrationTest.test_organisationOrganisationTypeOrganisationIdSoftwareStatementSoftwareStatementIdGet_502(OrganisationApiIntegrationTest.java:885)
</error>
[...]
    <error message="Invalid number of path parameters. Expected 2, was 0. Undefined path parameters are: OrganisationType, OrganisationId." type="java.lang.IllegalArgumentException">java.lang.IllegalArgumentException: Invalid number of path parameters. Expected 2, was 0. Undefined path parameters are: OrganisationType, OrganisationId.
	at com.laegler.openbanking.api.integration.OrganisationApiIntegrationTest.test_organisationOrganisationTypeOrganisationIdSoftwareStatementGet_500(OrganisationApiIntegrationTest.java:573)
</error>
    <system-out><![CDATA[Request method:	GET
Request URI:	http://localhost:8080/example-api/organisation/organisation/%7BOrganisationType%7D/%7BOrganisationId%7D/software-statement
Proxy:			<none>
Request params:	<none>
Query params:	<none>
Form params:	<none>
Path params:	<none>
Headers:		Accept=*/*
				Content-Type=application/json; charset=UTF-8
Cookies:		<none>
Multiparts:		<none>
Body:			<none>
]]></system-out>
  </testcase>
  <testcase name="test_organisationOrganisationTypeOrganisationIdSoftwareStatementGet_502" classname="com.laegler.openbanking.api.integration.OrganisationApiIntegrationTest" time="0.002">
    <error message="Invalid number of path parameters. Expected 2, was 0. Undefined path parameters are: OrganisationType, OrganisationId." type="java.lang.IllegalArgumentException">java.lang.IllegalArgumentException: Invalid number of path parameters. Expected 2, was 0. Undefined path parameters are: OrganisationType, OrganisationId.
	at com.laegler.openbanking.api.integration.OrganisationApiIntegrationTest.test_organisationOrganisationTypeOrganisationIdSoftwareStatementGet_502(OrganisationApiIntegrationTest.java:585)
</error>
    <system-out><![CDATA[Request method:	GET
Request URI:	http://localhost:8080/example-api/organisation/organisation/%7BOrganisationType%7D/%7BOrganisationId%7D/software-statement
Proxy:			<none>
Request params:	<none>
Query params:	<none>
Form params:	<none>
Path params:	<none>
Headers:		Accept=*/*
				Content-Type=application/json; charset=UTF-8
Cookies:		<none>
Multiparts:		<none>
Body:			<none>
]]></system-out>
  </testcase>
  <testcase name="test_organisationOrganisationTypeOrganisationIdSoftwareStatementSoftwareStatementIdCertificateGet_200" classname="com.laegler.openbanking.api.integration.OrganisationApiIntegrationTest" time="0.001">
    <error message="Invalid number of path parameters. Expected 3, was 0. Undefined path parameters are: OrganisationType, OrganisationId, SoftwareStatementId." type="java.lang.IllegalArgumentException">java.lang.IllegalArgumentException: Invalid number of path parameters. Expected 3, was 0. Undefined path parameters are: OrganisationType, OrganisationId, SoftwareStatementId.
	at com.laegler.openbanking.api.integration.OrganisationApiIntegrationTest.test_organisationOrganisationTypeOrganisationIdSoftwareStatementSoftwareStatementIdCertificateGet_200(OrganisationApiIntegrationTest.java:669)
</error>
    <system-out><![CDATA[Request method:	GET
Request URI:	http://localhost:8080/example-api/organisation/organisation/%7BOrganisationType%7D/%7BOrganisationId%7D/software-statement/%7BSoftwareStatementId%7D/certificate
Proxy:			<none>
Request params:	<none>
Query params:	<none>
Form params:	<none>
Path params:	<none>
Headers:		Accept=*/*
				Content-Type=application/json; charset=UTF-8
Cookies:		<none>
Multiparts:		<none>
Body:			<none>
]]></system-out>
  </testcase>
  <testcase name="test_organisationOrganisationTypeOrganisationIdSoftwareStatementSoftwareStatementIdCertificateGet_400" classname="com.laegler.openbanking.api.integration.OrganisationApiIntegrationTest" time="0.001">
    <error message="Invalid number of path parameters. Expected 3, was 0. Undefined path parameters are: OrganisationType, OrganisationId, SoftwareStatementId." type="java.lang.IllegalArgumentException">java.lang.IllegalArgumentException: Invalid number of path parameters. Expected 3, was 0. Undefined path parameters are: OrganisationType, OrganisationId, SoftwareStatementId.
	at com.laegler.openbanking.api.integration.OrganisationApiIntegrationTest.test_organisationOrganisationTypeOrganisationIdSoftwareStatementSoftwareStatementIdCertificateGet_400(OrganisationApiIntegrationTest.java:633)
</error>
    <system-out><![CDATA[Request method:	GET
Request URI:	http://localhost:8080/example-api/organisation/organisation/%7BOrganisationType%7D/%7BOrganisationId%7D/software-statement/%7BSoftwareStatementId%7D/certificate
Proxy:			<none>
Request params:	<none>
Query params:	<none>
Form params:	<none>
Path params:	<none>
Headers:		Accept=*/*
				Content-Type=application/json; charset=UTF-8
Cookies:		<none>
Multiparts:		<none>
Body:			<none>
]]></system-out>
  </testcase>
  <testcase name="test_organisationOrganisationTypeOrganisationIdSoftwareStatementSoftwareStatementIdCertificateGet_401" classname="com.laegler.openbanking.api.integration.OrganisationApiIntegrationTest" time="0.002">
    <error message="Invalid number of path parameters. Expected 3, was 0. Undefined path parameters are: OrganisationType, OrganisationId, SoftwareStatementId." type="java.lang.IllegalArgumentException">java.lang.IllegalArgumentException: Invalid number of path parameters. Expected 3, was 0. Undefined path parameters are: OrganisationType, OrganisationId, SoftwareStatementId.
	at com.laegler.openbanking.api.integration.OrganisationApiIntegrationTest.test_organisationOrganisationTypeOrganisationIdSoftwareStatementSoftwareStatementIdCertificateGet_401(OrganisationApiIntegrationTest.java:639)
</error>
    <system-out><![CDATA[Request method:	GET
Request URI:	http://localhost:8080/example-api/organisation/organisation/%7BOrganisationType%7D/%7BOrganisationId%7D/software-statement/%7BSoftwareStatementId%7D/certificate
Proxy:			<none>
Request params:	<none>
Query params:	<none>
Form params:	<none>
Path params:	<none>
Headers:		Accept=*/*
				Content-Type=application/json; charset=UTF-8
Cookies:		<none>
Multiparts:		<none>
Body:			<none>
]]></system-out>
  </testcase>
  <testcase name="test_organisationOrganisationTypeOrganisationIdSoftwareStatementSoftwareStatementIdCertificateGet_404" classname="com.laegler.openbanking.api.integration.OrganisationApiIntegrationTest" time="0.001">
    <error message="Invalid number of path parameters. Expected 3, was 0. Undefined path parameters are: OrganisationType, OrganisationId, SoftwareStatementId." type="java.lang.IllegalArgumentException">java.lang.IllegalArgumentException: Invalid number of path parameters. Expected 3, was 0. Undefined path parameters are: OrganisationType, OrganisationId, SoftwareStatementId.
	at com.laegler.openbanking.api.integration.OrganisationApiIntegrationTest.test_organisationOrganisationTypeOrganisationIdSoftwareStatementSoftwareStatementIdCertificateGet_404(OrganisationApiIntegrationTest.java:645)
</error>
    <system-out><![CDATA[Request method:	GET
Request URI:	http://localhost:8080/example-api/organisation/organisation/%7BOrganisationType%7D/%7BOrganisationId%7D/software-statement/%7BSoftwareStatementId%7D/certificate
Proxy:			<none>
Request params:	<none>
Query params:	<none>
Form params:	<none>
Path params:	<none>
Headers:		Accept=*/*
				Content-Type=application/json; charset=UTF-8
Cookies:		<none>
Multiparts:		<none>
Body:			<none>
]]></system-out>
  </testcase>
  <testcase name="test_organisationOrganisationTypeOrganisationIdSoftwareStatementSoftwareStatementIdCertificateGet_406" classname="com.laegler.openbanking.api.integration.OrganisationApiIntegrationTest" time="0.003">
    <error message="Invalid number of path parameters. Expected 3, was 0. Undefined path parameters are: OrganisationType, OrganisationId, SoftwareStatementId." type="java.lang.IllegalArgumentException">java.lang.IllegalArgumentException: Invalid number of path parameters. Expected 3, was 0. Undefined path parameters are: OrganisationType, OrganisationId, SoftwareStatementId.
	at com.laegler.openbanking.api.integration.OrganisationApiIntegrationTest.test_organisationOrganisationTypeOrganisationIdSoftwareStatementSoftwareStatementIdCertificateGet_406(OrganisationApiIntegrationTest.java:657)
</error>
    <system-out><![CDATA[Request method:	GET
Request URI:	http://localhost:8080/example-api/organisation/organisation/%7BOrganisationType%7D/%7BOrganisationId%7D/software-statement/%7BSoftwareStatementId%7D/certificate
Proxy:			<none>
Request params:	<none>
Query params:	<none>
Form params:	<none>
Path params:	<none>
Headers:		Accept=*/*
				Content-Type=application/json; charset=UTF-8
Cookies:		<none>
Multiparts:		<none>
Body:			<none>
]]></system-out>
  </testcase>
  <testcase name="test_organisationOrganisationTypeOrganisationIdSoftwareStatementSoftwareStatementIdCertificateGet_500" classname="com.laegler.openbanking.api.integration.OrganisationApiIntegrationTest" time="0.002">
    <error message="Invalid number of path parameters. Expected 3, was 0. Undefined path parameters are: OrganisationType, OrganisationId, SoftwareStatementId." type="java.lang.IllegalArgumentException">java.lang.IllegalArgumentException: Invalid number of path parameters. Expected 3, was 0. Undefined path parameters are: OrganisationType, OrganisationId, SoftwareStatementId.
	at com.laegler.openbanking.api.integration.OrganisationApiIntegrationTest.test_organisationOrganisationTypeOrganisationIdSoftwareStatementSoftwareStatementIdCertificateGet_500(OrganisationApiIntegrationTest.java:651)
</error>
    <system-out><![CDATA[Request method:	GET
Request URI:	http://localhost:8080/example-api/organisation/organisation/%7BOrganisationType%7D/%7BOrganisationId%7D/software-statement/%7BSoftwareStatementId%7D/certificate
Proxy:			<none>
Request params:	<none>
Query params:	<none>
Form params:	<none>
Path params:	<none>
Headers:		Accept=*/*
				Content-Type=application/json; charset=UTF-8
Cookies:		<none>
Multiparts:		<none>
Body:			<none>
]]></system-out>
  </testcase>
  <testcase name="test_organisationOrganisationTypeOrganisationIdSoftwareStatementSoftwareStatementIdCertificateGet_502" classname="com.laegler.openbanking.api.integration.OrganisationApiIntegrationTest" time="0.001">
    <error message="Invalid number of path parameters. Expected 3, was 0. Undefined path parameters are: OrganisationType, OrganisationId, SoftwareStatementId." type="java.lang.IllegalArgumentException">java.lang.IllegalArgumentException: Invalid number of path parameters. Expected 3, was 0. Undefined path parameters are: OrganisationType, OrganisationId, SoftwareStatementId.
	at com.laegler.openbanking.api.integration.OrganisationApiIntegrationTest.test_organisationOrganisationTypeOrganisationIdSoftwareStatementSoftwareStatementIdCertificateGet_502(OrganisationApiIntegrationTest.java:663)
</error>
    <system-out><![CDATA[Request method:	GET
Request URI:	http://localhost:8080/example-api/organisation/organisation/%7BOrganisationType%7D/%7BOrganisationId%7D/software-statement/%7BSoftwareStatementId%7D/certificate
Proxy:			<none>
Request params:	<none>
Query params:	<none>
Form params:	<none>
Path params:	<none>
Headers:		Accept=*/*
				Content-Type=application/json; charset=UTF-8
Cookies:		<none>
Multiparts:		<none>
Body:			<none>
]]></system-out>
  </testcase>
  <testcase name="test_organisationOrganisationTypeOrganisationIdCertificateKidCertificateOrKeyIdGet_200" classname="com.laegler.openbanking.api.integration.OrganisationApiIntegrationTest" time="0.002">
    <error message="Invalid number of path parameters. Expected 3, was 0. Undefined path parameters are: OrganisationType, OrganisationId, CertificateOrKeyId." type="java.lang.IllegalArgumentException">java.lang.IllegalArgumentException: Invalid number of path parameters. Expected 3, was 0. Undefined path parameters are: OrganisationType, OrganisationId, CertificateOrKeyId.
	at com.laegler.openbanking.api.integration.OrganisationApiIntegrationTest.test_organisationOrganisationTypeOrganisationIdCertificateKidCertificateOrKeyIdGet_200(OrganisationApiIntegrationTest.java:381)
</error>
    <system-out><![CDATA[Request method:	GET
Request URI:	http://localhost:8080/example-api/organisation/organisation/%7BOrganisationType%7D/%7BOrganisationId%7D/certificate/kid/%7BCertificateOrKeyId%7D
Proxy:			<none>
Request params:	<none>
Query params:	<none>
Form params:	<none>
Path params:	<none>
Headers:		Accept=*/*
				Content-Type=application/json; charset=UTF-8
Cookies:		<none>
Multiparts:		<none>
Body:			<none>
]]></system-out>
  </testcase>
  <testcase name="test_organisationOrganisationTypeOrganisationIdCertificateKidCertificateOrKeyIdGet_400" classname="com.laegler.openbanking.api.integration.OrganisationApiIntegrationTest" time="0.002">
    <error message="Invalid number of path parameters. Expected 3, was 0. Undefined path parameters are: OrganisationType, OrganisationId, CertificateOrKeyId." type="java.lang.IllegalArgumentException">java.lang.IllegalArgumentException: Invalid number of path parameters. Expected 3, was 0. Undefined path parameters are: OrganisationType, OrganisationId, CertificateOrKeyId.
	at com.laegler.openbanking.api.integration.OrganisationApiIntegrationTest.test_organisationOrganisationTypeOrganisationIdCertificateKidCertificateOrKeyIdGet_400(OrganisationApiIntegrationTest.java:345)
</error>
    <system-out><![CDATA[Request method:	GET
Request URI:	http://localhost:8080/example-api/organisation/organisation/%7BOrganisationType%7D/%7BOrganisationId%7D/certificate/kid/%7BCertificateOrKeyId%7D
Proxy:			<none>
Request params:	<none>
Query params:	<none>
Form params:	<none>
Path params:	<none>
Headers:		Accept=*/*
				Content-Type=application/json; charset=UTF-8
Cookies:		<none>
Multiparts:		<none>
Body:			<none>
]]></system-out>
  </testcase>
  <testcase name="test_organisationOrganisationTypeOrganisationIdCertificateKidCertificateOrKeyIdGet_401" classname="com.laegler.openbanking.api.integration.OrganisationApiIntegrationTest" time="0.001">
    <error message="Invalid number of path parameters. Expected 3, was 0. Undefined path parameters are: OrganisationType, OrganisationId, CertificateOrKeyId." type="java.lang.IllegalArgumentException">java.lang.IllegalArgumentException: Invalid number of path parameters. Expected 3, was 0. Undefined path parameters are: OrganisationType, OrganisationId, CertificateOrKeyId.
	at com.laegler.openbanking.api.integration.OrganisationApiIntegrationTest.test_organisationOrganisationTypeOrganisationIdCertificateKidCertificateOrKeyIdGet_401(OrganisationApiIntegrationTest.java:351)
</error>
    <system-out><![CDATA[Request method:	GET
Request URI:	http://localhost:8080/example-api/organisation/organisation/%7BOrganisationType%7D/%7BOrganisationId%7D/certificate/kid/%7BCertificateOrKeyId%7D
Proxy:			<none>
Request params:	<none>
Query params:	<none>
Form params:	<none>
Path params:	<none>
Headers:		Accept=*/*
				Content-Type=application/json; charset=UTF-8
Cookies:		<none>
Multiparts:		<none>
Body:			<none>
]]></system-out>
  </testcase>
  <testcase name="test_organisationOrganisationTypeOrganisationIdCertificateKidCertificateOrKeyIdGet_404" classname="com.laegler.openbanking.api.integration.OrganisationApiIntegrationTest" time="0.002">
    <error message="Invalid number of path parameters. Expected 3, was 0. Undefined path parameters are: OrganisationType, OrganisationId, CertificateOrKeyId." type="java.lang.IllegalArgumentException">java.lang.IllegalArgumentException: Invalid number of path parameters. Expected 3, was 0. Undefined path parameters are: OrganisationType, OrganisationId, CertificateOrKeyId.
	at com.laegler.openbanking.api.integration.OrganisationApiIntegrationTest.test_organisationOrganisationTypeOrganisationIdCertificateKidCertificateOrKeyIdGet_404(OrganisationApiIntegrationTest.java:357)
</error>
    <system-out><![CDATA[Request method:	GET
Request URI:	http://localhost:8080/example-api/organisation/organisation/%7BOrganisationType%7D/%7BOrganisationId%7D/certificate/kid/%7BCertificateOrKeyId%7D
Proxy:			<none>
Request params:	<none>
Query params:	<none>
Form params:	<none>
Path params:	<none>
Headers:		Accept=*/*
				Content-Type=application/json; charset=UTF-8
Cookies:		<none>
Multiparts:		<none>
Body:			<none>
]]></system-out>
  </testcase>
  <testcase name="test_organisationOrganisationTypeOrganisationIdCertificateKidCertificateOrKeyIdGet_406" classname="com.laegler.openbanking.api.integration.OrganisationApiIntegrationTest" time="0.001">
    <error message="Invalid number of path parameters. Expected 3, was 0. Undefined path parameters are: OrganisationType, OrganisationId, CertificateOrKeyId." type="java.lang.IllegalArgumentException">java.lang.IllegalArgumentException: Invalid number of path parameters. Expected 3, was 0. Undefined path parameters are: OrganisationType, OrganisationId, CertificateOrKeyId.
	at com.laegler.openbanking.api.integration.OrganisationApiIntegrationTest.test_organisationOrganisationTypeOrganisationIdCertificateKidCertificateOrKeyIdGet_406(OrganisationApiIntegrationTest.java:369)
</error>
    <system-out><![CDATA[Request method:	GET
Request URI:	http://localhost:8080/example-api/organisation/organisation/%7BOrganisationType%7D/%7BOrganisationId%7D/certificate/kid/%7BCertificateOrKeyId%7D
Proxy:			<none>
Request params:	<none>
Query params:	<none>
Form params:	<none>
Path params:	<none>
Headers:		Accept=*/*
				Content-Type=application/json; charset=UTF-8
Cookies:		<none>
Multiparts:		<none>
Body:			<none>
]]></system-out>
  </testcase>
  <testcase name="test_organisationOrganisationTypeOrganisationIdCertificateKidCertificateOrKeyIdGet_500" classname="com.laegler.openbanking.api.integration.OrganisationApiIntegrationTest" time="0.002">
    <error message="Invalid number of path parameters. Expected 3, was 0. Undefined path parameters are: OrganisationType, OrganisationId, CertificateOrKeyId." type="java.lang.IllegalArgumentException">java.lang.IllegalArgumentException: Invalid number of path parameters. Expected 3, was 0. Undefined path parameters are: OrganisationType, OrganisationId, CertificateOrKeyId.
	at com.laegler.openbanking.api.integration.OrganisationApiIntegrationTest.test_organisationOrganisationTypeOrganisationIdCertificateKidCertificateOrKeyIdGet_500(OrganisationApiIntegrationTest.java:363)
</error>
    <system-out><![CDATA[Request method:	GET
Request URI:	http://localhost:8080/example-api/organisation/organisation/%7BOrganisationType%7D/%7BOrganisationId%7D/certificate/kid/%7BCertificateOrKeyId%7D
Proxy:			<none>
Request params:	<none>
Query params:	<none>
Form params:	<none>
Path params:	<none>
Headers:		Accept=*/*
				Content-Type=application/json; charset=UTF-8
Cookies:		<none>
Multiparts:		<none>
Body:			<none>
]]></system-out>
  </testcase>
  <testcase name="test_organisationOrganisationTypeOrganisationIdCertificateKidCertificateOrKeyIdGet_502" classname="com.laegler.openbanking.api.integration.OrganisationApiIntegrationTest" time="0.001">
    <error message="Invalid number of path parameters. Expected 3, was 0. Undefined path parameters are: OrganisationType, OrganisationId, CertificateOrKeyId." type="java.lang.IllegalArgumentException">java.lang.IllegalArgumentException: Invalid number of path parameters. Expected 3, was 0. Undefined path parameters are: OrganisationType, OrganisationId, CertificateOrKeyId.
	at com.laegler.openbanking.api.integration.OrganisationApiIntegrationTest.test_organisationOrganisationTypeOrganisationIdCertificateKidCertificateOrKeyIdGet_502(OrganisationApiIntegrationTest.java:375)
</error>
    <system-out><![CDATA[Request method:	GET
Request URI:	http://localhost:8080/example-api/organisation/organisation/%7BOrganisationType%7D/%7BOrganisationId%7D/certificate/kid/%7BCertificateOrKeyId%7D
Proxy:			<none>
Request params:	<none>
Query params:	<none>
Form params:	<none>
Path params:	<none>
Headers:		Accept=*/*
				Content-Type=application/json; charset=UTF-8
Cookies:		<none>
Multiparts:		<none>
Body:			<none>
]]></system-out>
  </testcase>
</testsuite>