<?xml version="1.0" encoding="UTF-8"?>
<testsuite xmlns:xsi="http://www.w3.org/2001/XMLSchema-instance" xsi:noNamespaceSchemaLocation="https://maven.apache.org/surefire/maven-surefire-plugin/xsd/surefire-test-report.xsd" name="com.laegler.openbanking.api.integration.OrganisationApiIntegrationTest" time="0.413" tests="171" errors="171" skipped="0" failures="0">
  <properties>
    <property name="gopherProxySet" value="false"/>
    <property name="awt.toolkit" value="sun.lwawt.macosx.LWCToolkit"/>
    <property name="file.encoding.pkg" value="sun.io"/>
    <property name="java.specification.version" value="1.8"/>
    <property name="sun.cpu.isalist" value=""/>
    <property name="sun.jnu.encoding" value="UTF-8"/>
    <property name="java.class.path" value="/Users/thomas/.m2/repository/org/apache/maven/surefire/surefire-booter/2.22.1/surefire-booter-2.22.1.jar:/Users/thomas/.m2/repository/org/apache/maven/surefire/surefire-api/2.22.1/surefire-api-2.22.1.jar:/Users/thomas/.m2/repository/org/apache/maven/surefire/surefire-logger-api/2.22.1/surefire-logger-api-2.22.1.jar:/Users/thomas/git/openbanking/openbanking-api-test/target/test-classes:/Users/thomas/git/openbanking/openbanking-api-test/target/classes:/Users/thomas/.m2/repository/com/laegler/openbanking/openbanking-api-model/0.0.1-SNAPSHOT/openbanking-api-model-0.0.1-SNAPSHOT.jar:/Users/thomas/.m2/repository/org/springframework/spring-context/5.1.10.RELEASE/spring-context-5.1.10.RELEASE.jar:/Users/thomas/.m2/repository/org/springframework/spring-aop/5.1.10.RELEASE/spring-aop-5.1.10.RELEASE.jar:/Users/thomas/.m2/repository/org/springframework/spring-beans/5.1.10.RELEASE/spring-beans-5.1.10.RELEASE.jar:/Users/thomas/.m2/repository/org/springframework/spring-core/5.1.10.RELEASE/spring-core-5.1.10.RELEASE.jar:/Users/thomas/.m2/repository/org/springframework/spring-jcl/5.1.10.RELEASE/spring-jcl-5.1.10.RELEASE.jar:/Users/thomas/.m2/repository/org/springframework/spring-expression/5.1.10.RELEASE/spring-expression-5.1.10.RELEASE.jar:/Users/thomas/.m2/repository/javax/validation/validation-api/2.0.1.Final/validation-api-2.0.1.Final.jar:/Users/thomas/.m2/repository/io/swagger/swagger-annotations/1.5.23/swagger-annotations-1.5.23.jar:/Users/thomas/.m2/repository/com/fasterxml/jackson/core/jackson-databind/2.9.8/jackson-databind-2.9.8.jar:/Users/thomas/.m2/repository/com/fasterxml/jackson/core/jackson-annotations/2.9.0/jackson-annotations-2.9.0.jar:/Users/thomas/.m2/repository/com/fasterxml/jackson/core/jackson-core/2.9.8/jackson-core-2.9.8.jar:/Users/thomas/.m2/repository/com/google/guava/guava/20.0/guava-20.0.jar:/Users/thomas/.m2/repository/javax/ws/rs/javax.ws.rs-api/2.1.1/javax.ws.rs-api-2.1.1.jar:/Users/thomas/.m2/repository/org/junit/jupiter/junit-jupiter-api/5.5.2/junit-jupiter-api-5.5.2.jar:/Users/thomas/.m2/repository/org/apiguardian/apiguardian-api/1.1.0/apiguardian-api-1.1.0.jar:/Users/thomas/.m2/repository/org/opentest4j/opentest4j/1.2.0/opentest4j-1.2.0.jar:/Users/thomas/.m2/repository/org/junit/platform/junit-platform-commons/1.5.2/junit-platform-commons-1.5.2.jar:/Users/thomas/.m2/repository/org/junit/jupiter/junit-jupiter-engine/5.5.2/junit-jupiter-engine-5.5.2.jar:/Users/thomas/.m2/repository/org/junit/platform/junit-platform-engine/1.5.2/junit-platform-engine-1.5.2.jar:/Users/thomas/.m2/repository/org/junit/vintage/junit-vintage-engine/5.5.2/junit-vintage-engine-5.5.2.jar:/Users/thomas/.m2/repository/junit/junit/4.12/junit-4.12.jar:/Users/thomas/.m2/repository/org/hamcrest/hamcrest-core/1.3/hamcrest-core-1.3.jar:/Users/thomas/.m2/repository/io/cucumber/cucumber-java/4.8.0/cucumber-java-4.8.0.jar:/Users/thomas/.m2/repository/io/cucumber/cucumber-core/4.8.0/cucumber-core-4.8.0.jar:/Users/thomas/.m2/repository/io/cucumber/gherkin/5.1.0/gherkin-5.1.0.jar:/Users/thomas/.m2/repository/io/cucumber/tag-expressions/1.1.1/tag-expressions-1.1.1.jar:/Users/thomas/.m2/repository/io/cucumber/cucumber-expressions/7.0.2/cucumber-expressions-7.0.2.jar:/Users/thomas/.m2/repository/io/cucumber/datatable/1.1.14/datatable-1.1.14.jar:/Users/thomas/.m2/repository/io/cucumber/datatable-dependencies/1.1.14/datatable-dependencies-1.1.14.jar:/Users/thomas/.m2/repository/io/cucumber/cucumber-junit/4.8.0/cucumber-junit-4.8.0.jar:/Users/thomas/.m2/repository/info/cukes/gherkin/2.7.3/gherkin-2.7.3.jar:/Users/thomas/.m2/repository/com/googlecode/json-simple/json-simple/1.1/json-simple-1.1.jar:/Users/thomas/.m2/repository/net/iharder/base64/2.3.8/base64-2.3.8.jar:/Users/thomas/.m2/repository/io/rest-assured/rest-assured/4.1.2/rest-assured-4.1.2.jar:/Users/thomas/.m2/repository/org/codehaus/groovy/groovy/2.5.8/groovy-2.5.8.jar:/Users/thomas/.m2/repository/org/codehaus/groovy/groovy-xml/2.5.8/groovy-xml-2.5.8.jar:/Users/thomas/.m2/repository/org/apache/httpcomponents/httpclient/4.5.3/httpclient-4.5.3.jar:/Users/thomas/.m2/repository/org/apache/httpcomponents/httpcore/4.4.6/httpcore-4.4.6.jar:/Users/thomas/.m2/repository/commons-logging/commons-logging/1.2/commons-logging-1.2.jar:/Users/thomas/.m2/repository/commons-codec/commons-codec/1.9/commons-codec-1.9.jar:/Users/thomas/.m2/repository/org/apache/httpcomponents/httpmime/4.5.3/httpmime-4.5.3.jar:/Users/thomas/.m2/repository/org/hamcrest/hamcrest/2.1/hamcrest-2.1.jar:/Users/thomas/.m2/repository/org/ccil/cowan/tagsoup/tagsoup/1.2.1/tagsoup-1.2.1.jar:/Users/thomas/.m2/repository/io/rest-assured/json-path/4.1.2/json-path-4.1.2.jar:/Users/thomas/.m2/repository/org/codehaus/groovy/groovy-json/2.5.8/groovy-json-2.5.8.jar:/Users/thomas/.m2/repository/io/rest-assured/rest-assured-common/4.1.2/rest-assured-common-4.1.2.jar:/Users/thomas/.m2/repository/io/rest-assured/xml-path/4.1.2/xml-path-4.1.2.jar:/Users/thomas/.m2/repository/javax/xml/bind/jaxb-api/2.3.1/jaxb-api-2.3.1.jar:/Users/thomas/.m2/repository/javax/activation/javax.activation-api/1.2.0/javax.activation-api-1.2.0.jar:/Users/thomas/.m2/repository/com/sun/xml/bind/jaxb-osgi/2.3.0.1/jaxb-osgi-2.3.0.1.jar:/Users/thomas/.m2/repository/org/apache/sling/org.apache.sling.javax.activation/0.1.0/org.apache.sling.javax.activation-0.1.0.jar:/Users/thomas/.m2/repository/javax/activation/activation/1.1.1/activation-1.1.1.jar:/Users/thomas/.m2/repository/com/vimalselvam/cucumber-extentsreport/3.1.1/cucumber-extentsreport-3.1.1.jar:/Users/thomas/.m2/repository/net/masterthought/cucumber-reporting/4.10.0/cucumber-reporting-4.10.0.jar:/Users/thomas/.m2/repository/org/apache/velocity/velocity/1.7/velocity-1.7.jar:/Users/thomas/.m2/repository/commons-lang/commons-lang/2.4/commons-lang-2.4.jar:/Users/thomas/.m2/repository/commons-collections/commons-collections/3.2.2/commons-collections-3.2.2.jar:/Users/thomas/.m2/repository/velocity-tools/velocity-tools/1.4/velocity-tools-1.4.jar:/Users/thomas/.m2/repository/joda-time/joda-time/2.10.2/joda-time-2.10.2.jar:/Users/thomas/.m2/repository/org/apache/commons/commons-lang3/3.9/commons-lang3-3.9.jar:/Users/thomas/.m2/repository/commons-io/commons-io/2.6/commons-io-2.6.jar:/Users/thomas/.m2/repository/org/codehaus/plexus/plexus-utils/3.2.0/plexus-utils-3.2.0.jar:/Users/thomas/.m2/repository/org/jsoup/jsoup/1.12.1/jsoup-1.12.1.jar:/Users/thomas/.m2/repository/com/googlecode/owasp-java-html-sanitizer/owasp-java-html-sanitizer/20190610.1/owasp-java-html-sanitizer-20190610.1.jar:/Users/thomas/.m2/repository/commons-configuration/commons-configuration/1.10/commons-configuration-1.10.jar:/Users/thomas/.m2/repository/com/aventstack/extentreports/3.1.5/extentreports-3.1.5.jar:/Users/thomas/.m2/repository/org/freemarker/freemarker/2.3.23/freemarker-2.3.23.jar:/Users/thomas/.m2/repository/org/mongodb/mongodb-driver/3.3.0/mongodb-driver-3.3.0.jar:/Users/thomas/.m2/repository/org/mongodb/bson/3.3.0/bson-3.3.0.jar:/Users/thomas/.m2/repository/org/mongodb/mongodb-driver-core/3.3.0/mongodb-driver-core-3.3.0.jar:/Users/thomas/.m2/repository/com/google/code/gson/gson/2.8.0/gson-2.8.0.jar:/Users/thomas/.m2/repository/org/projectlombok/lombok/1.18.8/lombok-1.18.8.jar:/Users/thomas/.m2/repository/org/slf4j/slf4j-api/1.7.28/slf4j-api-1.7.28.jar:/Users/thomas/.m2/repository/org/apache/maven/surefire/surefire-junit-platform/2.22.1/surefire-junit-platform-2.22.1.jar:/Users/thomas/.m2/repository/org/junit/platform/junit-platform-launcher/1.3.1/junit-platform-launcher-1.3.1.jar"/>
    <property name="java.vm.vendor" value="AdoptOpenJDK"/>
    <property name="sun.arch.data.model" value="64"/>
    <property name="java.vendor.url" value="http://java.oracle.com/"/>
    <property name="user.timezone" value=""/>
    <property name="java.vm.specification.version" value="1.8"/>
    <property name="os.name" value="Mac OS X"/>
    <property name="user.country" value="NZ"/>
    <property name="sun.java.launcher" value="SUN_STANDARD"/>
    <property name="sun.boot.library.path" value="/Library/Java/JavaVirtualMachines/adoptopenjdk-8.jdk/Contents/Home/jre/lib"/>
    <property name="sun.java.command" value="org.apache.maven.surefire.booter.ForkedBooter /Users/thomas/git/openbanking/openbanking-api-test/target/surefire 2019-10-21T20-24-58_669-jvmRun1 surefire4282148931129908455tmp surefire_09164735180974252658tmp"/>
    <property name="http.nonProxyHosts" value="local|*.local|169.254/16|*.169.254/16"/>
    <property name="surefire.test.class.path" value="/Users/thomas/git/openbanking/openbanking-api-test/target/test-classes:/Users/thomas/git/openbanking/openbanking-api-test/target/classes:/Users/thomas/.m2/repository/com/laegler/openbanking/openbanking-api-model/0.0.1-SNAPSHOT/openbanking-api-model-0.0.1-SNAPSHOT.jar:/Users/thomas/.m2/repository/org/springframework/spring-context/5.1.10.RELEASE/spring-context-5.1.10.RELEASE.jar:/Users/thomas/.m2/repository/org/springframework/spring-aop/5.1.10.RELEASE/spring-aop-5.1.10.RELEASE.jar:/Users/thomas/.m2/repository/org/springframework/spring-beans/5.1.10.RELEASE/spring-beans-5.1.10.RELEASE.jar:/Users/thomas/.m2/repository/org/springframework/spring-core/5.1.10.RELEASE/spring-core-5.1.10.RELEASE.jar:/Users/thomas/.m2/repository/org/springframework/spring-jcl/5.1.10.RELEASE/spring-jcl-5.1.10.RELEASE.jar:/Users/thomas/.m2/repository/org/springframework/spring-expression/5.1.10.RELEASE/spring-expression-5.1.10.RELEASE.jar:/Users/thomas/.m2/repository/javax/validation/validation-api/2.0.1.Final/validation-api-2.0.1.Final.jar:/Users/thomas/.m2/repository/io/swagger/swagger-annotations/1.5.23/swagger-annotations-1.5.23.jar:/Users/thomas/.m2/repository/com/fasterxml/jackson/core/jackson-databind/2.9.8/jackson-databind-2.9.8.jar:/Users/thomas/.m2/repository/com/fasterxml/jackson/core/jackson-annotations/2.9.0/jackson-annotations-2.9.0.jar:/Users/thomas/.m2/repository/com/fasterxml/jackson/core/jackson-core/2.9.8/jackson-core-2.9.8.jar:/Users/thomas/.m2/repository/com/google/guava/guava/20.0/guava-20.0.jar:/Users/thomas/.m2/repository/javax/ws/rs/javax.ws.rs-api/2.1.1/javax.ws.rs-api-2.1.1.jar:/Users/thomas/.m2/repository/org/junit/jupiter/junit-jupiter-api/5.5.2/junit-jupiter-api-5.5.2.jar:/Users/thomas/.m2/repository/org/apiguardian/apiguardian-api/1.1.0/apiguardian-api-1.1.0.jar:/Users/thomas/.m2/repository/org/opentest4j/opentest4j/1.2.0/opentest4j-1.2.0.jar:/Users/thomas/.m2/repository/org/junit/platform/junit-platform-commons/1.5.2/junit-platform-commons-1.5.2.jar:/Users/thomas/.m2/repository/org/junit/jupiter/junit-jupiter-engine/5.5.2/junit-jupiter-engine-5.5.2.jar:/Users/thomas/.m2/repository/org/junit/platform/junit-platform-engine/1.5.2/junit-platform-engine-1.5.2.jar:/Users/thomas/.m2/repository/org/junit/vintage/junit-vintage-engine/5.5.2/junit-vintage-engine-5.5.2.jar:/Users/thomas/.m2/repository/junit/junit/4.12/junit-4.12.jar:/Users/thomas/.m2/repository/org/hamcrest/hamcrest-core/1.3/hamcrest-core-1.3.jar:/Users/thomas/.m2/repository/io/cucumber/cucumber-java/4.8.0/cucumber-java-4.8.0.jar:/Users/thomas/.m2/repository/io/cucumber/cucumber-core/4.8.0/cucumber-core-4.8.0.jar:/Users/thomas/.m2/repository/io/cucumber/gherkin/5.1.0/gherkin-5.1.0.jar:/Users/thomas/.m2/repository/io/cucumber/tag-expressions/1.1.1/tag-expressions-1.1.1.jar:/Users/thomas/.m2/repository/io/cucumber/cucumber-expressions/7.0.2/cucumber-expressions-7.0.2.jar:/Users/thomas/.m2/repository/io/cucumber/datatable/1.1.14/datatable-1.1.14.jar:/Users/thomas/.m2/repository/io/cucumber/datatable-dependencies/1.1.14/datatable-dependencies-1.1.14.jar:/Users/thomas/.m2/repository/io/cucumber/cucumber-junit/4.8.0/cucumber-junit-4.8.0.jar:/Users/thomas/.m2/repository/info/cukes/gherkin/2.7.3/gherkin-2.7.3.jar:/Users/thomas/.m2/repository/com/googlecode/json-simple/json-simple/1.1/json-simple-1.1.jar:/Users/thomas/.m2/repository/net/iharder/base64/2.3.8/base64-2.3.8.jar:/Users/thomas/.m2/repository/io/rest-assured/rest-assured/4.1.2/rest-assured-4.1.2.jar:/Users/thomas/.m2/repository/org/codehaus/groovy/groovy/2.5.8/groovy-2.5.8.jar:/Users/thomas/.m2/repository/org/codehaus/groovy/groovy-xml/2.5.8/groovy-xml-2.5.8.jar:/Users/thomas/.m2/repository/org/apache/httpcomponents/httpclient/4.5.3/httpclient-4.5.3.jar:/Users/thomas/.m2/repository/org/apache/httpcomponents/httpcore/4.4.6/httpcore-4.4.6.jar:/Users/thomas/.m2/repository/commons-logging/commons-logging/1.2/commons-logging-1.2.jar:/Users/thomas/.m2/repository/commons-codec/commons-codec/1.9/commons-codec-1.9.jar:/Users/thomas/.m2/repository/org/apache/httpcomponents/httpmime/4.5.3/httpmime-4.5.3.jar:/Users/thomas/.m2/repository/org/hamcrest/hamcrest/2.1/hamcrest-2.1.jar:/Users/thomas/.m2/repository/org/ccil/cowan/tagsoup/tagsoup/1.2.1/tagsoup-1.2.1.jar:/Users/thomas/.m2/repository/io/rest-assured/json-path/4.1.2/json-path-4.1.2.jar:/Users/thomas/.m2/repository/org/codehaus/groovy/groovy-json/2.5.8/groovy-json-2.5.8.jar:/Users/thomas/.m2/repository/io/rest-assured/rest-assured-common/4.1.2/rest-assured-common-4.1.2.jar:/Users/thomas/.m2/repository/io/rest-assured/xml-path/4.1.2/xml-path-4.1.2.jar:/Users/thomas/.m2/repository/javax/xml/bind/jaxb-api/2.3.1/jaxb-api-2.3.1.jar:/Users/thomas/.m2/repository/javax/activation/javax.activation-api/1.2.0/javax.activation-api-1.2.0.jar:/Users/thomas/.m2/repository/com/sun/xml/bind/jaxb-osgi/2.3.0.1/jaxb-osgi-2.3.0.1.jar:/Users/thomas/.m2/repository/org/apache/sling/org.apache.sling.javax.activation/0.1.0/org.apache.sling.javax.activation-0.1.0.jar:/Users/thomas/.m2/repository/javax/activation/activation/1.1.1/activation-1.1.1.jar:/Users/thomas/.m2/repository/com/vimalselvam/cucumber-extentsreport/3.1.1/cucumber-extentsreport-3.1.1.jar:/Users/thomas/.m2/repository/net/masterthought/cucumber-reporting/4.10.0/cucumber-reporting-4.10.0.jar:/Users/thomas/.m2/repository/org/apache/velocity/velocity/1.7/velocity-1.7.jar:/Users/thomas/.m2/repository/commons-lang/commons-lang/2.4/commons-lang-2.4.jar:/Users/thomas/.m2/repository/commons-collections/commons-collections/3.2.2/commons-collections-3.2.2.jar:/Users/thomas/.m2/repository/velocity-tools/velocity-tools/1.4/velocity-tools-1.4.jar:/Users/thomas/.m2/repository/joda-time/joda-time/2.10.2/joda-time-2.10.2.jar:/Users/thomas/.m2/repository/org/apache/commons/commons-lang3/3.9/commons-lang3-3.9.jar:/Users/thomas/.m2/repository/commons-io/commons-io/2.6/commons-io-2.6.jar:/Users/thomas/.m2/repository/org/codehaus/plexus/plexus-utils/3.2.0/plexus-utils-3.2.0.jar:/Users/thomas/.m2/repository/org/jsoup/jsoup/1.12.1/jsoup-1.12.1.jar:/Users/thomas/.m2/repository/com/googlecode/owasp-java-html-sanitizer/owasp-java-html-sanitizer/20190610.1/owasp-java-html-sanitizer-20190610.1.jar:/Users/thomas/.m2/repository/commons-configuration/commons-configuration/1.10/commons-configuration-1.10.jar:/Users/thomas/.m2/repository/com/aventstack/extentreports/3.1.5/extentreports-3.1.5.jar:/Users/thomas/.m2/repository/org/freemarker/freemarker/2.3.23/freemarker-2.3.23.jar:/Users/thomas/.m2/repository/org/mongodb/mongodb-driver/3.3.0/mongodb-driver-3.3.0.jar:/Users/thomas/.m2/repository/org/mongodb/bson/3.3.0/bson-3.3.0.jar:/Users/thomas/.m2/repository/org/mongodb/mongodb-driver-core/3.3.0/mongodb-driver-core-3.3.0.jar:/Users/thomas/.m2/repository/com/google/code/gson/gson/2.8.0/gson-2.8.0.jar:/Users/thomas/.m2/repository/org/projectlombok/lombok/1.18.8/lombok-1.18.8.jar:/Users/thomas/.m2/repository/org/slf4j/slf4j-api/1.7.28/slf4j-api-1.7.28.jar:"/>
    <property name="sun.cpu.endian" value="little"/>
    <property name="user.home" value="/Users/thomas"/>
    <property name="user.language" value="en"/>
    <property name="java.specification.vendor" value="Oracle Corporation"/>
    <property name="java.home" value="/Library/Java/JavaVirtualMachines/adoptopenjdk-8.jdk/Contents/Home/jre"/>
    <property name="basedir" value="/Users/thomas/git/openbanking/openbanking-api-test"/>
    <property name="style.color" value="always"/>
    <property name="file.separator" value="/"/>
    <property name="line.separator" value="&#10;"/>
    <property name="java.vm.specification.vendor" value="Oracle Corporation"/>
    <property name="java.specification.name" value="Java Platform API Specification"/>
    <property name="java.awt.graphicsenv" value="sun.awt.CGraphicsEnvironment"/>
    <property name="sun.boot.class.path" value="/Library/Java/JavaVirtualMachines/adoptopenjdk-8.jdk/Contents/Home/jre/lib/resources.jar:/Library/Java/JavaVirtualMachines/adoptopenjdk-8.jdk/Contents/Home/jre/lib/rt.jar:/Library/Java/JavaVirtualMachines/adoptopenjdk-8.jdk/Contents/Home/jre/lib/sunrsasign.jar:/Library/Java/JavaVirtualMachines/adoptopenjdk-8.jdk/Contents/Home/jre/lib/jsse.jar:/Library/Java/JavaVirtualMachines/adoptopenjdk-8.jdk/Contents/Home/jre/lib/jce.jar:/Library/Java/JavaVirtualMachines/adoptopenjdk-8.jdk/Contents/Home/jre/lib/charsets.jar:/Library/Java/JavaVirtualMachines/adoptopenjdk-8.jdk/Contents/Home/jre/lib/jfr.jar:/Library/Java/JavaVirtualMachines/adoptopenjdk-8.jdk/Contents/Home/jre/classes"/>
    <property name="sun.management.compiler" value="HotSpot 64-Bit Tiered Compilers"/>
    <property name="ftp.nonProxyHosts" value="local|*.local|169.254/16|*.169.254/16"/>
    <property name="java.runtime.version" value="1.8.0_212-b04"/>
    <property name="user.name" value="thomas"/>
    <property name="path.separator" value=":"/>
    <property name="os.version" value="10.14.6"/>
    <property name="java.endorsed.dirs" value="/Library/Java/JavaVirtualMachines/adoptopenjdk-8.jdk/Contents/Home/jre/lib/endorsed"/>
    <property name="java.runtime.name" value="OpenJDK Runtime Environment"/>
    <property name="file.encoding" value="UTF-8"/>
    <property name="java.vm.name" value="OpenJDK 64-Bit Server VM"/>
    <property name="localRepository" value="/Users/thomas/.m2/repository"/>
    <property name="java.vendor.url.bug" value="http://bugreport.sun.com/bugreport/"/>
    <property name="java.io.tmpdir" value="/var/folders/8w/fvxbytrj5p78x5j40t_dk1300000gn/T/"/>
    <property name="java.version" value="1.8.0_212"/>
    <property name="user.dir" value="/Users/thomas/git/openbanking/openbanking-api-test"/>
    <property name="os.arch" value="x86_64"/>
    <property name="java.vm.specification.name" value="Java Virtual Machine Specification"/>
    <property name="java.awt.printerjob" value="sun.lwawt.macosx.CPrinterJob"/>
    <property name="sun.os.patch.level" value="unknown"/>
    <property name="java.library.path" value="/Users/thomas/Library/Java/Extensions:/Library/Java/Extensions:/Network/Library/Java/Extensions:/System/Library/Java/Extensions:/usr/lib/java:."/>
    <property name="java.vm.info" value="mixed mode"/>
    <property name="java.vendor" value="AdoptOpenJDK"/>
    <property name="java.vm.version" value="25.212-b04"/>
    <property name="java.ext.dirs" value="/Users/thomas/Library/Java/Extensions:/Library/Java/JavaVirtualMachines/adoptopenjdk-8.jdk/Contents/Home/jre/lib/ext:/Library/Java/Extensions:/Network/Library/Java/Extensions:/System/Library/Java/Extensions:/usr/lib/java"/>
    <property name="sun.io.unicode.encoding" value="UnicodeBig"/>
    <property name="java.class.version" value="52.0"/>
    <property name="socksNonProxyHosts" value="local|*.local|169.254/16|*.169.254/16"/>
    <property name="jacoco-agent.destfile" value="target/jacoco.exec"/>
  </properties>
  <testcase name="test_organisationOrganisationTypeOrganisationIdGet_200" classname="com.laegler.openbanking.api.integration.OrganisationApiIntegrationTest" time="0.001">
    <error message="Invalid number of path parameters. Expected 2, was 0. Undefined path parameters are: OrganisationType, OrganisationId." type="java.lang.IllegalArgumentException">java.lang.IllegalArgumentException: Invalid number of path parameters. Expected 2, was 0. Undefined path parameters are: OrganisationType, OrganisationId.
	at com.laegler.openbanking.api.integration.OrganisationApiIntegrationTest.test_organisationOrganisationTypeOrganisationIdGet_200(OrganisationApiIntegrationTest.java:555)
</error>
    <system-out><![CDATA[Request method:	GET
Request URI:	http://localhost:8080/example-api/organisation/organisation/%7BOrganisationType%7D/%7BOrganisationId%7D
Proxy:			<none>
Request params:	<none>
Query params:	<none>
Form params:	<none>
Path params:	<none>
Headers:		Accept=*/*
				Content-Type=application/json; charset=UTF-8
Cookies:		<none>
Multiparts:		<none>
Body:			<none>
]]></system-out>
  </testcase>
  <testcase name="test_organisationOrganisationTypeOrganisationIdGet_404" classname="com.laegler.openbanking.api.integration.OrganisationApiIntegrationTest" time="0.001">
    <error message="Invalid number of path parameters. Expected 2, was 0. Undefined path parameters are: OrganisationType, OrganisationId." type="java.lang.IllegalArgumentException">java.lang.IllegalArgumentException: Invalid number of path parameters. Expected 2, was 0. Undefined path parameters are: OrganisationType, OrganisationId.
	at com.laegler.openbanking.api.integration.OrganisationApiIntegrationTest.test_organisationOrganisationTypeOrganisationIdGet_404(OrganisationApiIntegrationTest.java:543)
</error>
    <system-out><![CDATA[Request method:	GET
Request URI:	http://localhost:8080/example-api/organisation/organisation/%7BOrganisationType%7D/%7BOrganisationId%7D
Proxy:			<none>
Request params:	<none>
Query params:	<none>
Form params:	<none>
Path params:	<none>
Headers:		Accept=*/*
				Content-Type=application/json; charset=UTF-8
Cookies:		<none>
Multiparts:		<none>
Body:			<none>
]]></system-out>
  </testcase>
  <testcase name="test_organisationOrganisationTypeOrganisationIdGet_406" classname="com.laegler.openbanking.api.integration.OrganisationApiIntegrationTest" time="0.003">
    <error message="Invalid number of path parameters. Expected 2, was 0. Undefined path parameters are: OrganisationType, OrganisationId." type="java.lang.IllegalArgumentException">java.lang.IllegalArgumentException: Invalid number of path parameters. Expected 2, was 0. Undefined path parameters are: OrganisationType, OrganisationId.
	at com.laegler.openbanking.api.integration.OrganisationApiIntegrationTest.test_organisationOrganisationTypeOrganisationIdGet_406(OrganisationApiIntegrationTest.java:549)
</error>
    <system-out><![CDATA[Request method:	GET
Request URI:	http://localhost:8080/example-api/organisation/organisation/%7BOrganisationType%7D/%7BOrganisationId%7D
Proxy:			<none>
Request params:	<none>
Query params:	<none>
Form params:	<none>
Path params:	<none>
Headers:		Accept=*/*
				Content-Type=application/json; charset=UTF-8
Cookies:		<none>
Multiparts:		<none>
Body:			<none>
]]></system-out>
  </testcase>
  <testcase name="test_organisationOrganisationTypeOrganisationIdSoftwareStatementSoftwareStatementIdCertificateOrganisationAssociativeCertificateTypeCertificateOrKeyIdPut_200" classname="com.laegler.openbanking.api.integration.OrganisationApiIntegrationTest" time="0.004">
    <error message="Invalid number of path parameters. Expected 5, was 0. Undefined path parameters are: OrganisationType, OrganisationId, SoftwareStatementId, OrganisationAssociativeCertificateType, CertificateOrKeyId." type="java.lang.IllegalArgumentException">java.lang.IllegalArgumentException: Invalid number of path parameters. Expected 5, was 0. Undefined path parameters are: OrganisationType, OrganisationId, SoftwareStatementId, OrganisationAssociativeCertificateType, CertificateOrKeyId.
	at com.laegler.openbanking.api.integration.OrganisationApiIntegrationTest.test_organisationOrganisationTypeOrganisationIdSoftwareStatementSoftwareStatementIdCertificateOrganisationAssociativeCertificateTypeCertificateOrKeyIdPut_200(OrganisationApiIntegrationTest.java:753)
</error>
    <system-out><![CDATA[Request method:	PUT
Request URI:	http://localhost:8080/example-api/organisation/organisation/%7BOrganisationType%7D/%7BOrganisationId%7D/software-statement/%7BSoftwareStatementId%7D/certificate/%7BOrganisationAssociativeCertificateType%7D/%7BCertificateOrKeyId%7D
Proxy:			<none>
Request params:	<none>
Query params:	<none>
Form params:	<none>
Path params:	<none>
Headers:		Accept=*/*
				Content-Type=application/json; charset=UTF-8
Cookies:		<none>
Multiparts:		<none>
Body:			<none>
]]></system-out>
  </testcase>
  <testcase name="test_organisationOrganisationTypeOrganisationIdSoftwareStatementSoftwareStatementIdCertificateOrganisationAssociativeCertificateTypeCertificateOrKeyIdPut_204" classname="com.laegler.openbanking.api.integration.OrganisationApiIntegrationTest" time="0.004">
    <error message="Invalid number of path parameters. Expected 5, was 0. Undefined path parameters are: OrganisationType, OrganisationId, SoftwareStatementId, OrganisationAssociativeCertificateType, CertificateOrKeyId." type="java.lang.IllegalArgumentException">java.lang.IllegalArgumentException: Invalid number of path parameters. Expected 5, was 0. Undefined path parameters are: OrganisationType, OrganisationId, SoftwareStatementId, OrganisationAssociativeCertificateType, CertificateOrKeyId.
	at com.laegler.openbanking.api.integration.OrganisationApiIntegrationTest.test_organisationOrganisationTypeOrganisationIdSoftwareStatementSoftwareStatementIdCertificateOrganisationAssociativeCertificateTypeCertificateOrKeyIdPut_204(OrganisationApiIntegrationTest.java:765)
</error>
    <system-out><![CDATA[Request method:	PUT
Request URI:	http://localhost:8080/example-api/organisation/organisation/%7BOrganisationType%7D/%7BOrganisationId%7D/software-statement/%7BSoftwareStatementId%7D/certificate/%7BOrganisationAssociativeCertificateType%7D/%7BCertificateOrKeyId%7D
Proxy:			<none>
Request params:	<none>
Query params:	<none>
Form params:	<none>
Path params:	<none>
Headers:		Accept=*/*
				Content-Type=application/json; charset=UTF-8
Cookies:		<none>
Multiparts:		<none>
Body:			<none>
]]></system-out>
  </testcase>
  <testcase name="test_organisationOrganisationTypeOrganisationIdSoftwareStatementSoftwareStatementIdCertificateOrganisationAssociativeCertificateTypeCertificateOrKeyIdPut_400" classname="com.laegler.openbanking.api.integration.OrganisationApiIntegrationTest" time="0.005">
    <error message="Invalid number of path parameters. Expected 5, was 0. Undefined path parameters are: OrganisationType, OrganisationId, SoftwareStatementId, OrganisationAssociativeCertificateType, CertificateOrKeyId." type="java.lang.IllegalArgumentException">java.lang.IllegalArgumentException: Invalid number of path parameters. Expected 5, was 0. Undefined path parameters are: OrganisationType, OrganisationId, SoftwareStatementId, OrganisationAssociativeCertificateType, CertificateOrKeyId.
	at com.laegler.openbanking.api.integration.OrganisationApiIntegrationTest.test_organisationOrganisationTypeOrganisationIdSoftwareStatementSoftwareStatementIdCertificateOrganisationAssociativeCertificateTypeCertificateOrKeyIdPut_400(OrganisationApiIntegrationTest.java:717)
</error>
    <system-out><![CDATA[Request method:	PUT
Request URI:	http://localhost:8080/example-api/organisation/organisation/%7BOrganisationType%7D/%7BOrganisationId%7D/software-statement/%7BSoftwareStatementId%7D/certificate/%7BOrganisationAssociativeCertificateType%7D/%7BCertificateOrKeyId%7D
Proxy:			<none>
Request params:	<none>
Query params:	<none>
Form params:	<none>
Path params:	<none>
Headers:		Accept=*/*
				Content-Type=application/json; charset=UTF-8
Cookies:		<none>
Multiparts:		<none>
Body:			<none>
]]></system-out>
  </testcase>
  <testcase name="test_organisationOrganisationTypeOrganisationIdSoftwareStatementSoftwareStatementIdCertificateOrganisationAssociativeCertificateTypeCertificateOrKeyIdPut_401" classname="com.laegler.openbanking.api.integration.OrganisationApiIntegrationTest" time="0.005">
    <error message="Invalid number of path parameters. Expected 5, was 0. Undefined path parameters are: OrganisationType, OrganisationId, SoftwareStatementId, OrganisationAssociativeCertificateType, CertificateOrKeyId." type="java.lang.IllegalArgumentException">java.lang.IllegalArgumentException: Invalid number of path parameters. Expected 5, was 0. Undefined path parameters are: OrganisationType, OrganisationId, SoftwareStatementId, OrganisationAssociativeCertificateType, CertificateOrKeyId.
	at com.laegler.openbanking.api.integration.OrganisationApiIntegrationTest.test_organisationOrganisationTypeOrganisationIdSoftwareStatementSoftwareStatementIdCertificateOrganisationAssociativeCertificateTypeCertificateOrKeyIdPut_401(OrganisationApiIntegrationTest.java:723)
</error>
    <system-out><![CDATA[Request method:	PUT
Request URI:	http://localhost:8080/example-api/organisation/organisation/%7BOrganisationType%7D/%7BOrganisationId%7D/software-statement/%7BSoftwareStatementId%7D/certificate/%7BOrganisationAssociativeCertificateType%7D/%7BCertificateOrKeyId%7D
Proxy:			<none>
Request params:	<none>
Query params:	<none>
Form params:	<none>
Path params:	<none>
Headers:		Accept=*/*
				Content-Type=application/json; charset=UTF-8
Cookies:		<none>
Multiparts:		<none>
Body:			<none>
]]></system-out>
  </testcase>
  <testcase name="test_organisationOrganisationTypeOrganisationIdSoftwareStatementSoftwareStatementIdCertificateOrganisationAssociativeCertificateTypeCertificateOrKeyIdPut_404" classname="com.laegler.openbanking.api.integration.OrganisationApiIntegrationTest" time="0.005">
    <error message="Invalid number of path parameters. Expected 5, was 0. Undefined path parameters are: OrganisationType, OrganisationId, SoftwareStatementId, OrganisationAssociativeCertificateType, CertificateOrKeyId." type="java.lang.IllegalArgumentException">java.lang.IllegalArgumentException: Invalid number of path parameters. Expected 5, was 0. Undefined path parameters are: OrganisationType, OrganisationId, SoftwareStatementId, OrganisationAssociativeCertificateType, CertificateOrKeyId.
	at com.laegler.openbanking.api.integration.OrganisationApiIntegrationTest.test_organisationOrganisationTypeOrganisationIdSoftwareStatementSoftwareStatementIdCertificateOrganisationAssociativeCertificateTypeCertificateOrKeyIdPut_404(OrganisationApiIntegrationTest.java:729)
</error>
    <system-out><![CDATA[Request method:	PUT
Request URI:	http://localhost:8080/example-api/organisation/organisation/%7BOrganisationType%7D/%7BOrganisationId%7D/software-statement/%7BSoftwareStatementId%7D/certificate/%7BOrganisationAssociativeCertificateType%7D/%7BCertificateOrKeyId%7D
Proxy:			<none>
Request params:	<none>
Query params:	<none>
Form params:	<none>
Path params:	<none>
Headers:		Accept=*/*
				Content-Type=application/json; charset=UTF-8
Cookies:		<none>
Multiparts:		<none>
Body:			<none>
]]></system-out>
  </testcase>
  <testcase name="test_organisationOrganisationTypeOrganisationIdSoftwareStatementSoftwareStatementIdCertificateOrganisationAssociativeCertificateTypeCertificateOrKeyIdPut_406" classname="com.laegler.openbanking.api.integration.OrganisationApiIntegrationTest" time="0.005">
    <error message="Invalid number of path parameters. Expected 5, was 0. Undefined path parameters are: OrganisationType, OrganisationId, SoftwareStatementId, OrganisationAssociativeCertificateType, CertificateOrKeyId." type="java.lang.IllegalArgumentException">java.lang.IllegalArgumentException: Invalid number of path parameters. Expected 5, was 0. Undefined path parameters are: OrganisationType, OrganisationId, SoftwareStatementId, OrganisationAssociativeCertificateType, CertificateOrKeyId.
	at com.laegler.openbanking.api.integration.OrganisationApiIntegrationTest.test_organisationOrganisationTypeOrganisationIdSoftwareStatementSoftwareStatementIdCertificateOrganisationAssociativeCertificateTypeCertificateOrKeyIdPut_406(OrganisationApiIntegrationTest.java:741)
</error>
    <system-out><![CDATA[Request method:	PUT
Request URI:	http://localhost:8080/example-api/organisation/organisation/%7BOrganisationType%7D/%7BOrganisationId%7D/software-statement/%7BSoftwareStatementId%7D/certificate/%7BOrganisationAssociativeCertificateType%7D/%7BCertificateOrKeyId%7D
Proxy:			<none>
Request params:	<none>
Query params:	<none>
Form params:	<none>
Path params:	<none>
Headers:		Accept=*/*
				Content-Type=application/json; charset=UTF-8
Cookies:		<none>
Multiparts:		<none>
Body:			<none>
]]></system-out>
  </testcase>
  <testcase name="test_organisationOrganisationTypeOrganisationIdSoftwareStatementSoftwareStatementIdCertificateOrganisationAssociativeCertificateTypeCertificateOrKeyIdPut_409" classname="com.laegler.openbanking.api.integration.OrganisationApiIntegrationTest" time="0.004">
    <error message="Invalid number of path parameters. Expected 5, was 0. Undefined path parameters are: OrganisationType, OrganisationId, SoftwareStatementId, OrganisationAssociativeCertificateType, CertificateOrKeyId." type="java.lang.IllegalArgumentException">java.lang.IllegalArgumentException: Invalid number of path parameters. Expected 5, was 0. Undefined path parameters are: OrganisationType, OrganisationId, SoftwareStatementId, OrganisationAssociativeCertificateType, CertificateOrKeyId.
	at com.laegler.openbanking.api.integration.OrganisationApiIntegrationTest.test_organisationOrganisationTypeOrganisationIdSoftwareStatementSoftwareStatementIdCertificateOrganisationAssociativeCertificateTypeCertificateOrKeyIdPut_409(OrganisationApiIntegrationTest.java:759)
</error>
    <system-out><![CDATA[Request method:	PUT
Request URI:	http://localhost:8080/example-api/organisation/organisation/%7BOrganisationType%7D/%7BOrganisationId%7D/software-statement/%7BSoftwareStatementId%7D/certificate/%7BOrganisationAssociativeCertificateType%7D/%7BCertificateOrKeyId%7D
Proxy:			<none>
Request params:	<none>
Query params:	<none>
Form params:	<none>
Path params:	<none>
Headers:		Accept=*/*
				Content-Type=application/json; charset=UTF-8
Cookies:		<none>
Multiparts:		<none>
Body:			<none>
]]></system-out>
  </testcase>
  <testcase name="test_organisationOrganisationTypeOrganisationIdSoftwareStatementSoftwareStatementIdCertificateOrganisationAssociativeCertificateTypeCertificateOrKeyIdPut_500" classname="com.laegler.openbanking.api.integration.OrganisationApiIntegrationTest" time="0.004">
    <error message="Invalid number of path parameters. Expected 5, was 0. Undefined path parameters are: OrganisationType, OrganisationId, SoftwareStatementId, OrganisationAssociativeCertificateType, CertificateOrKeyId." type="java.lang.IllegalArgumentException">java.lang.IllegalArgumentException: Invalid number of path parameters. Expected 5, was 0. Undefined path parameters are: OrganisationType, OrganisationId, SoftwareStatementId, OrganisationAssociativeCertificateType, CertificateOrKeyId.
	at com.laegler.openbanking.api.integration.OrganisationApiIntegrationTest.test_organisationOrganisationTypeOrganisationIdSoftwareStatementSoftwareStatementIdCertificateOrganisationAssociativeCertificateTypeCertificateOrKeyIdPut_500(OrganisationApiIntegrationTest.java:735)
</error>
    <system-out><![CDATA[Request method:	PUT
Request URI:	http://localhost:8080/example-api/organisation/organisation/%7BOrganisationType%7D/%7BOrganisationId%7D/software-statement/%7BSoftwareStatementId%7D/certificate/%7BOrganisationAssociativeCertificateType%7D/%7BCertificateOrKeyId%7D
Proxy:			<none>
Request params:	<none>
Query params:	<none>
Form params:	<none>
Path params:	<none>
Headers:		Accept=*/*
				Content-Type=application/json; charset=UTF-8
Cookies:		<none>
Multiparts:		<none>
Body:			<none>
]]></system-out>
  </testcase>
  <testcase name="test_organisationOrganisationTypeOrganisationIdSoftwareStatementSoftwareStatementIdCertificateOrganisationAssociativeCertificateTypeCertificateOrKeyIdPut_502" classname="com.laegler.openbanking.api.integration.OrganisationApiIntegrationTest" time="0.004">
    <error message="Invalid number of path parameters. Expected 5, was 0. Undefined path parameters are: OrganisationType, OrganisationId, SoftwareStatementId, OrganisationAssociativeCertificateType, CertificateOrKeyId." type="java.lang.IllegalArgumentException">java.lang.IllegalArgumentException: Invalid number of path parameters. Expected 5, was 0. Undefined path parameters are: OrganisationType, OrganisationId, SoftwareStatementId, OrganisationAssociativeCertificateType, CertificateOrKeyId.
	at com.laegler.openbanking.api.integration.OrganisationApiIntegrationTest.test_organisationOrganisationTypeOrganisationIdSoftwareStatementSoftwareStatementIdCertificateOrganisationAssociativeCertificateTypeCertificateOrKeyIdPut_502(OrganisationApiIntegrationTest.java:747)
</error>
    <system-out><![CDATA[Request method:	PUT
Request URI:	http://localhost:8080/example-api/organisation/organisation/%7BOrganisationType%7D/%7BOrganisationId%7D/software-statement/%7BSoftwareStatementId%7D/certificate/%7BOrganisationAssociativeCertificateType%7D/%7BCertificateOrKeyId%7D
Proxy:			<none>
Request params:	<none>
Query params:	<none>
Form params:	<none>
Path params:	<none>
Headers:		Accept=*/*
				Content-Type=application/json; charset=UTF-8
Cookies:		<none>
Multiparts:		<none>
Body:			<none>
]]></system-out>
  </testcase>
  <testcase name="test_organisationOrganisationTypeOrganisationIdSoftwareStatementSoftwareStatementIdCertificateOrganisationAssociativeCertificateTypeCertificateOrKeyIdGet_200" classname="com.laegler.openbanking.api.integration.OrganisationApiIntegrationTest" time="0.004">
    <error message="Invalid number of path parameters. Expected 5, was 0. Undefined path parameters are: OrganisationType, OrganisationId, SoftwareStatementId, OrganisationAssociativeCertificateType, CertificateOrKeyId." type="java.lang.IllegalArgumentException">java.lang.IllegalArgumentException: Invalid number of path parameters. Expected 5, was 0. Undefined path parameters are: OrganisationType, OrganisationId, SoftwareStatementId, OrganisationAssociativeCertificateType, CertificateOrKeyId.
	at com.laegler.openbanking.api.integration.OrganisationApiIntegrationTest.test_organisationOrganisationTypeOrganisationIdSoftwareStatementSoftwareStatementIdCertificateOrganisationAssociativeCertificateTypeCertificateOrKeyIdGet_200(OrganisationApiIntegrationTest.java:711)
</error>
    <system-out><![CDATA[Request method:	GET
Request URI:	http://localhost:8080/example-api/organisation/organisation/%7BOrganisationType%7D/%7BOrganisationId%7D/software-statement/%7BSoftwareStatementId%7D/certificate/%7BOrganisationAssociativeCertificateType%7D/%7BCertificateOrKeyId%7D
Proxy:			<none>
Request params:	<none>
Query params:	<none>
Form params:	<none>
Path params:	<none>
Headers:		Accept=*/*
				Content-Type=application/json; charset=UTF-8
Cookies:		<none>
Multiparts:		<none>
Body:			<none>
]]></system-out>
  </testcase>
  <testcase name="test_organisationOrganisationTypeOrganisationIdSoftwareStatementSoftwareStatementIdCertificateOrganisationAssociativeCertificateTypeCertificateOrKeyIdGet_400" classname="com.laegler.openbanking.api.integration.OrganisationApiIntegrationTest" time="0.005">
    <error message="Invalid number of path parameters. Expected 5, was 0. Undefined path parameters are: OrganisationType, OrganisationId, SoftwareStatementId, OrganisationAssociativeCertificateType, CertificateOrKeyId." type="java.lang.IllegalArgumentException">java.lang.IllegalArgumentException: Invalid number of path parameters. Expected 5, was 0. Undefined path parameters are: OrganisationType, OrganisationId, SoftwareStatementId, OrganisationAssociativeCertificateType, CertificateOrKeyId.
	at com.laegler.openbanking.api.integration.OrganisationApiIntegrationTest.test_organisationOrganisationTypeOrganisationIdSoftwareStatementSoftwareStatementIdCertificateOrganisationAssociativeCertificateTypeCertificateOrKeyIdGet_400(OrganisationApiIntegrationTest.java:675)
</error>
    <system-out><![CDATA[Request method:	GET
Request URI:	http://localhost:8080/example-api/organisation/organisation/%7BOrganisationType%7D/%7BOrganisationId%7D/software-statement/%7BSoftwareStatementId%7D/certificate/%7BOrganisationAssociativeCertificateType%7D/%7BCertificateOrKeyId%7D
Proxy:			<none>
Request params:	<none>
Query params:	<none>
Form params:	<none>
Path params:	<none>
Headers:		Accept=*/*
				Content-Type=application/json; charset=UTF-8
Cookies:		<none>
Multiparts:		<none>
Body:			<none>
]]></system-out>
  </testcase>
  <testcase name="test_organisationOrganisationTypeOrganisationIdSoftwareStatementSoftwareStatementIdCertificateOrganisationAssociativeCertificateTypeCertificateOrKeyIdGet_401" classname="com.laegler.openbanking.api.integration.OrganisationApiIntegrationTest" time="0.003">
    <error message="Invalid number of path parameters. Expected 5, was 0. Undefined path parameters are: OrganisationType, OrganisationId, SoftwareStatementId, OrganisationAssociativeCertificateType, CertificateOrKeyId." type="java.lang.IllegalArgumentException">java.lang.IllegalArgumentException: Invalid number of path parameters. Expected 5, was 0. Undefined path parameters are: OrganisationType, OrganisationId, SoftwareStatementId, OrganisationAssociativeCertificateType, CertificateOrKeyId.
	at com.laegler.openbanking.api.integration.OrganisationApiIntegrationTest.test_organisationOrganisationTypeOrganisationIdSoftwareStatementSoftwareStatementIdCertificateOrganisationAssociativeCertificateTypeCertificateOrKeyIdGet_401(OrganisationApiIntegrationTest.java:681)
</error>
    <system-out><![CDATA[Request method:	GET
Request URI:	http://localhost:8080/example-api/organisation/organisation/%7BOrganisationType%7D/%7BOrganisationId%7D/software-statement/%7BSoftwareStatementId%7D/certificate/%7BOrganisationAssociativeCertificateType%7D/%7BCertificateOrKeyId%7D
Proxy:			<none>
Request params:	<none>
Query params:	<none>
Form params:	<none>
Path params:	<none>
Headers:		Accept=*/*
				Content-Type=application/json; charset=UTF-8
Cookies:		<none>
Multiparts:		<none>
Body:			<none>
]]></system-out>
  </testcase>
  <testcase name="test_organisationOrganisationTypeOrganisationIdSoftwareStatementSoftwareStatementIdCertificateOrganisationAssociativeCertificateTypeCertificateOrKeyIdGet_404" classname="com.laegler.openbanking.api.integration.OrganisationApiIntegrationTest" time="0.004">
    <error message="Invalid number of path parameters. Expected 5, was 0. Undefined path parameters are: OrganisationType, OrganisationId, SoftwareStatementId, OrganisationAssociativeCertificateType, CertificateOrKeyId." type="java.lang.IllegalArgumentException">java.lang.IllegalArgumentException: Invalid number of path parameters. Expected 5, was 0. Undefined path parameters are: OrganisationType, OrganisationId, SoftwareStatementId, OrganisationAssociativeCertificateType, CertificateOrKeyId.
	at com.laegler.openbanking.api.integration.OrganisationApiIntegrationTest.test_organisationOrganisationTypeOrganisationIdSoftwareStatementSoftwareStatementIdCertificateOrganisationAssociativeCertificateTypeCertificateOrKeyIdGet_404(OrganisationApiIntegrationTest.java:687)
</error>
    <system-out><![CDATA[Request method:	GET
Request URI:	http://localhost:8080/example-api/organisation/organisation/%7BOrganisationType%7D/%7BOrganisationId%7D/software-statement/%7BSoftwareStatementId%7D/certificate/%7BOrganisationAssociativeCertificateType%7D/%7BCertificateOrKeyId%7D
Proxy:			<none>
Request params:	<none>
Query params:	<none>
Form params:	<none>
Path params:	<none>
Headers:		Accept=*/*
				Content-Type=application/json; charset=UTF-8
Cookies:		<none>
Multiparts:		<none>
Body:			<none>
]]></system-out>
  </testcase>
  <testcase name="test_organisationOrganisationTypeOrganisationIdSoftwareStatementSoftwareStatementIdCertificateOrganisationAssociativeCertificateTypeCertificateOrKeyIdGet_406" classname="com.laegler.openbanking.api.integration.OrganisationApiIntegrationTest" time="0.003">
    <error message="Invalid number of path parameters. Expected 5, was 0. Undefined path parameters are: OrganisationType, OrganisationId, SoftwareStatementId, OrganisationAssociativeCertificateType, CertificateOrKeyId." type="java.lang.IllegalArgumentException">java.lang.IllegalArgumentException: Invalid number of path parameters. Expected 5, was 0. Undefined path parameters are: OrganisationType, OrganisationId, SoftwareStatementId, OrganisationAssociativeCertificateType, CertificateOrKeyId.
	at com.laegler.openbanking.api.integration.OrganisationApiIntegrationTest.test_organisationOrganisationTypeOrganisationIdSoftwareStatementSoftwareStatementIdCertificateOrganisationAssociativeCertificateTypeCertificateOrKeyIdGet_406(OrganisationApiIntegrationTest.java:699)
</error>
    <system-out><![CDATA[Request method:	GET
Request URI:	http://localhost:8080/example-api/organisation/organisation/%7BOrganisationType%7D/%7BOrganisationId%7D/software-statement/%7BSoftwareStatementId%7D/certificate/%7BOrganisationAssociativeCertificateType%7D/%7BCertificateOrKeyId%7D
Proxy:			<none>
Request params:	<none>
Query params:	<none>
Form params:	<none>
Path params:	<none>
Headers:		Accept=*/*
				Content-Type=application/json; charset=UTF-8
Cookies:		<none>
Multiparts:		<none>
Body:			<none>
]]></system-out>
  </testcase>
  <testcase name="test_organisationOrganisationTypeOrganisationIdSoftwareStatementSoftwareStatementIdCertificateOrganisationAssociativeCertificateTypeCertificateOrKeyIdGet_500" classname="com.laegler.openbanking.api.integration.OrganisationApiIntegrationTest" time="0.005">
    <error message="Invalid number of path parameters. Expected 5, was 0. Undefined path parameters are: OrganisationType, OrganisationId, SoftwareStatementId, OrganisationAssociativeCertificateType, CertificateOrKeyId." type="java.lang.IllegalArgumentException">java.lang.IllegalArgumentException: Invalid number of path parameters. Expected 5, was 0. Undefined path parameters are: OrganisationType, OrganisationId, SoftwareStatementId, OrganisationAssociativeCertificateType, CertificateOrKeyId.
	at com.laegler.openbanking.api.integration.OrganisationApiIntegrationTest.test_organisationOrganisationTypeOrganisationIdSoftwareStatementSoftwareStatementIdCertificateOrganisationAssociativeCertificateTypeCertificateOrKeyIdGet_500(OrganisationApiIntegrationTest.java:693)
</error>
    <system-out><![CDATA[Request method:	GET
Request URI:	http://localhost:8080/example-api/organisation/organisation/%7BOrganisationType%7D/%7BOrganisationId%7D/software-statement/%7BSoftwareStatementId%7D/certificate/%7BOrganisationAssociativeCertificateType%7D/%7BCertificateOrKeyId%7D
Proxy:			<none>
Request params:	<none>
Query params:	<none>
Form params:	<none>
Path params:	<none>
Headers:		Accept=*/*
				Content-Type=application/json; charset=UTF-8
Cookies:		<none>
Multiparts:		<none>
Body:			<none>
]]></system-out>
  </testcase>
  <testcase name="test_organisationOrganisationTypeOrganisationIdSoftwareStatementSoftwareStatementIdCertificateOrganisationAssociativeCertificateTypeCertificateOrKeyIdGet_502" classname="com.laegler.openbanking.api.integration.OrganisationApiIntegrationTest" time="0.004">
    <error message="Invalid number of path parameters. Expected 5, was 0. Undefined path parameters are: OrganisationType, OrganisationId, SoftwareStatementId, OrganisationAssociativeCertificateType, CertificateOrKeyId." type="java.lang.IllegalArgumentException">java.lang.IllegalArgumentException: Invalid number of path parameters. Expected 5, was 0. Undefined path parameters are: OrganisationType, OrganisationId, SoftwareStatementId, OrganisationAssociativeCertificateType, CertificateOrKeyId.
	at com.laegler.openbanking.api.integration.OrganisationApiIntegrationTest.test_organisationOrganisationTypeOrganisationIdSoftwareStatementSoftwareStatementIdCertificateOrganisationAssociativeCertificateTypeCertificateOrKeyIdGet_502(OrganisationApiIntegrationTest.java:705)
</error>
    <system-out><![CDATA[Request method:	GET
Request URI:	http://localhost:8080/example-api/organisation/organisation/%7BOrganisationType%7D/%7BOrganisationId%7D/software-statement/%7BSoftwareStatementId%7D/certificate/%7BOrganisationAssociativeCertificateType%7D/%7BCertificateOrKeyId%7D
Proxy:			<none>
Request params:	<none>
Query params:	<none>
Form params:	<none>
Path params:	<none>
Headers:		Accept=*/*
				Content-Type=application/json; charset=UTF-8
Cookies:		<none>
Multiparts:		<none>
Body:			<none>
]]></system-out>
  </testcase>
  <testcase name="test_organisationOrganisationTypeOrganisationIdSoftwareStatementPost_201" classname="com.laegler.openbanking.api.integration.OrganisationApiIntegrationTest" time="0.003">
    <error message="Invalid number of path parameters. Expected 2, was 0. Undefined path parameters are: OrganisationType, OrganisationId." type="java.lang.IllegalArgumentException">java.lang.IllegalArgumentException: Invalid number of path parameters. Expected 2, was 0. Undefined path parameters are: OrganisationType, OrganisationId.
	at com.laegler.openbanking.api.integration.OrganisationApiIntegrationTest.test_organisationOrganisationTypeOrganisationIdSoftwareStatementPost_201(OrganisationApiIntegrationTest.java:627)
</error>
    <system-out><![CDATA[Request method:	POST
Request URI:	http://localhost:8080/example-api/organisation/organisation/%7BOrganisationType%7D/%7BOrganisationId%7D/software-statement
Proxy:			<none>
Request params:	<none>
Query params:	<none>
Form params:	<none>
Path params:	<none>
Headers:		Accept=*/*
				Content-Type=application/json; charset=UTF-8
Cookies:		<none>
Multiparts:		<none>
Body:			<none>
]]></system-out>
  </testcase>
  <testcase name="test_organisationOrganisationTypeOrganisationIdSoftwareStatementPost_400" classname="com.laegler.openbanking.api.integration.OrganisationApiIntegrationTest" time="0.003">
    <error message="Invalid number of path parameters. Expected 2, was 0. Undefined path parameters are: OrganisationType, OrganisationId." type="java.lang.IllegalArgumentException">java.lang.IllegalArgumentException: Invalid number of path parameters. Expected 2, was 0. Undefined path parameters are: OrganisationType, OrganisationId.
	at com.laegler.openbanking.api.integration.OrganisationApiIntegrationTest.test_organisationOrganisationTypeOrganisationIdSoftwareStatementPost_400(OrganisationApiIntegrationTest.java:597)
</error>
    <system-out><![CDATA[Request method:	POST
Request URI:	http://localhost:8080/example-api/organisation/organisation/%7BOrganisationType%7D/%7BOrganisationId%7D/software-statement
Proxy:			<none>
Request params:	<none>
Query params:	<none>
Form params:	<none>
Path params:	<none>
Headers:		Accept=*/*
				Content-Type=application/json; charset=UTF-8
Cookies:		<none>
Multiparts:		<none>
Body:			<none>
]]></system-out>
  </testcase>
  <testcase name="test_organisationOrganisationTypeOrganisationIdSoftwareStatementPost_401" classname="com.laegler.openbanking.api.integration.OrganisationApiIntegrationTest" time="0.004">
    <error message="Invalid number of path parameters. Expected 2, was 0. Undefined path parameters are: OrganisationType, OrganisationId." type="java.lang.IllegalArgumentException">java.lang.IllegalArgumentException: Invalid number of path parameters. Expected 2, was 0. Undefined path parameters are: OrganisationType, OrganisationId.
	at com.laegler.openbanking.api.integration.OrganisationApiIntegrationTest.test_organisationOrganisationTypeOrganisationIdSoftwareStatementPost_401(OrganisationApiIntegrationTest.java:603)
</error>
    <system-out><![CDATA[Request method:	POST
Request URI:	http://localhost:8080/example-api/organisation/organisation/%7BOrganisationType%7D/%7BOrganisationId%7D/software-statement
Proxy:			<none>
Request params:	<none>
Query params:	<none>
Form params:	<none>
Path params:	<none>
Headers:		Accept=*/*
				Content-Type=application/json; charset=UTF-8
Cookies:		<none>
Multiparts:		<none>
Body:			<none>
]]></system-out>
  </testcase>
  <testcase name="test_organisationOrganisationTypeOrganisationIdSoftwareStatementPost_406" classname="com.laegler.openbanking.api.integration.OrganisationApiIntegrationTest" time="0.004">
    <error message="Invalid number of path parameters. Expected 2, was 0. Undefined path parameters are: OrganisationType, OrganisationId." type="java.lang.IllegalArgumentException">java.lang.IllegalArgumentException: Invalid number of path parameters. Expected 2, was 0. Undefined path parameters are: OrganisationType, OrganisationId.
	at com.laegler.openbanking.api.integration.OrganisationApiIntegrationTest.test_organisationOrganisationTypeOrganisationIdSoftwareStatementPost_406(OrganisationApiIntegrationTest.java:615)
</error>
    <system-out><![CDATA[Request method:	POST
Request URI:	http://localhost:8080/example-api/organisation/organisation/%7BOrganisationType%7D/%7BOrganisationId%7D/software-statement
Proxy:			<none>
Request params:	<none>
Query params:	<none>
Form params:	<none>
Path params:	<none>
Headers:		Accept=*/*
				Content-Type=application/json; charset=UTF-8
Cookies:		<none>
Multiparts:		<none>
Body:			<none>
]]></system-out>
  </testcase>
  <testcase name="test_organisationOrganisationTypeOrganisationIdSoftwareStatementPost_500" classname="com.laegler.openbanking.api.integration.OrganisationApiIntegrationTest" time="0.003">
    <error message="Invalid number of path parameters. Expected 2, was 0. Undefined path parameters are: OrganisationType, OrganisationId." type="java.lang.IllegalArgumentException">java.lang.IllegalArgumentException: Invalid number of path parameters. Expected 2, was 0. Undefined path parameters are: OrganisationType, OrganisationId.
	at com.laegler.openbanking.api.integration.OrganisationApiIntegrationTest.test_organisationOrganisationTypeOrganisationIdSoftwareStatementPost_500(OrganisationApiIntegrationTest.java:609)
</error>
    <system-out><![CDATA[Request method:	POST
Request URI:	http://localhost:8080/example-api/organisation/organisation/%7BOrganisationType%7D/%7BOrganisationId%7D/software-statement
Proxy:			<none>
Request params:	<none>
Query params:	<none>
Form params:	<none>
Path params:	<none>
Headers:		Accept=*/*
				Content-Type=application/json; charset=UTF-8
Cookies:		<none>
Multiparts:		<none>
Body:			<none>
]]></system-out>
  </testcase>
  <testcase name="test_organisationOrganisationTypeOrganisationIdSoftwareStatementPost_502" classname="com.laegler.openbanking.api.integration.OrganisationApiIntegrationTest" time="0.004">
    <error message="Invalid number of path parameters. Expected 2, was 0. Undefined path parameters are: OrganisationType, OrganisationId." type="java.lang.IllegalArgumentException">java.lang.IllegalArgumentException: Invalid number of path parameters. Expected 2, was 0. Undefined path parameters are: OrganisationType, OrganisationId.
	at com.laegler.openbanking.api.integration.OrganisationApiIntegrationTest.test_organisationOrganisationTypeOrganisationIdSoftwareStatementPost_502(OrganisationApiIntegrationTest.java:621)
</error>
    <system-out><![CDATA[Request method:	POST
Request URI:	http://localhost:8080/example-api/organisation/organisation/%7BOrganisationType%7D/%7BOrganisationId%7D/software-statement
Proxy:			<none>
Request params:	<none>
Query params:	<none>
Form params:	<none>
Path params:	<none>
Headers:		Accept=*/*
				Content-Type=application/json; charset=UTF-8
Cookies:		<none>
Multiparts:		<none>
Body:			<none>
]]></system-out>
  </testcase>
  <testcase name="test_organisationOrganisationTypeOrganisationIdSoftwareStatementSoftwareStatementIdSoftwareStatementAssertionGet_200" classname="com.laegler.openbanking.api.integration.OrganisationApiIntegrationTest" time="0.004">
    <error message="Invalid number of path parameters. Expected 3, was 0. Undefined path parameters are: OrganisationType, OrganisationId, SoftwareStatementId." type="java.lang.IllegalArgumentException">java.lang.IllegalArgumentException: Invalid number of path parameters. Expected 3, was 0. Undefined path parameters are: OrganisationType, OrganisationId, SoftwareStatementId.
	at com.laegler.openbanking.api.integration.OrganisationApiIntegrationTest.test_organisationOrganisationTypeOrganisationIdSoftwareStatementSoftwareStatementIdSoftwareStatementAssertionGet_200(OrganisationApiIntegrationTest.java:1023)
</error>
    <system-out><![CDATA[Request method:	GET
Request URI:	http://localhost:8080/example-api/organisation/organisation/%7BOrganisationType%7D/%7BOrganisationId%7D/software-statement/%7BSoftwareStatementId%7D/software-statement-assertion
Proxy:			<none>
Request params:	<none>
Query params:	<none>
Form params:	<none>
Path params:	<none>
Headers:		Accept=*/*
				Content-Type=application/json; charset=UTF-8
Cookies:		<none>
Multiparts:		<none>
Body:			<none>
]]></system-out>
  </testcase>
  <testcase name="test_organisationOrganisationTypeOrganisationIdSoftwareStatementSoftwareStatementIdSoftwareStatementAssertionGet_400" classname="com.laegler.openbanking.api.integration.OrganisationApiIntegrationTest" time="0.003">
    <error message="Invalid number of path parameters. Expected 3, was 0. Undefined path parameters are: OrganisationType, OrganisationId, SoftwareStatementId." type="java.lang.IllegalArgumentException">java.lang.IllegalArgumentException: Invalid number of path parameters. Expected 3, was 0. Undefined path parameters are: OrganisationType, OrganisationId, SoftwareStatementId.
	at com.laegler.openbanking.api.integration.OrganisationApiIntegrationTest.test_organisationOrganisationTypeOrganisationIdSoftwareStatementSoftwareStatementIdSoftwareStatementAssertionGet_400(OrganisationApiIntegrationTest.java:987)
</error>
    <system-out><![CDATA[Request method:	GET
Request URI:	http://localhost:8080/example-api/organisation/organisation/%7BOrganisationType%7D/%7BOrganisationId%7D/software-statement/%7BSoftwareStatementId%7D/software-statement-assertion
Proxy:			<none>
Request params:	<none>
Query params:	<none>
Form params:	<none>
Path params:	<none>
Headers:		Accept=*/*
				Content-Type=application/json; charset=UTF-8
Cookies:		<none>
Multiparts:		<none>
Body:			<none>
]]></system-out>
  </testcase>
  <testcase name="test_organisationOrganisationTypeOrganisationIdSoftwareStatementSoftwareStatementIdSoftwareStatementAssertionGet_401" classname="com.laegler.openbanking.api.integration.OrganisationApiIntegrationTest" time="0.004">
    <error message="Invalid number of path parameters. Expected 3, was 0. Undefined path parameters are: OrganisationType, OrganisationId, SoftwareStatementId." type="java.lang.IllegalArgumentException">java.lang.IllegalArgumentException: Invalid number of path parameters. Expected 3, was 0. Undefined path parameters are: OrganisationType, OrganisationId, SoftwareStatementId.
	at com.laegler.openbanking.api.integration.OrganisationApiIntegrationTest.test_organisationOrganisationTypeOrganisationIdSoftwareStatementSoftwareStatementIdSoftwareStatementAssertionGet_401(OrganisationApiIntegrationTest.java:993)
</error>
    <system-out><![CDATA[Request method:	GET
Request URI:	http://localhost:8080/example-api/organisation/organisation/%7BOrganisationType%7D/%7BOrganisationId%7D/software-statement/%7BSoftwareStatementId%7D/software-statement-assertion
Proxy:			<none>
Request params:	<none>
Query params:	<none>
Form params:	<none>
Path params:	<none>
Headers:		Accept=*/*
				Content-Type=application/json; charset=UTF-8
Cookies:		<none>
Multiparts:		<none>
Body:			<none>
]]></system-out>
  </testcase>
  <testcase name="test_organisationOrganisationTypeOrganisationIdSoftwareStatementSoftwareStatementIdSoftwareStatementAssertionGet_404" classname="com.laegler.openbanking.api.integration.OrganisationApiIntegrationTest" time="0.003">
    <error message="Invalid number of path parameters. Expected 3, was 0. Undefined path parameters are: OrganisationType, OrganisationId, SoftwareStatementId." type="java.lang.IllegalArgumentException">java.lang.IllegalArgumentException: Invalid number of path parameters. Expected 3, was 0. Undefined path parameters are: OrganisationType, OrganisationId, SoftwareStatementId.
	at com.laegler.openbanking.api.integration.OrganisationApiIntegrationTest.test_organisationOrganisationTypeOrganisationIdSoftwareStatementSoftwareStatementIdSoftwareStatementAssertionGet_404(OrganisationApiIntegrationTest.java:999)
</error>
    <system-out><![CDATA[Request method:	GET
Request URI:	http://localhost:8080/example-api/organisation/organisation/%7BOrganisationType%7D/%7BOrganisationId%7D/software-statement/%7BSoftwareStatementId%7D/software-statement-assertion
Proxy:			<none>
Request params:	<none>
Query params:	<none>
Form params:	<none>
Path params:	<none>
Headers:		Accept=*/*
				Content-Type=application/json; charset=UTF-8
Cookies:		<none>
Multiparts:		<none>
Body:			<none>
]]></system-out>
  </testcase>
  <testcase name="test_organisationOrganisationTypeOrganisationIdSoftwareStatementSoftwareStatementIdSoftwareStatementAssertionGet_406" classname="com.laegler.openbanking.api.integration.OrganisationApiIntegrationTest" time="0.003">
    <error message="Invalid number of path parameters. Expected 3, was 0. Undefined path parameters are: OrganisationType, OrganisationId, SoftwareStatementId." type="java.lang.IllegalArgumentException">java.lang.IllegalArgumentException: Invalid number of path parameters. Expected 3, was 0. Undefined path parameters are: OrganisationType, OrganisationId, SoftwareStatementId.
	at com.laegler.openbanking.api.integration.OrganisationApiIntegrationTest.test_organisationOrganisationTypeOrganisationIdSoftwareStatementSoftwareStatementIdSoftwareStatementAssertionGet_406(OrganisationApiIntegrationTest.java:1011)
</error>
    <system-out><![CDATA[Request method:	GET
Request URI:	http://localhost:8080/example-api/organisation/organisation/%7BOrganisationType%7D/%7BOrganisationId%7D/software-statement/%7BSoftwareStatementId%7D/software-statement-assertion
Proxy:			<none>
Request params:	<none>
Query params:	<none>
Form params:	<none>
Path params:	<none>
Headers:		Accept=*/*
				Content-Type=application/json; charset=UTF-8
Cookies:		<none>
Multiparts:		<none>
Body:			<none>
]]></system-out>
  </testcase>
  <testcase name="test_organisationOrganisationTypeOrganisationIdSoftwareStatementSoftwareStatementIdSoftwareStatementAssertionGet_500" classname="com.laegler.openbanking.api.integration.OrganisationApiIntegrationTest" time="0.004">
    <error message="Invalid number of path parameters. Expected 3, was 0. Undefined path parameters are: OrganisationType, OrganisationId, SoftwareStatementId." type="java.lang.IllegalArgumentException">java.lang.IllegalArgumentException: Invalid number of path parameters. Expected 3, was 0. Undefined path parameters are: OrganisationType, OrganisationId, SoftwareStatementId.
	at com.laegler.openbanking.api.integration.OrganisationApiIntegrationTest.test_organisationOrganisationTypeOrganisationIdSoftwareStatementSoftwareStatementIdSoftwareStatementAssertionGet_500(OrganisationApiIntegrationTest.java:1005)
</error>
    <system-out><![CDATA[Request method:	GET
Request URI:	http://localhost:8080/example-api/organisation/organisation/%7BOrganisationType%7D/%7BOrganisationId%7D/software-statement/%7BSoftwareStatementId%7D/software-statement-assertion
Proxy:			<none>
Request params:	<none>
Query params:	<none>
Form params:	<none>
Path params:	<none>
Headers:		Accept=*/*
				Content-Type=application/json; charset=UTF-8
Cookies:		<none>
Multiparts:		<none>
Body:			<none>
]]></system-out>
  </testcase>
  <testcase name="test_organisationOrganisationTypeOrganisationIdSoftwareStatementSoftwareStatementIdSoftwareStatementAssertionGet_502" classname="com.laegler.openbanking.api.integration.OrganisationApiIntegrationTest" time="0.003">
    <error message="Invalid number of path parameters. Expected 3, was 0. Undefined path parameters are: OrganisationType, OrganisationId, SoftwareStatementId." type="java.lang.IllegalArgumentException">java.lang.IllegalArgumentException: Invalid number of path parameters. Expected 3, was 0. Undefined path parameters are: OrganisationType, OrganisationId, SoftwareStatementId.
	at com.laegler.openbanking.api.integration.OrganisationApiIntegrationTest.test_organisationOrganisationTypeOrganisationIdSoftwareStatementSoftwareStatementIdSoftwareStatementAssertionGet_502(OrganisationApiIntegrationTest.java:1017)
</error>
    <system-out><![CDATA[Request method:	GET
Request URI:	http://localhost:8080/example-api/organisation/organisation/%7BOrganisationType%7D/%7BOrganisationId%7D/software-statement/%7BSoftwareStatementId%7D/software-statement-assertion
Proxy:			<none>
Request params:	<none>
Query params:	<none>
Form params:	<none>
Path params:	<none>
Headers:		Accept=*/*
				Content-Type=application/json; charset=UTF-8
Cookies:		<none>
Multiparts:		<none>
Body:			<none>
]]></system-out>
  </testcase>
  <testcase name="test_organisationOrganisationTypeOrganisationIdAuthorisationServerAuthorisationServerIdDelete_204" classname="com.laegler.openbanking.api.integration.OrganisationApiIntegrationTest" time="0.003">
    <error message="Invalid number of path parameters. Expected 3, was 0. Undefined path parameters are: OrganisationType, OrganisationId, AuthorisationServerId." type="java.lang.IllegalArgumentException">java.lang.IllegalArgumentException: Invalid number of path parameters. Expected 3, was 0. Undefined path parameters are: OrganisationType, OrganisationId, AuthorisationServerId.
	at com.laegler.openbanking.api.integration.OrganisationApiIntegrationTest.test_organisationOrganisationTypeOrganisationIdAuthorisationServerAuthorisationServerIdDelete_204(OrganisationApiIntegrationTest.java:87)
</error>
    <system-out><![CDATA[Request method:	DELETE
Request URI:	http://localhost:8080/example-api/organisation/organisation/%7BOrganisationType%7D/%7BOrganisationId%7D/authorisation-server/%7BAuthorisationServerId%7D
Proxy:			<none>
Request params:	<none>
Query params:	<none>
Form params:	<none>
Path params:	<none>
Headers:		Accept=*/*
				Content-Type=application/json; charset=UTF-8
Cookies:		<none>
Multiparts:		<none>
Body:			<none>
]]></system-out>
  </testcase>
  <testcase name="test_organisationOrganisationTypeOrganisationIdAuthorisationServerAuthorisationServerIdDelete_400" classname="com.laegler.openbanking.api.integration.OrganisationApiIntegrationTest" time="0.003">
    <error message="Invalid number of path parameters. Expected 3, was 0. Undefined path parameters are: OrganisationType, OrganisationId, AuthorisationServerId." type="java.lang.IllegalArgumentException">java.lang.IllegalArgumentException: Invalid number of path parameters. Expected 3, was 0. Undefined path parameters are: OrganisationType, OrganisationId, AuthorisationServerId.
	at com.laegler.openbanking.api.integration.OrganisationApiIntegrationTest.test_organisationOrganisationTypeOrganisationIdAuthorisationServerAuthorisationServerIdDelete_400(OrganisationApiIntegrationTest.java:51)
</error>
    <system-out><![CDATA[Request method:	DELETE
Request URI:	http://localhost:8080/example-api/organisation/organisation/%7BOrganisationType%7D/%7BOrganisationId%7D/authorisation-server/%7BAuthorisationServerId%7D
Proxy:			<none>
Request params:	<none>
Query params:	<none>
Form params:	<none>
Path params:	<none>
Headers:		Accept=*/*
				Content-Type=application/json; charset=UTF-8
Cookies:		<none>
Multiparts:		<none>
Body:			<none>
]]></system-out>
  </testcase>
  <testcase name="test_organisationOrganisationTypeOrganisationIdAuthorisationServerAuthorisationServerIdDelete_401" classname="com.laegler.openbanking.api.integration.OrganisationApiIntegrationTest" time="0.003">
    <error message="Invalid number of path parameters. Expected 3, was 0. Undefined path parameters are: OrganisationType, OrganisationId, AuthorisationServerId." type="java.lang.IllegalArgumentException">java.lang.IllegalArgumentException: Invalid number of path parameters. Expected 3, was 0. Undefined path parameters are: OrganisationType, OrganisationId, AuthorisationServerId.
	at com.laegler.openbanking.api.integration.OrganisationApiIntegrationTest.test_organisationOrganisationTypeOrganisationIdAuthorisationServerAuthorisationServerIdDelete_401(OrganisationApiIntegrationTest.java:57)
</error>
    <system-out><![CDATA[Request method:	DELETE
Request URI:	http://localhost:8080/example-api/organisation/organisation/%7BOrganisationType%7D/%7BOrganisationId%7D/authorisation-server/%7BAuthorisationServerId%7D
Proxy:			<none>
Request params:	<none>
Query params:	<none>
Form params:	<none>
Path params:	<none>
Headers:		Accept=*/*
				Content-Type=application/json; charset=UTF-8
Cookies:		<none>
Multiparts:		<none>
Body:			<none>
]]></system-out>
  </testcase>
  <testcase name="test_organisationOrganisationTypeOrganisationIdAuthorisationServerAuthorisationServerIdDelete_404" classname="com.laegler.openbanking.api.integration.OrganisationApiIntegrationTest" time="0.003">
    <error message="Invalid number of path parameters. Expected 3, was 0. Undefined path parameters are: OrganisationType, OrganisationId, AuthorisationServerId." type="java.lang.IllegalArgumentException">java.lang.IllegalArgumentException: Invalid number of path parameters. Expected 3, was 0. Undefined path parameters are: OrganisationType, OrganisationId, AuthorisationServerId.
	at com.laegler.openbanking.api.integration.OrganisationApiIntegrationTest.test_organisationOrganisationTypeOrganisationIdAuthorisationServerAuthorisationServerIdDelete_404(OrganisationApiIntegrationTest.java:63)
</error>
    <system-out><![CDATA[Request method:	DELETE
Request URI:	http://localhost:8080/example-api/organisation/organisation/%7BOrganisationType%7D/%7BOrganisationId%7D/authorisation-server/%7BAuthorisationServerId%7D
Proxy:			<none>
Request params:	<none>
Query params:	<none>
Form params:	<none>
Path params:	<none>
Headers:		Accept=*/*
				Content-Type=application/json; charset=UTF-8
Cookies:		<none>
Multiparts:		<none>
Body:			<none>
]]></system-out>
  </testcase>
  <testcase name="test_organisationOrganisationTypeOrganisationIdAuthorisationServerAuthorisationServerIdDelete_406" classname="com.laegler.openbanking.api.integration.OrganisationApiIntegrationTest" time="0.003">
    <error message="Invalid number of path parameters. Expected 3, was 0. Undefined path parameters are: OrganisationType, OrganisationId, AuthorisationServerId." type="java.lang.IllegalArgumentException">java.lang.IllegalArgumentException: Invalid number of path parameters. Expected 3, was 0. Undefined path parameters are: OrganisationType, OrganisationId, AuthorisationServerId.
	at com.laegler.openbanking.api.integration.OrganisationApiIntegrationTest.test_organisationOrganisationTypeOrganisationIdAuthorisationServerAuthorisationServerIdDelete_406(OrganisationApiIntegrationTest.java:75)
</error>
    <system-out><![CDATA[Request method:	DELETE
Request URI:	http://localhost:8080/example-api/organisation/organisation/%7BOrganisationType%7D/%7BOrganisationId%7D/authorisation-server/%7BAuthorisationServerId%7D
Proxy:			<none>
Request params:	<none>
Query params:	<none>
Form params:	<none>
Path params:	<none>
Headers:		Accept=*/*
				Content-Type=application/json; charset=UTF-8
Cookies:		<none>
Multiparts:		<none>
Body:			<none>
]]></system-out>
  </testcase>
  <testcase name="test_organisationOrganisationTypeOrganisationIdAuthorisationServerAuthorisationServerIdDelete_500" classname="com.laegler.openbanking.api.integration.OrganisationApiIntegrationTest" time="0.003">
    <error message="Invalid number of path parameters. Expected 3, was 0. Undefined path parameters are: OrganisationType, OrganisationId, AuthorisationServerId." type="java.lang.IllegalArgumentException">java.lang.IllegalArgumentException: Invalid number of path parameters. Expected 3, was 0. Undefined path parameters are: OrganisationType, OrganisationId, AuthorisationServerId.
	at com.laegler.openbanking.api.integration.OrganisationApiIntegrationTest.test_organisationOrganisationTypeOrganisationIdAuthorisationServerAuthorisationServerIdDelete_500(OrganisationApiIntegrationTest.java:69)
</error>
    <system-out><![CDATA[Request method:	DELETE
Request URI:	http://localhost:8080/example-api/organisation/organisation/%7BOrganisationType%7D/%7BOrganisationId%7D/authorisation-server/%7BAuthorisationServerId%7D
Proxy:			<none>
Request params:	<none>
Query params:	<none>
Form params:	<none>
Path params:	<none>
Headers:		Accept=*/*
				Content-Type=application/json; charset=UTF-8
Cookies:		<none>
Multiparts:		<none>
Body:			<none>
]]></system-out>
  </testcase>
  <testcase name="test_organisationOrganisationTypeOrganisationIdAuthorisationServerAuthorisationServerIdDelete_502" classname="com.laegler.openbanking.api.integration.OrganisationApiIntegrationTest" time="0.003">
    <error message="Invalid number of path parameters. Expected 3, was 0. Undefined path parameters are: OrganisationType, OrganisationId, AuthorisationServerId." type="java.lang.IllegalArgumentException">java.lang.IllegalArgumentException: Invalid number of path parameters. Expected 3, was 0. Undefined path parameters are: OrganisationType, OrganisationId, AuthorisationServerId.
	at com.laegler.openbanking.api.integration.OrganisationApiIntegrationTest.test_organisationOrganisationTypeOrganisationIdAuthorisationServerAuthorisationServerIdDelete_502(OrganisationApiIntegrationTest.java:81)
</error>
    <system-out><![CDATA[Request method:	DELETE
Request URI:	http://localhost:8080/example-api/organisation/organisation/%7BOrganisationType%7D/%7BOrganisationId%7D/authorisation-server/%7BAuthorisationServerId%7D
Proxy:			<none>
Request params:	<none>
Query params:	<none>
Form params:	<none>
Path params:	<none>
Headers:		Accept=*/*
				Content-Type=application/json; charset=UTF-8
Cookies:		<none>
Multiparts:		<none>
Body:			<none>
]]></system-out>
  </testcase>
  <testcase name="test_organisationOrganisationTypeOrganisationIdAuthorisationServerPost_201" classname="com.laegler.openbanking.api.integration.OrganisationApiIntegrationTest" time="0.004">
    <error message="Invalid number of path parameters. Expected 2, was 0. Undefined path parameters are: OrganisationType, OrganisationId." type="java.lang.IllegalArgumentException">java.lang.IllegalArgumentException: Invalid number of path parameters. Expected 2, was 0. Undefined path parameters are: OrganisationType, OrganisationId.
	at com.laegler.openbanking.api.integration.OrganisationApiIntegrationTest.test_organisationOrganisationTypeOrganisationIdAuthorisationServerPost_201(OrganisationApiIntegrationTest.java:255)
</error>
    <system-out><![CDATA[Request method:	POST
Request URI:	http://localhost:8080/example-api/organisation/organisation/%7BOrganisationType%7D/%7BOrganisationId%7D/authorisation-server
Proxy:			<none>
Request params:	<none>
Query params:	<none>
Form params:	<none>
Path params:	<none>
Headers:		Accept=*/*
				Content-Type=application/json; charset=UTF-8
Cookies:		<none>
Multiparts:		<none>
Body:			<none>
]]></system-out>
  </testcase>
  <testcase name="test_organisationOrganisationTypeOrganisationIdAuthorisationServerPost_400" classname="com.laegler.openbanking.api.integration.OrganisationApiIntegrationTest" time="0.003">
    <error message="Invalid number of path parameters. Expected 2, was 0. Undefined path parameters are: OrganisationType, OrganisationId." type="java.lang.IllegalArgumentException">java.lang.IllegalArgumentException: Invalid number of path parameters. Expected 2, was 0. Undefined path parameters are: OrganisationType, OrganisationId.
	at com.laegler.openbanking.api.integration.OrganisationApiIntegrationTest.test_organisationOrganisationTypeOrganisationIdAuthorisationServerPost_400(OrganisationApiIntegrationTest.java:219)
</error>
    <system-out><![CDATA[Request method:	POST
Request URI:	http://localhost:8080/example-api/organisation/organisation/%7BOrganisationType%7D/%7BOrganisationId%7D/authorisation-server
Proxy:			<none>
Request params:	<none>
Query params:	<none>
Form params:	<none>
Path params:	<none>
Headers:		Accept=*/*
				Content-Type=application/json; charset=UTF-8
Cookies:		<none>
Multiparts:		<none>
Body:			<none>
]]></system-out>
  </testcase>
  <testcase name="test_organisationOrganisationTypeOrganisationIdAuthorisationServerPost_401" classname="com.laegler.openbanking.api.integration.OrganisationApiIntegrationTest" time="0.003">
    <error message="Invalid number of path parameters. Expected 2, was 0. Undefined path parameters are: OrganisationType, OrganisationId." type="java.lang.IllegalArgumentException">java.lang.IllegalArgumentException: Invalid number of path parameters. Expected 2, was 0. Undefined path parameters are: OrganisationType, OrganisationId.
	at com.laegler.openbanking.api.integration.OrganisationApiIntegrationTest.test_organisationOrganisationTypeOrganisationIdAuthorisationServerPost_401(OrganisationApiIntegrationTest.java:225)
</error>
    <system-out><![CDATA[Request method:	POST
Request URI:	http://localhost:8080/example-api/organisation/organisation/%7BOrganisationType%7D/%7BOrganisationId%7D/authorisation-server
Proxy:			<none>
Request params:	<none>
Query params:	<none>
Form params:	<none>
Path params:	<none>
Headers:		Accept=*/*
				Content-Type=application/json; charset=UTF-8
Cookies:		<none>
Multiparts:		<none>
Body:			<none>
]]></system-out>
  </testcase>
  <testcase name="test_organisationOrganisationTypeOrganisationIdAuthorisationServerPost_404" classname="com.laegler.openbanking.api.integration.OrganisationApiIntegrationTest" time="0.003">
    <error message="Invalid number of path parameters. Expected 2, was 0. Undefined path parameters are: OrganisationType, OrganisationId." type="java.lang.IllegalArgumentException">java.lang.IllegalArgumentException: Invalid number of path parameters. Expected 2, was 0. Undefined path parameters are: OrganisationType, OrganisationId.
	at com.laegler.openbanking.api.integration.OrganisationApiIntegrationTest.test_organisationOrganisationTypeOrganisationIdAuthorisationServerPost_404(OrganisationApiIntegrationTest.java:231)
</error>
    <system-out><![CDATA[Request method:	POST
Request URI:	http://localhost:8080/example-api/organisation/organisation/%7BOrganisationType%7D/%7BOrganisationId%7D/authorisation-server
Proxy:			<none>
Request params:	<none>
Query params:	<none>
Form params:	<none>
Path params:	<none>
Headers:		Accept=*/*
				Content-Type=application/json; charset=UTF-8
Cookies:		<none>
Multiparts:		<none>
Body:			<none>
]]></system-out>
  </testcase>
  <testcase name="test_organisationOrganisationTypeOrganisationIdAuthorisationServerPost_406" classname="com.laegler.openbanking.api.integration.OrganisationApiIntegrationTest" time="0.003">
    <error message="Invalid number of path parameters. Expected 2, was 0. Undefined path parameters are: OrganisationType, OrganisationId." type="java.lang.IllegalArgumentException">java.lang.IllegalArgumentException: Invalid number of path parameters. Expected 2, was 0. Undefined path parameters are: OrganisationType, OrganisationId.
	at com.laegler.openbanking.api.integration.OrganisationApiIntegrationTest.test_organisationOrganisationTypeOrganisationIdAuthorisationServerPost_406(OrganisationApiIntegrationTest.java:243)
</error>
    <system-out><![CDATA[Request method:	POST
Request URI:	http://localhost:8080/example-api/organisation/organisation/%7BOrganisationType%7D/%7BOrganisationId%7D/authorisation-server
Proxy:			<none>
Request params:	<none>
Query params:	<none>
Form params:	<none>
Path params:	<none>
Headers:		Accept=*/*
				Content-Type=application/json; charset=UTF-8
Cookies:		<none>
Multiparts:		<none>
Body:			<none>
]]></system-out>
  </testcase>
  <testcase name="test_organisationOrganisationTypeOrganisationIdAuthorisationServerPost_500" classname="com.laegler.openbanking.api.integration.OrganisationApiIntegrationTest" time="0.002">
    <error message="Invalid number of path parameters. Expected 2, was 0. Undefined path parameters are: OrganisationType, OrganisationId." type="java.lang.IllegalArgumentException">java.lang.IllegalArgumentException: Invalid number of path parameters. Expected 2, was 0. Undefined path parameters are: OrganisationType, OrganisationId.
	at com.laegler.openbanking.api.integration.OrganisationApiIntegrationTest.test_organisationOrganisationTypeOrganisationIdAuthorisationServerPost_500(OrganisationApiIntegrationTest.java:237)
</error>
    <system-out><![CDATA[Request method:	POST
Request URI:	http://localhost:8080/example-api/organisation/organisation/%7BOrganisationType%7D/%7BOrganisationId%7D/authorisation-server
Proxy:			<none>
Request params:	<none>
Query params:	<none>
Form params:	<none>
Path params:	<none>
Headers:		Accept=*/*
				Content-Type=application/json; charset=UTF-8
Cookies:		<none>
Multiparts:		<none>
Body:			<none>
]]></system-out>
  </testcase>
  <testcase name="test_organisationOrganisationTypeOrganisationIdAuthorisationServerPost_502" classname="com.laegler.openbanking.api.integration.OrganisationApiIntegrationTest" time="0.003">
    <error message="Invalid number of path parameters. Expected 2, was 0. Undefined path parameters are: OrganisationType, OrganisationId." type="java.lang.IllegalArgumentException">java.lang.IllegalArgumentException: Invalid number of path parameters. Expected 2, was 0. Undefined path parameters are: OrganisationType, OrganisationId.
	at com.laegler.openbanking.api.integration.OrganisationApiIntegrationTest.test_organisationOrganisationTypeOrganisationIdAuthorisationServerPost_502(OrganisationApiIntegrationTest.java:249)
</error>
    <system-out><![CDATA[Request method:	POST
Request URI:	http://localhost:8080/example-api/organisation/organisation/%7BOrganisationType%7D/%7BOrganisationId%7D/authorisation-server
Proxy:			<none>
Request params:	<none>
Query params:	<none>
Form params:	<none>
Path params:	<none>
Headers:		Accept=*/*
				Content-Type=application/json; charset=UTF-8
Cookies:		<none>
Multiparts:		<none>
Body:			<none>
]]></system-out>
  </testcase>
  <testcase name="test_organisationOrganisationTypeOrganisationIdSoftwareStatementSoftwareStatementIdPut_200" classname="com.laegler.openbanking.api.integration.OrganisationApiIntegrationTest" time="0.003">
    <error message="Invalid number of path parameters. Expected 3, was 0. Undefined path parameters are: OrganisationType, OrganisationId, SoftwareStatementId." type="java.lang.IllegalArgumentException">java.lang.IllegalArgumentException: Invalid number of path parameters. Expected 3, was 0. Undefined path parameters are: OrganisationType, OrganisationId, SoftwareStatementId.
	at com.laegler.openbanking.api.integration.OrganisationApiIntegrationTest.test_organisationOrganisationTypeOrganisationIdSoftwareStatementSoftwareStatementIdPut_200(OrganisationApiIntegrationTest.java:933)
</error>
    <system-out><![CDATA[Request method:	PUT
Request URI:	http://localhost:8080/example-api/organisation/organisation/%7BOrganisationType%7D/%7BOrganisationId%7D/software-statement/%7BSoftwareStatementId%7D
Proxy:			<none>
Request params:	<none>
Query params:	<none>
Form params:	<none>
Path params:	<none>
Headers:		Accept=*/*
				Content-Type=application/json; charset=UTF-8
Cookies:		<none>
Multiparts:		<none>
Body:			<none>
]]></system-out>
  </testcase>
  <testcase name="test_organisationOrganisationTypeOrganisationIdSoftwareStatementSoftwareStatementIdPut_400" classname="com.laegler.openbanking.api.integration.OrganisationApiIntegrationTest" time="0.003">
    <error message="Invalid number of path parameters. Expected 3, was 0. Undefined path parameters are: OrganisationType, OrganisationId, SoftwareStatementId." type="java.lang.IllegalArgumentException">java.lang.IllegalArgumentException: Invalid number of path parameters. Expected 3, was 0. Undefined path parameters are: OrganisationType, OrganisationId, SoftwareStatementId.
	at com.laegler.openbanking.api.integration.OrganisationApiIntegrationTest.test_organisationOrganisationTypeOrganisationIdSoftwareStatementSoftwareStatementIdPut_400(OrganisationApiIntegrationTest.java:897)
</error>
    <system-out><![CDATA[Request method:	PUT
Request URI:	http://localhost:8080/example-api/organisation/organisation/%7BOrganisationType%7D/%7BOrganisationId%7D/software-statement/%7BSoftwareStatementId%7D
Proxy:			<none>
Request params:	<none>
Query params:	<none>
Form params:	<none>
Path params:	<none>
Headers:		Accept=*/*
				Content-Type=application/json; charset=UTF-8
Cookies:		<none>
Multiparts:		<none>
Body:			<none>
]]></system-out>
  </testcase>
  <testcase name="test_organisationOrganisationTypeOrganisationIdSoftwareStatementSoftwareStatementIdPut_401" classname="com.laegler.openbanking.api.integration.OrganisationApiIntegrationTest" time="0.002">
    <error message="Invalid number of path parameters. Expected 3, was 0. Undefined path parameters are: OrganisationType, OrganisationId, SoftwareStatementId." type="java.lang.IllegalArgumentException">java.lang.IllegalArgumentException: Invalid number of path parameters. Expected 3, was 0. Undefined path parameters are: OrganisationType, OrganisationId, SoftwareStatementId.
	at com.laegler.openbanking.api.integration.OrganisationApiIntegrationTest.test_organisationOrganisationTypeOrganisationIdSoftwareStatementSoftwareStatementIdPut_401(OrganisationApiIntegrationTest.java:903)
</error>
    <system-out><![CDATA[Request method:	PUT
Request URI:	http://localhost:8080/example-api/organisation/organisation/%7BOrganisationType%7D/%7BOrganisationId%7D/software-statement/%7BSoftwareStatementId%7D
Proxy:			<none>
Request params:	<none>
Query params:	<none>
Form params:	<none>
Path params:	<none>
Headers:		Accept=*/*
				Content-Type=application/json; charset=UTF-8
Cookies:		<none>
Multiparts:		<none>
Body:			<none>
]]></system-out>
  </testcase>
  <testcase name="test_organisationOrganisationTypeOrganisationIdSoftwareStatementSoftwareStatementIdPut_404" classname="com.laegler.openbanking.api.integration.OrganisationApiIntegrationTest" time="0.003">
    <error message="Invalid number of path parameters. Expected 3, was 0. Undefined path parameters are: OrganisationType, OrganisationId, SoftwareStatementId." type="java.lang.IllegalArgumentException">java.lang.IllegalArgumentException: Invalid number of path parameters. Expected 3, was 0. Undefined path parameters are: OrganisationType, OrganisationId, SoftwareStatementId.
	at com.laegler.openbanking.api.integration.OrganisationApiIntegrationTest.test_organisationOrganisationTypeOrganisationIdSoftwareStatementSoftwareStatementIdPut_404(OrganisationApiIntegrationTest.java:909)
</error>
    <system-out><![CDATA[Request method:	PUT
Request URI:	http://localhost:8080/example-api/organisation/organisation/%7BOrganisationType%7D/%7BOrganisationId%7D/software-statement/%7BSoftwareStatementId%7D
Proxy:			<none>
Request params:	<none>
Query params:	<none>
Form params:	<none>
Path params:	<none>
Headers:		Accept=*/*
				Content-Type=application/json; charset=UTF-8
Cookies:		<none>
Multiparts:		<none>
Body:			<none>
]]></system-out>
  </testcase>
  <testcase name="test_organisationOrganisationTypeOrganisationIdSoftwareStatementSoftwareStatementIdPut_406" classname="com.laegler.openbanking.api.integration.OrganisationApiIntegrationTest" time="0.003">
    <error message="Invalid number of path parameters. Expected 3, was 0. Undefined path parameters are: OrganisationType, OrganisationId, SoftwareStatementId." type="java.lang.IllegalArgumentException">java.lang.IllegalArgumentException: Invalid number of path parameters. Expected 3, was 0. Undefined path parameters are: OrganisationType, OrganisationId, SoftwareStatementId.
	at com.laegler.openbanking.api.integration.OrganisationApiIntegrationTest.test_organisationOrganisationTypeOrganisationIdSoftwareStatementSoftwareStatementIdPut_406(OrganisationApiIntegrationTest.java:921)
</error>
    <system-out><![CDATA[Request method:	PUT
Request URI:	http://localhost:8080/example-api/organisation/organisation/%7BOrganisationType%7D/%7BOrganisationId%7D/software-statement/%7BSoftwareStatementId%7D
Proxy:			<none>
Request params:	<none>
Query params:	<none>
Form params:	<none>
Path params:	<none>
Headers:		Accept=*/*
				Content-Type=application/json; charset=UTF-8
Cookies:		<none>
Multiparts:		<none>
Body:			<none>
]]></system-out>
  </testcase>
  <testcase name="test_organisationOrganisationTypeOrganisationIdSoftwareStatementSoftwareStatementIdPut_500" classname="com.laegler.openbanking.api.integration.OrganisationApiIntegrationTest" time="0.002">
    <error message="Invalid number of path parameters. Expected 3, was 0. Undefined path parameters are: OrganisationType, OrganisationId, SoftwareStatementId." type="java.lang.IllegalArgumentException">java.lang.IllegalArgumentException: Invalid number of path parameters. Expected 3, was 0. Undefined path parameters are: OrganisationType, OrganisationId, SoftwareStatementId.
	at com.laegler.openbanking.api.integration.OrganisationApiIntegrationTest.test_organisationOrganisationTypeOrganisationIdSoftwareStatementSoftwareStatementIdPut_500(OrganisationApiIntegrationTest.java:915)
</error>
    <system-out><![CDATA[Request method:	PUT
Request URI:	http://localhost:8080/example-api/organisation/organisation/%7BOrganisationType%7D/%7BOrganisationId%7D/software-statement/%7BSoftwareStatementId%7D
Proxy:			<none>
Request params:	<none>
Query params:	<none>
Form params:	<none>
Path params:	<none>
Headers:		Accept=*/*
				Content-Type=application/json; charset=UTF-8
Cookies:		<none>
Multiparts:		<none>
Body:			<none>
]]></system-out>
  </testcase>
  <testcase name="test_organisationOrganisationTypeOrganisationIdSoftwareStatementSoftwareStatementIdPut_502" classname="com.laegler.openbanking.api.integration.OrganisationApiIntegrationTest" time="0.002">
    <error message="Invalid number of path parameters. Expected 3, was 0. Undefined path parameters are: OrganisationType, OrganisationId, SoftwareStatementId." type="java.lang.IllegalArgumentException">java.lang.IllegalArgumentException: Invalid number of path parameters. Expected 3, was 0. Undefined path parameters are: OrganisationType, OrganisationId, SoftwareStatementId.
	at com.laegler.openbanking.api.integration.OrganisationApiIntegrationTest.test_organisationOrganisationTypeOrganisationIdSoftwareStatementSoftwareStatementIdPut_502(OrganisationApiIntegrationTest.java:927)
</error>
    <system-out><![CDATA[Request method:	PUT
Request URI:	http://localhost:8080/example-api/organisation/organisation/%7BOrganisationType%7D/%7BOrganisationId%7D/software-statement/%7BSoftwareStatementId%7D
Proxy:			<none>
Request params:	<none>
Query params:	<none>
Form params:	<none>
Path params:	<none>
Headers:		Accept=*/*
				Content-Type=application/json; charset=UTF-8
Cookies:		<none>
Multiparts:		<none>
Body:			<none>
]]></system-out>
  </testcase>
  <testcase name="test_organisationOrganisationTypeOrganisationIdSoftwareStatementSoftwareStatementIdGet_200" classname="com.laegler.openbanking.api.integration.OrganisationApiIntegrationTest" time="0.003">
    <error message="Invalid number of path parameters. Expected 3, was 0. Undefined path parameters are: OrganisationType, OrganisationId, SoftwareStatementId." type="java.lang.IllegalArgumentException">java.lang.IllegalArgumentException: Invalid number of path parameters. Expected 3, was 0. Undefined path parameters are: OrganisationType, OrganisationId, SoftwareStatementId.
	at com.laegler.openbanking.api.integration.OrganisationApiIntegrationTest.test_organisationOrganisationTypeOrganisationIdSoftwareStatementSoftwareStatementIdGet_200(OrganisationApiIntegrationTest.java:891)
</error>
    <system-out><![CDATA[Request method:	GET
Request URI:	http://localhost:8080/example-api/organisation/organisation/%7BOrganisationType%7D/%7BOrganisationId%7D/software-statement/%7BSoftwareStatementId%7D
Proxy:			<none>
Request params:	<none>
Query params:	<none>
Form params:	<none>
Path params:	<none>
Headers:		Accept=*/*
				Content-Type=application/json; charset=UTF-8
Cookies:		<none>
Multiparts:		<none>
Body:			<none>
]]></system-out>
  </testcase>
  <testcase name="test_organisationOrganisationTypeOrganisationIdSoftwareStatementSoftwareStatementIdGet_400" classname="com.laegler.openbanking.api.integration.OrganisationApiIntegrationTest" time="0.003">
    <error message="Invalid number of path parameters. Expected 3, was 0. Undefined path parameters are: OrganisationType, OrganisationId, SoftwareStatementId." type="java.lang.IllegalArgumentException">java.lang.IllegalArgumentException: Invalid number of path parameters. Expected 3, was 0. Undefined path parameters are: OrganisationType, OrganisationId, SoftwareStatementId.
	at com.laegler.openbanking.api.integration.OrganisationApiIntegrationTest.test_organisationOrganisationTypeOrganisationIdSoftwareStatementSoftwareStatementIdGet_400(OrganisationApiIntegrationTest.java:855)
</error>
    <system-out><![CDATA[Request method:	GET
Request URI:	http://localhost:8080/example-api/organisation/organisation/%7BOrganisationType%7D/%7BOrganisationId%7D/software-statement/%7BSoftwareStatementId%7D
Proxy:			<none>
Request params:	<none>
Query params:	<none>
Form params:	<none>
Path params:	<none>
Headers:		Accept=*/*
				Content-Type=application/json; charset=UTF-8
Cookies:		<none>
Multiparts:		<none>
Body:			<none>
]]></system-out>
  </testcase>
  <testcase name="test_organisationOrganisationTypeOrganisationIdSoftwareStatementSoftwareStatementIdGet_401" classname="com.laegler.openbanking.api.integration.OrganisationApiIntegrationTest" time="0.003">
    <error message="Invalid number of path parameters. Expected 3, was 0. Undefined path parameters are: OrganisationType, OrganisationId, SoftwareStatementId." type="java.lang.IllegalArgumentException">java.lang.IllegalArgumentException: Invalid number of path parameters. Expected 3, was 0. Undefined path parameters are: OrganisationType, OrganisationId, SoftwareStatementId.
	at com.laegler.openbanking.api.integration.OrganisationApiIntegrationTest.test_organisationOrganisationTypeOrganisationIdSoftwareStatementSoftwareStatementIdGet_401(OrganisationApiIntegrationTest.java:861)
</error>
    <system-out><![CDATA[Request method:	GET
Request URI:	http://localhost:8080/example-api/organisation/organisation/%7BOrganisationType%7D/%7BOrganisationId%7D/software-statement/%7BSoftwareStatementId%7D
Proxy:			<none>
Request params:	<none>
Query params:	<none>
Form params:	<none>
Path params:	<none>
Headers:		Accept=*/*
				Content-Type=application/json; charset=UTF-8
Cookies:		<none>
Multiparts:		<none>
Body:			<none>
]]></system-out>
  </testcase>
  <testcase name="test_organisationOrganisationTypeOrganisationIdSoftwareStatementSoftwareStatementIdGet_404" classname="com.laegler.openbanking.api.integration.OrganisationApiIntegrationTest" time="0.003">
    <error message="Invalid number of path parameters. Expected 3, was 0. Undefined path parameters are: OrganisationType, OrganisationId, SoftwareStatementId." type="java.lang.IllegalArgumentException">java.lang.IllegalArgumentException: Invalid number of path parameters. Expected 3, was 0. Undefined path parameters are: OrganisationType, OrganisationId, SoftwareStatementId.
	at com.laegler.openbanking.api.integration.OrganisationApiIntegrationTest.test_organisationOrganisationTypeOrganisationIdSoftwareStatementSoftwareStatementIdGet_404(OrganisationApiIntegrationTest.java:867)
</error>
    <system-out><![CDATA[Request method:	GET
Request URI:	http://localhost:8080/example-api/organisation/organisation/%7BOrganisationType%7D/%7BOrganisationId%7D/software-statement/%7BSoftwareStatementId%7D
Proxy:			<none>
Request params:	<none>
Query params:	<none>
Form params:	<none>
Path params:	<none>
Headers:		Accept=*/*
				Content-Type=application/json; charset=UTF-8
Cookies:		<none>
Multiparts:		<none>
Body:			<none>
]]></system-out>
  </testcase>
  <testcase name="test_organisationOrganisationTypeOrganisationIdSoftwareStatementSoftwareStatementIdGet_406" classname="com.laegler.openbanking.api.integration.OrganisationApiIntegrationTest" time="0.002">
    <error message="Invalid number of path parameters. Expected 3, was 0. Undefined path parameters are: OrganisationType, OrganisationId, SoftwareStatementId." type="java.lang.IllegalArgumentException">java.lang.IllegalArgumentException: Invalid number of path parameters. Expected 3, was 0. Undefined path parameters are: OrganisationType, OrganisationId, SoftwareStatementId.
	at com.laegler.openbanking.api.integration.OrganisationApiIntegrationTest.test_organisationOrganisationTypeOrganisationIdSoftwareStatementSoftwareStatementIdGet_406(OrganisationApiIntegrationTest.java:879)
</error>
    <system-out><![CDATA[Request method:	GET
Request URI:	http://localhost:8080/example-api/organisation/organisation/%7BOrganisationType%7D/%7BOrganisationId%7D/software-statement/%7BSoftwareStatementId%7D
Proxy:			<none>
Request params:	<none>
Query params:	<none>
Form params:	<none>
Path params:	<none>
Headers:		Accept=*/*
				Content-Type=application/json; charset=UTF-8
Cookies:		<none>
Multiparts:		<none>
Body:			<none>
]]></system-out>
  </testcase>
  <testcase name="test_organisationOrganisationTypeOrganisationIdSoftwareStatementSoftwareStatementIdGet_500" classname="com.laegler.openbanking.api.integration.OrganisationApiIntegrationTest" time="0.003">
    <error message="Invalid number of path parameters. Expected 3, was 0. Undefined path parameters are: OrganisationType, OrganisationId, SoftwareStatementId." type="java.lang.IllegalArgumentException">java.lang.IllegalArgumentException: Invalid number of path parameters. Expected 3, was 0. Undefined path parameters are: OrganisationType, OrganisationId, SoftwareStatementId.
	at com.laegler.openbanking.api.integration.OrganisationApiIntegrationTest.test_organisationOrganisationTypeOrganisationIdSoftwareStatementSoftwareStatementIdGet_500(OrganisationApiIntegrationTest.java:873)
</error>
    <system-out><![CDATA[Request method:	GET
Request URI:	http://localhost:8080/example-api/organisation/organisation/%7BOrganisationType%7D/%7BOrganisationId%7D/software-statement/%7BSoftwareStatementId%7D
Proxy:			<none>
Request params:	<none>
Query params:	<none>
Form params:	<none>
Path params:	<none>
Headers:		Accept=*/*
				Content-Type=application/json; charset=UTF-8
Cookies:		<none>
Multiparts:		<none>
Body:			<none>
]]></system-out>
  </testcase>
  <testcase name="test_organisationOrganisationTypeOrganisationIdSoftwareStatementSoftwareStatementIdGet_502" classname="com.laegler.openbanking.api.integration.OrganisationApiIntegrationTest" time="0.002">
    <error message="Invalid number of path parameters. Expected 3, was 0. Undefined path parameters are: OrganisationType, OrganisationId, SoftwareStatementId." type="java.lang.IllegalArgumentException">java.lang.IllegalArgumentException: Invalid number of path parameters. Expected 3, was 0. Undefined path parameters are: OrganisationType, OrganisationId, SoftwareStatementId.
	at com.laegler.openbanking.api.integration.OrganisationApiIntegrationTest.test_organisationOrganisationTypeOrganisationIdSoftwareStatementSoftwareStatementIdGet_502(OrganisationApiIntegrationTest.java:885)
</error>
    <system-out><![CDATA[Request method:	GET
Request URI:	http://localhost:8080/example-api/organisation/organisation/%7BOrganisationType%7D/%7BOrganisationId%7D/software-statement/%7BSoftwareStatementId%7D
Proxy:			<none>
Request params:	<none>
Query params:	<none>
Form params:	<none>
Path params:	<none>
Headers:		Accept=*/*
				Content-Type=application/json; charset=UTF-8
Cookies:		<none>
Multiparts:		<none>
Body:			<none>
]]></system-out>
  </testcase>
  <testcase name="test_organisationOrganisationTypeGet_200" classname="com.laegler.openbanking.api.integration.OrganisationApiIntegrationTest" time="0.002">
    <error message="Invalid number of path parameters. Expected 1, was 0. Undefined path parameters are: OrganisationType." type="java.lang.IllegalArgumentException">java.lang.IllegalArgumentException: Invalid number of path parameters. Expected 1, was 0. Undefined path parameters are: OrganisationType.
	at com.laegler.openbanking.api.integration.OrganisationApiIntegrationTest.test_organisationOrganisationTypeGet_200(OrganisationApiIntegrationTest.java:45)
</error>
    <system-out><![CDATA[Request method:	GET
Request URI:	http://localhost:8080/example-api/organisation/organisation/%7BOrganisationType%7D
Proxy:			<none>
Request params:	<none>
Query params:	<none>
Form params:	<none>
Path params:	<none>
Headers:		Accept=*/*
				Content-Type=application/json; charset=UTF-8
Cookies:		<none>
Multiparts:		<none>
Body:			<none>
]]></system-out>
  </testcase>
  <testcase name="test_organisationOrganisationTypeGet_406" classname="com.laegler.openbanking.api.integration.OrganisationApiIntegrationTest" time="0.002">
    <error message="Invalid number of path parameters. Expected 1, was 0. Undefined path parameters are: OrganisationType." type="java.lang.IllegalArgumentException">java.lang.IllegalArgumentException: Invalid number of path parameters. Expected 1, was 0. Undefined path parameters are: OrganisationType.
	at com.laegler.openbanking.api.integration.OrganisationApiIntegrationTest.test_organisationOrganisationTypeGet_406(OrganisationApiIntegrationTest.java:39)
</error>
    <system-out><![CDATA[Request method:	GET
Request URI:	http://localhost:8080/example-api/organisation/organisation/%7BOrganisationType%7D
Proxy:			<none>
Request params:	<none>
Query params:	<none>
Form params:	<none>
Path params:	<none>
Headers:		Accept=*/*
				Content-Type=application/json; charset=UTF-8
Cookies:		<none>
Multiparts:		<none>
Body:			<none>
]]></system-out>
  </testcase>
  <testcase name="test_organisationOrganisationTypePost_201" classname="com.laegler.openbanking.api.integration.OrganisationApiIntegrationTest" time="0.002">
    <error message="Invalid number of path parameters. Expected 1, was 0. Undefined path parameters are: OrganisationType." type="java.lang.IllegalArgumentException">java.lang.IllegalArgumentException: Invalid number of path parameters. Expected 1, was 0. Undefined path parameters are: OrganisationType.
	at com.laegler.openbanking.api.integration.OrganisationApiIntegrationTest.test_organisationOrganisationTypePost_201(OrganisationApiIntegrationTest.java:1059)
</error>
    <system-out><![CDATA[Request method:	POST
Request URI:	http://localhost:8080/example-api/organisation/organisation/%7BOrganisationType%7D
Proxy:			<none>
Request params:	<none>
Query params:	<none>
Form params:	<none>
Path params:	<none>
Headers:		Accept=*/*
				Content-Type=application/json; charset=UTF-8
Cookies:		<none>
Multiparts:		<none>
Body:			<none>
]]></system-out>
  </testcase>
  <testcase name="test_organisationOrganisationTypePost_400" classname="com.laegler.openbanking.api.integration.OrganisationApiIntegrationTest" time="0.003">
    <error message="Invalid number of path parameters. Expected 1, was 0. Undefined path parameters are: OrganisationType." type="java.lang.IllegalArgumentException">java.lang.IllegalArgumentException: Invalid number of path parameters. Expected 1, was 0. Undefined path parameters are: OrganisationType.
	at com.laegler.openbanking.api.integration.OrganisationApiIntegrationTest.test_organisationOrganisationTypePost_400(OrganisationApiIntegrationTest.java:1029)
</error>
    <system-out><![CDATA[Request method:	POST
Request URI:	http://localhost:8080/example-api/organisation/organisation/%7BOrganisationType%7D
Proxy:			<none>
Request params:	<none>
Query params:	<none>
Form params:	<none>
Path params:	<none>
Headers:		Accept=*/*
				Content-Type=application/json; charset=UTF-8
Cookies:		<none>
Multiparts:		<none>
Body:			<none>
]]></system-out>
  </testcase>
  <testcase name="test_organisationOrganisationTypePost_401" classname="com.laegler.openbanking.api.integration.OrganisationApiIntegrationTest" time="0.002">
    <error message="Invalid number of path parameters. Expected 1, was 0. Undefined path parameters are: OrganisationType." type="java.lang.IllegalArgumentException">java.lang.IllegalArgumentException: Invalid number of path parameters. Expected 1, was 0. Undefined path parameters are: OrganisationType.
	at com.laegler.openbanking.api.integration.OrganisationApiIntegrationTest.test_organisationOrganisationTypePost_401(OrganisationApiIntegrationTest.java:1035)
</error>
    <system-out><![CDATA[Request method:	POST
Request URI:	http://localhost:8080/example-api/organisation/organisation/%7BOrganisationType%7D
Proxy:			<none>
Request params:	<none>
Query params:	<none>
Form params:	<none>
Path params:	<none>
Headers:		Accept=*/*
				Content-Type=application/json; charset=UTF-8
Cookies:		<none>
Multiparts:		<none>
Body:			<none>
]]></system-out>
  </testcase>
  <testcase name="test_organisationOrganisationTypePost_406" classname="com.laegler.openbanking.api.integration.OrganisationApiIntegrationTest" time="0.002">
    <error message="Invalid number of path parameters. Expected 1, was 0. Undefined path parameters are: OrganisationType." type="java.lang.IllegalArgumentException">java.lang.IllegalArgumentException: Invalid number of path parameters. Expected 1, was 0. Undefined path parameters are: OrganisationType.
	at com.laegler.openbanking.api.integration.OrganisationApiIntegrationTest.test_organisationOrganisationTypePost_406(OrganisationApiIntegrationTest.java:1047)
</error>
    <system-out><![CDATA[Request method:	POST
Request URI:	http://localhost:8080/example-api/organisation/organisation/%7BOrganisationType%7D
Proxy:			<none>
Request params:	<none>
Query params:	<none>
Form params:	<none>
Path params:	<none>
Headers:		Accept=*/*
				Content-Type=application/json; charset=UTF-8
Cookies:		<none>
Multiparts:		<none>
Body:			<none>
]]></system-out>
  </testcase>
  <testcase name="test_organisationOrganisationTypePost_500" classname="com.laegler.openbanking.api.integration.OrganisationApiIntegrationTest" time="0.003">
    <error message="Invalid number of path parameters. Expected 1, was 0. Undefined path parameters are: OrganisationType." type="java.lang.IllegalArgumentException">java.lang.IllegalArgumentException: Invalid number of path parameters. Expected 1, was 0. Undefined path parameters are: OrganisationType.
	at com.laegler.openbanking.api.integration.OrganisationApiIntegrationTest.test_organisationOrganisationTypePost_500(OrganisationApiIntegrationTest.java:1041)
</error>
    <system-out><![CDATA[Request method:	POST
Request URI:	http://localhost:8080/example-api/organisation/organisation/%7BOrganisationType%7D
Proxy:			<none>
Request params:	<none>
Query params:	<none>
Form params:	<none>
Path params:	<none>
Headers:		Accept=*/*
				Content-Type=application/json; charset=UTF-8
Cookies:		<none>
Multiparts:		<none>
Body:			<none>
]]></system-out>
  </testcase>
  <testcase name="test_organisationOrganisationTypePost_502" classname="com.laegler.openbanking.api.integration.OrganisationApiIntegrationTest" time="0.002">
    <error message="Invalid number of path parameters. Expected 1, was 0. Undefined path parameters are: OrganisationType." type="java.lang.IllegalArgumentException">java.lang.IllegalArgumentException: Invalid number of path parameters. Expected 1, was 0. Undefined path parameters are: OrganisationType.
	at com.laegler.openbanking.api.integration.OrganisationApiIntegrationTest.test_organisationOrganisationTypePost_502(OrganisationApiIntegrationTest.java:1053)
</error>
    <system-out><![CDATA[Request method:	POST
Request URI:	http://localhost:8080/example-api/organisation/organisation/%7BOrganisationType%7D
Proxy:			<none>
Request params:	<none>
Query params:	<none>
Form params:	<none>
Path params:	<none>
Headers:		Accept=*/*
				Content-Type=application/json; charset=UTF-8
Cookies:		<none>
Multiparts:		<none>
Body:			<none>
]]></system-out>
  </testcase>
  <testcase name="test_organisationOrganisationTypeOrganisationIdSoftwareStatementSoftwareStatementIdCertificateSoftwareStatementCertificateOrKeyTypePost_201" classname="com.laegler.openbanking.api.integration.OrganisationApiIntegrationTest" time="0.003">
    <error message="Invalid number of path parameters. Expected 4, was 0. Undefined path parameters are: OrganisationType, OrganisationId, SoftwareStatementId, SoftwareStatementCertificateOrKeyType." type="java.lang.IllegalArgumentException">java.lang.IllegalArgumentException: Invalid number of path parameters. Expected 4, was 0. Undefined path parameters are: OrganisationType, OrganisationId, SoftwareStatementId, SoftwareStatementCertificateOrKeyType.
	at com.laegler.openbanking.api.integration.OrganisationApiIntegrationTest.test_organisationOrganisationTypeOrganisationIdSoftwareStatementSoftwareStatementIdCertificateSoftwareStatementCertificateOrKeyTypePost_201(OrganisationApiIntegrationTest.java:849)
</error>
    <system-out><![CDATA[Request method:	POST
Request URI:	http://localhost:8080/example-api/organisation/organisation/%7BOrganisationType%7D/%7BOrganisationId%7D/software-statement/%7BSoftwareStatementId%7D/certificate/%7BSoftwareStatementCertificateOrKeyType%7D
Proxy:			<none>
Request params:	<none>
Query params:	<none>
Form params:	<none>
Path params:	<none>
Headers:		Accept=*/*
				Content-Type=application/json; charset=UTF-8
Cookies:		<none>
Multiparts:		<none>
Body:			<none>
]]></system-out>
  </testcase>
  <testcase name="test_organisationOrganisationTypeOrganisationIdSoftwareStatementSoftwareStatementIdCertificateSoftwareStatementCertificateOrKeyTypePost_400" classname="com.laegler.openbanking.api.integration.OrganisationApiIntegrationTest" time="0.004">
    <error message="Invalid number of path parameters. Expected 4, was 0. Undefined path parameters are: OrganisationType, OrganisationId, SoftwareStatementId, SoftwareStatementCertificateOrKeyType." type="java.lang.IllegalArgumentException">java.lang.IllegalArgumentException: Invalid number of path parameters. Expected 4, was 0. Undefined path parameters are: OrganisationType, OrganisationId, SoftwareStatementId, SoftwareStatementCertificateOrKeyType.
	at com.laegler.openbanking.api.integration.OrganisationApiIntegrationTest.test_organisationOrganisationTypeOrganisationIdSoftwareStatementSoftwareStatementIdCertificateSoftwareStatementCertificateOrKeyTypePost_400(OrganisationApiIntegrationTest.java:813)
</error>
    <system-out><![CDATA[Request method:	POST
Request URI:	http://localhost:8080/example-api/organisation/organisation/%7BOrganisationType%7D/%7BOrganisationId%7D/software-statement/%7BSoftwareStatementId%7D/certificate/%7BSoftwareStatementCertificateOrKeyType%7D
Proxy:			<none>
Request params:	<none>
Query params:	<none>
Form params:	<none>
Path params:	<none>
Headers:		Accept=*/*
				Content-Type=application/json; charset=UTF-8
Cookies:		<none>
Multiparts:		<none>
Body:			<none>
]]></system-out>
  </testcase>
  <testcase name="test_organisationOrganisationTypeOrganisationIdSoftwareStatementSoftwareStatementIdCertificateSoftwareStatementCertificateOrKeyTypePost_401" classname="com.laegler.openbanking.api.integration.OrganisationApiIntegrationTest" time="0.003">
    <error message="Invalid number of path parameters. Expected 4, was 0. Undefined path parameters are: OrganisationType, OrganisationId, SoftwareStatementId, SoftwareStatementCertificateOrKeyType." type="java.lang.IllegalArgumentException">java.lang.IllegalArgumentException: Invalid number of path parameters. Expected 4, was 0. Undefined path parameters are: OrganisationType, OrganisationId, SoftwareStatementId, SoftwareStatementCertificateOrKeyType.
	at com.laegler.openbanking.api.integration.OrganisationApiIntegrationTest.test_organisationOrganisationTypeOrganisationIdSoftwareStatementSoftwareStatementIdCertificateSoftwareStatementCertificateOrKeyTypePost_401(OrganisationApiIntegrationTest.java:819)
</error>
    <system-out><![CDATA[Request method:	POST
Request URI:	http://localhost:8080/example-api/organisation/organisation/%7BOrganisationType%7D/%7BOrganisationId%7D/software-statement/%7BSoftwareStatementId%7D/certificate/%7BSoftwareStatementCertificateOrKeyType%7D
Proxy:			<none>
Request params:	<none>
Query params:	<none>
Form params:	<none>
Path params:	<none>
Headers:		Accept=*/*
				Content-Type=application/json; charset=UTF-8
Cookies:		<none>
Multiparts:		<none>
Body:			<none>
]]></system-out>
  </testcase>
  <testcase name="test_organisationOrganisationTypeOrganisationIdSoftwareStatementSoftwareStatementIdCertificateSoftwareStatementCertificateOrKeyTypePost_404" classname="com.laegler.openbanking.api.integration.OrganisationApiIntegrationTest" time="0.003">
    <error message="Invalid number of path parameters. Expected 4, was 0. Undefined path parameters are: OrganisationType, OrganisationId, SoftwareStatementId, SoftwareStatementCertificateOrKeyType." type="java.lang.IllegalArgumentException">java.lang.IllegalArgumentException: Invalid number of path parameters. Expected 4, was 0. Undefined path parameters are: OrganisationType, OrganisationId, SoftwareStatementId, SoftwareStatementCertificateOrKeyType.
	at com.laegler.openbanking.api.integration.OrganisationApiIntegrationTest.test_organisationOrganisationTypeOrganisationIdSoftwareStatementSoftwareStatementIdCertificateSoftwareStatementCertificateOrKeyTypePost_404(OrganisationApiIntegrationTest.java:825)
</error>
    <system-out><![CDATA[Request method:	POST
Request URI:	http://localhost:8080/example-api/organisation/organisation/%7BOrganisationType%7D/%7BOrganisationId%7D/software-statement/%7BSoftwareStatementId%7D/certificate/%7BSoftwareStatementCertificateOrKeyType%7D
Proxy:			<none>
Request params:	<none>
Query params:	<none>
Form params:	<none>
Path params:	<none>
Headers:		Accept=*/*
				Content-Type=application/json; charset=UTF-8
Cookies:		<none>
Multiparts:		<none>
Body:			<none>
]]></system-out>
  </testcase>
  <testcase name="test_organisationOrganisationTypeOrganisationIdSoftwareStatementSoftwareStatementIdCertificateSoftwareStatementCertificateOrKeyTypePost_406" classname="com.laegler.openbanking.api.integration.OrganisationApiIntegrationTest" time="0.003">
    <error message="Invalid number of path parameters. Expected 4, was 0. Undefined path parameters are: OrganisationType, OrganisationId, SoftwareStatementId, SoftwareStatementCertificateOrKeyType." type="java.lang.IllegalArgumentException">java.lang.IllegalArgumentException: Invalid number of path parameters. Expected 4, was 0. Undefined path parameters are: OrganisationType, OrganisationId, SoftwareStatementId, SoftwareStatementCertificateOrKeyType.
	at com.laegler.openbanking.api.integration.OrganisationApiIntegrationTest.test_organisationOrganisationTypeOrganisationIdSoftwareStatementSoftwareStatementIdCertificateSoftwareStatementCertificateOrKeyTypePost_406(OrganisationApiIntegrationTest.java:837)
</error>
    <system-out><![CDATA[Request method:	POST
Request URI:	http://localhost:8080/example-api/organisation/organisation/%7BOrganisationType%7D/%7BOrganisationId%7D/software-statement/%7BSoftwareStatementId%7D/certificate/%7BSoftwareStatementCertificateOrKeyType%7D
Proxy:			<none>
Request params:	<none>
Query params:	<none>
Form params:	<none>
Path params:	<none>
Headers:		Accept=*/*
				Content-Type=application/json; charset=UTF-8
Cookies:		<none>
Multiparts:		<none>
Body:			<none>
]]></system-out>
  </testcase>
  <testcase name="test_organisationOrganisationTypeOrganisationIdSoftwareStatementSoftwareStatementIdCertificateSoftwareStatementCertificateOrKeyTypePost_500" classname="com.laegler.openbanking.api.integration.OrganisationApiIntegrationTest" time="0.002">
    <error message="Invalid number of path parameters. Expected 4, was 0. Undefined path parameters are: OrganisationType, OrganisationId, SoftwareStatementId, SoftwareStatementCertificateOrKeyType." type="java.lang.IllegalArgumentException">java.lang.IllegalArgumentException: Invalid number of path parameters. Expected 4, was 0. Undefined path parameters are: OrganisationType, OrganisationId, SoftwareStatementId, SoftwareStatementCertificateOrKeyType.
	at com.laegler.openbanking.api.integration.OrganisationApiIntegrationTest.test_organisationOrganisationTypeOrganisationIdSoftwareStatementSoftwareStatementIdCertificateSoftwareStatementCertificateOrKeyTypePost_500(OrganisationApiIntegrationTest.java:831)
</error>
    <system-out><![CDATA[Request method:	POST
Request URI:	http://localhost:8080/example-api/organisation/organisation/%7BOrganisationType%7D/%7BOrganisationId%7D/software-statement/%7BSoftwareStatementId%7D/certificate/%7BSoftwareStatementCertificateOrKeyType%7D
Proxy:			<none>
Request params:	<none>
Query params:	<none>
Form params:	<none>
Path params:	<none>
Headers:		Accept=*/*
				Content-Type=application/json; charset=UTF-8
Cookies:		<none>
Multiparts:		<none>
Body:			<none>
]]></system-out>
  </testcase>
  <testcase name="test_organisationOrganisationTypeOrganisationIdSoftwareStatementSoftwareStatementIdCertificateSoftwareStatementCertificateOrKeyTypePost_502" classname="com.laegler.openbanking.api.integration.OrganisationApiIntegrationTest" time="0.003">
    <error message="Invalid number of path parameters. Expected 4, was 0. Undefined path parameters are: OrganisationType, OrganisationId, SoftwareStatementId, SoftwareStatementCertificateOrKeyType." type="java.lang.IllegalArgumentException">java.lang.IllegalArgumentException: Invalid number of path parameters. Expected 4, was 0. Undefined path parameters are: OrganisationType, OrganisationId, SoftwareStatementId, SoftwareStatementCertificateOrKeyType.
	at com.laegler.openbanking.api.integration.OrganisationApiIntegrationTest.test_organisationOrganisationTypeOrganisationIdSoftwareStatementSoftwareStatementIdCertificateSoftwareStatementCertificateOrKeyTypePost_502(OrganisationApiIntegrationTest.java:843)
</error>
    <system-out><![CDATA[Request method:	POST
Request URI:	http://localhost:8080/example-api/organisation/organisation/%7BOrganisationType%7D/%7BOrganisationId%7D/software-statement/%7BSoftwareStatementId%7D/certificate/%7BSoftwareStatementCertificateOrKeyType%7D
Proxy:			<none>
Request params:	<none>
Query params:	<none>
Form params:	<none>
Path params:	<none>
Headers:		Accept=*/*
				Content-Type=application/json; charset=UTF-8
Cookies:		<none>
Multiparts:		<none>
Body:			<none>
]]></system-out>
  </testcase>
  <testcase name="test_organisationOrganisationTypeOrganisationIdCertificateGet_200" classname="com.laegler.openbanking.api.integration.OrganisationApiIntegrationTest" time="0.002">
    <error message="Invalid number of path parameters. Expected 2, was 0. Undefined path parameters are: OrganisationType, OrganisationId." type="java.lang.IllegalArgumentException">java.lang.IllegalArgumentException: Invalid number of path parameters. Expected 2, was 0. Undefined path parameters are: OrganisationType, OrganisationId.
	at com.laegler.openbanking.api.integration.OrganisationApiIntegrationTest.test_organisationOrganisationTypeOrganisationIdCertificateGet_200(OrganisationApiIntegrationTest.java:297)
</error>
    <system-out><![CDATA[Request method:	GET
Request URI:	http://localhost:8080/example-api/organisation/organisation/%7BOrganisationType%7D/%7BOrganisationId%7D/certificate
Proxy:			<none>
Request params:	<none>
Query params:	<none>
Form params:	<none>
Path params:	<none>
Headers:		Accept=*/*
				Content-Type=application/json; charset=UTF-8
Cookies:		<none>
Multiparts:		<none>
Body:			<none>
]]></system-out>
  </testcase>
  <testcase name="test_organisationOrganisationTypeOrganisationIdCertificateGet_400" classname="com.laegler.openbanking.api.integration.OrganisationApiIntegrationTest" time="0.002">
    <error message="Invalid number of path parameters. Expected 2, was 0. Undefined path parameters are: OrganisationType, OrganisationId." type="java.lang.IllegalArgumentException">java.lang.IllegalArgumentException: Invalid number of path parameters. Expected 2, was 0. Undefined path parameters are: OrganisationType, OrganisationId.
	at com.laegler.openbanking.api.integration.OrganisationApiIntegrationTest.test_organisationOrganisationTypeOrganisationIdCertificateGet_400(OrganisationApiIntegrationTest.java:261)
</error>
    <system-out><![CDATA[Request method:	GET
Request URI:	http://localhost:8080/example-api/organisation/organisation/%7BOrganisationType%7D/%7BOrganisationId%7D/certificate
Proxy:			<none>
Request params:	<none>
Query params:	<none>
Form params:	<none>
Path params:	<none>
Headers:		Accept=*/*
				Content-Type=application/json; charset=UTF-8
Cookies:		<none>
Multiparts:		<none>
Body:			<none>
]]></system-out>
  </testcase>
  <testcase name="test_organisationOrganisationTypeOrganisationIdCertificateGet_401" classname="com.laegler.openbanking.api.integration.OrganisationApiIntegrationTest" time="0.002">
    <error message="Invalid number of path parameters. Expected 2, was 0. Undefined path parameters are: OrganisationType, OrganisationId." type="java.lang.IllegalArgumentException">java.lang.IllegalArgumentException: Invalid number of path parameters. Expected 2, was 0. Undefined path parameters are: OrganisationType, OrganisationId.
	at com.laegler.openbanking.api.integration.OrganisationApiIntegrationTest.test_organisationOrganisationTypeOrganisationIdCertificateGet_401(OrganisationApiIntegrationTest.java:267)
</error>
    <system-out><![CDATA[Request method:	GET
Request URI:	http://localhost:8080/example-api/organisation/organisation/%7BOrganisationType%7D/%7BOrganisationId%7D/certificate
Proxy:			<none>
Request params:	<none>
Query params:	<none>
Form params:	<none>
Path params:	<none>
Headers:		Accept=*/*
				Content-Type=application/json; charset=UTF-8
Cookies:		<none>
Multiparts:		<none>
Body:			<none>
]]></system-out>
  </testcase>
  <testcase name="test_organisationOrganisationTypeOrganisationIdCertificateGet_404" classname="com.laegler.openbanking.api.integration.OrganisationApiIntegrationTest" time="0.002">
    <error message="Invalid number of path parameters. Expected 2, was 0. Undefined path parameters are: OrganisationType, OrganisationId." type="java.lang.IllegalArgumentException">java.lang.IllegalArgumentException: Invalid number of path parameters. Expected 2, was 0. Undefined path parameters are: OrganisationType, OrganisationId.
	at com.laegler.openbanking.api.integration.OrganisationApiIntegrationTest.test_organisationOrganisationTypeOrganisationIdCertificateGet_404(OrganisationApiIntegrationTest.java:273)
</error>
    <system-out><![CDATA[Request method:	GET
Request URI:	http://localhost:8080/example-api/organisation/organisation/%7BOrganisationType%7D/%7BOrganisationId%7D/certificate
Proxy:			<none>
Request params:	<none>
Query params:	<none>
Form params:	<none>
Path params:	<none>
Headers:		Accept=*/*
				Content-Type=application/json; charset=UTF-8
Cookies:		<none>
Multiparts:		<none>
Body:			<none>
]]></system-out>
  </testcase>
  <testcase name="test_organisationOrganisationTypeOrganisationIdCertificateGet_406" classname="com.laegler.openbanking.api.integration.OrganisationApiIntegrationTest" time="0.002">
    <error message="Invalid number of path parameters. Expected 2, was 0. Undefined path parameters are: OrganisationType, OrganisationId." type="java.lang.IllegalArgumentException">java.lang.IllegalArgumentException: Invalid number of path parameters. Expected 2, was 0. Undefined path parameters are: OrganisationType, OrganisationId.
	at com.laegler.openbanking.api.integration.OrganisationApiIntegrationTest.test_organisationOrganisationTypeOrganisationIdCertificateGet_406(OrganisationApiIntegrationTest.java:285)
</error>
    <system-out><![CDATA[Request method:	GET
Request URI:	http://localhost:8080/example-api/organisation/organisation/%7BOrganisationType%7D/%7BOrganisationId%7D/certificate
Proxy:			<none>
Request params:	<none>
Query params:	<none>
Form params:	<none>
Path params:	<none>
Headers:		Accept=*/*
				Content-Type=application/json; charset=UTF-8
Cookies:		<none>
Multiparts:		<none>
Body:			<none>
]]></system-out>
  </testcase>
  <testcase name="test_organisationOrganisationTypeOrganisationIdCertificateGet_500" classname="com.laegler.openbanking.api.integration.OrganisationApiIntegrationTest" time="0.002">
    <error message="Invalid number of path parameters. Expected 2, was 0. Undefined path parameters are: OrganisationType, OrganisationId." type="java.lang.IllegalArgumentException">java.lang.IllegalArgumentException: Invalid number of path parameters. Expected 2, was 0. Undefined path parameters are: OrganisationType, OrganisationId.
	at com.laegler.openbanking.api.integration.OrganisationApiIntegrationTest.test_organisationOrganisationTypeOrganisationIdCertificateGet_500(OrganisationApiIntegrationTest.java:279)
</error>
    <system-out><![CDATA[Request method:	GET
Request URI:	http://localhost:8080/example-api/organisation/organisation/%7BOrganisationType%7D/%7BOrganisationId%7D/certificate
Proxy:			<none>
Request params:	<none>
Query params:	<none>
Form params:	<none>
Path params:	<none>
Headers:		Accept=*/*
				Content-Type=application/json; charset=UTF-8
Cookies:		<none>
Multiparts:		<none>
Body:			<none>
]]></system-out>
  </testcase>
  <testcase name="test_organisationOrganisationTypeOrganisationIdCertificateGet_502" classname="com.laegler.openbanking.api.integration.OrganisationApiIntegrationTest" time="0.002">
    <error message="Invalid number of path parameters. Expected 2, was 0. Undefined path parameters are: OrganisationType, OrganisationId." type="java.lang.IllegalArgumentException">java.lang.IllegalArgumentException: Invalid number of path parameters. Expected 2, was 0. Undefined path parameters are: OrganisationType, OrganisationId.
	at com.laegler.openbanking.api.integration.OrganisationApiIntegrationTest.test_organisationOrganisationTypeOrganisationIdCertificateGet_502(OrganisationApiIntegrationTest.java:291)
</error>
    <system-out><![CDATA[Request method:	GET
Request URI:	http://localhost:8080/example-api/organisation/organisation/%7BOrganisationType%7D/%7BOrganisationId%7D/certificate
Proxy:			<none>
Request params:	<none>
Query params:	<none>
Form params:	<none>
Path params:	<none>
Headers:		Accept=*/*
				Content-Type=application/json; charset=UTF-8
Cookies:		<none>
Multiparts:		<none>
Body:			<none>
]]></system-out>
  </testcase>
  <testcase name="test_organisationOrganisationTypeOrganisationIdCertificateOrganisationCertificateTypePost_201" classname="com.laegler.openbanking.api.integration.OrganisationApiIntegrationTest" time="0.002">
    <error message="Invalid number of path parameters. Expected 3, was 0. Undefined path parameters are: OrganisationType, OrganisationId, OrganisationCertificateType." type="java.lang.IllegalArgumentException">java.lang.IllegalArgumentException: Invalid number of path parameters. Expected 3, was 0. Undefined path parameters are: OrganisationType, OrganisationId, OrganisationCertificateType.
	at com.laegler.openbanking.api.integration.OrganisationApiIntegrationTest.test_organisationOrganisationTypeOrganisationIdCertificateOrganisationCertificateTypePost_201(OrganisationApiIntegrationTest.java:465)
</error>
    <system-out><![CDATA[Request method:	POST
Request URI:	http://localhost:8080/example-api/organisation/organisation/%7BOrganisationType%7D/%7BOrganisationId%7D/certificate/%7BOrganisationCertificateType%7D
Proxy:			<none>
Request params:	<none>
Query params:	<none>
Form params:	<none>
Path params:	<none>
Headers:		Accept=*/*
				Content-Type=application/json; charset=UTF-8
Cookies:		<none>
Multiparts:		<none>
Body:			<none>
]]></system-out>
  </testcase>
  <testcase name="test_organisationOrganisationTypeOrganisationIdCertificateOrganisationCertificateTypePost_400" classname="com.laegler.openbanking.api.integration.OrganisationApiIntegrationTest" time="0.001">
    <error message="Invalid number of path parameters. Expected 3, was 0. Undefined path parameters are: OrganisationType, OrganisationId, OrganisationCertificateType." type="java.lang.IllegalArgumentException">java.lang.IllegalArgumentException: Invalid number of path parameters. Expected 3, was 0. Undefined path parameters are: OrganisationType, OrganisationId, OrganisationCertificateType.
	at com.laegler.openbanking.api.integration.OrganisationApiIntegrationTest.test_organisationOrganisationTypeOrganisationIdCertificateOrganisationCertificateTypePost_400(OrganisationApiIntegrationTest.java:429)
</error>
    <system-out><![CDATA[Request method:	POST
Request URI:	http://localhost:8080/example-api/organisation/organisation/%7BOrganisationType%7D/%7BOrganisationId%7D/certificate/%7BOrganisationCertificateType%7D
Proxy:			<none>
Request params:	<none>
Query params:	<none>
Form params:	<none>
Path params:	<none>
Headers:		Accept=*/*
				Content-Type=application/json; charset=UTF-8
Cookies:		<none>
Multiparts:		<none>
Body:			<none>
]]></system-out>
  </testcase>
  <testcase name="test_organisationOrganisationTypeOrganisationIdCertificateOrganisationCertificateTypePost_401" classname="com.laegler.openbanking.api.integration.OrganisationApiIntegrationTest" time="0.002">
    <error message="Invalid number of path parameters. Expected 3, was 0. Undefined path parameters are: OrganisationType, OrganisationId, OrganisationCertificateType." type="java.lang.IllegalArgumentException">java.lang.IllegalArgumentException: Invalid number of path parameters. Expected 3, was 0. Undefined path parameters are: OrganisationType, OrganisationId, OrganisationCertificateType.
	at com.laegler.openbanking.api.integration.OrganisationApiIntegrationTest.test_organisationOrganisationTypeOrganisationIdCertificateOrganisationCertificateTypePost_401(OrganisationApiIntegrationTest.java:435)
</error>
    <system-out><![CDATA[Request method:	POST
Request URI:	http://localhost:8080/example-api/organisation/organisation/%7BOrganisationType%7D/%7BOrganisationId%7D/certificate/%7BOrganisationCertificateType%7D
Proxy:			<none>
Request params:	<none>
Query params:	<none>
Form params:	<none>
Path params:	<none>
Headers:		Accept=*/*
				Content-Type=application/json; charset=UTF-8
Cookies:		<none>
Multiparts:		<none>
Body:			<none>
]]></system-out>
  </testcase>
  <testcase name="test_organisationOrganisationTypeOrganisationIdCertificateOrganisationCertificateTypePost_404" classname="com.laegler.openbanking.api.integration.OrganisationApiIntegrationTest" time="0.003">
    <error message="Invalid number of path parameters. Expected 3, was 0. Undefined path parameters are: OrganisationType, OrganisationId, OrganisationCertificateType." type="java.lang.IllegalArgumentException">java.lang.IllegalArgumentException: Invalid number of path parameters. Expected 3, was 0. Undefined path parameters are: OrganisationType, OrganisationId, OrganisationCertificateType.
	at com.laegler.openbanking.api.integration.OrganisationApiIntegrationTest.test_organisationOrganisationTypeOrganisationIdCertificateOrganisationCertificateTypePost_404(OrganisationApiIntegrationTest.java:441)
</error>
    <system-out><![CDATA[Request method:	POST
Request URI:	http://localhost:8080/example-api/organisation/organisation/%7BOrganisationType%7D/%7BOrganisationId%7D/certificate/%7BOrganisationCertificateType%7D
Proxy:			<none>
Request params:	<none>
Query params:	<none>
Form params:	<none>
Path params:	<none>
Headers:		Accept=*/*
				Content-Type=application/json; charset=UTF-8
Cookies:		<none>
Multiparts:		<none>
Body:			<none>
]]></system-out>
  </testcase>
  <testcase name="test_organisationOrganisationTypeOrganisationIdCertificateOrganisationCertificateTypePost_406" classname="com.laegler.openbanking.api.integration.OrganisationApiIntegrationTest" time="0.001">
    <error message="Invalid number of path parameters. Expected 3, was 0. Undefined path parameters are: OrganisationType, OrganisationId, OrganisationCertificateType." type="java.lang.IllegalArgumentException">java.lang.IllegalArgumentException: Invalid number of path parameters. Expected 3, was 0. Undefined path parameters are: OrganisationType, OrganisationId, OrganisationCertificateType.
	at com.laegler.openbanking.api.integration.OrganisationApiIntegrationTest.test_organisationOrganisationTypeOrganisationIdCertificateOrganisationCertificateTypePost_406(OrganisationApiIntegrationTest.java:453)
</error>
    <system-out><![CDATA[Request method:	POST
Request URI:	http://localhost:8080/example-api/organisation/organisation/%7BOrganisationType%7D/%7BOrganisationId%7D/certificate/%7BOrganisationCertificateType%7D
Proxy:			<none>
Request params:	<none>
Query params:	<none>
Form params:	<none>
Path params:	<none>
Headers:		Accept=*/*
				Content-Type=application/json; charset=UTF-8
Cookies:		<none>
Multiparts:		<none>
Body:			<none>
]]></system-out>
  </testcase>
  <testcase name="test_organisationOrganisationTypeOrganisationIdCertificateOrganisationCertificateTypePost_500" classname="com.laegler.openbanking.api.integration.OrganisationApiIntegrationTest" time="0.002">
    <error message="Invalid number of path parameters. Expected 3, was 0. Undefined path parameters are: OrganisationType, OrganisationId, OrganisationCertificateType." type="java.lang.IllegalArgumentException">java.lang.IllegalArgumentException: Invalid number of path parameters. Expected 3, was 0. Undefined path parameters are: OrganisationType, OrganisationId, OrganisationCertificateType.
	at com.laegler.openbanking.api.integration.OrganisationApiIntegrationTest.test_organisationOrganisationTypeOrganisationIdCertificateOrganisationCertificateTypePost_500(OrganisationApiIntegrationTest.java:447)
</error>
    <system-out><![CDATA[Request method:	POST
Request URI:	http://localhost:8080/example-api/organisation/organisation/%7BOrganisationType%7D/%7BOrganisationId%7D/certificate/%7BOrganisationCertificateType%7D
Proxy:			<none>
Request params:	<none>
Query params:	<none>
Form params:	<none>
Path params:	<none>
Headers:		Accept=*/*
				Content-Type=application/json; charset=UTF-8
Cookies:		<none>
Multiparts:		<none>
Body:			<none>
]]></system-out>
  </testcase>
  <testcase name="test_organisationOrganisationTypeOrganisationIdCertificateOrganisationCertificateTypePost_502" classname="com.laegler.openbanking.api.integration.OrganisationApiIntegrationTest" time="0.002">
    <error message="Invalid number of path parameters. Expected 3, was 0. Undefined path parameters are: OrganisationType, OrganisationId, OrganisationCertificateType." type="java.lang.IllegalArgumentException">java.lang.IllegalArgumentException: Invalid number of path parameters. Expected 3, was 0. Undefined path parameters are: OrganisationType, OrganisationId, OrganisationCertificateType.
	at com.laegler.openbanking.api.integration.OrganisationApiIntegrationTest.test_organisationOrganisationTypeOrganisationIdCertificateOrganisationCertificateTypePost_502(OrganisationApiIntegrationTest.java:459)
</error>
    <system-out><![CDATA[Request method:	POST
Request URI:	http://localhost:8080/example-api/organisation/organisation/%7BOrganisationType%7D/%7BOrganisationId%7D/certificate/%7BOrganisationCertificateType%7D
Proxy:			<none>
Request params:	<none>
Query params:	<none>
Form params:	<none>
Path params:	<none>
Headers:		Accept=*/*
				Content-Type=application/json; charset=UTF-8
Cookies:		<none>
Multiparts:		<none>
Body:			<none>
]]></system-out>
  </testcase>
  <testcase name="test_organisationOrganisationTypeOrganisationIdCertificateKidCertificateOrKeyIdDelete_204" classname="com.laegler.openbanking.api.integration.OrganisationApiIntegrationTest" time="0.002">
    <error message="Invalid number of path parameters. Expected 3, was 0. Undefined path parameters are: OrganisationType, OrganisationId, CertificateOrKeyId." type="java.lang.IllegalArgumentException">java.lang.IllegalArgumentException: Invalid number of path parameters. Expected 3, was 0. Undefined path parameters are: OrganisationType, OrganisationId, CertificateOrKeyId.
	at com.laegler.openbanking.api.integration.OrganisationApiIntegrationTest.test_organisationOrganisationTypeOrganisationIdCertificateKidCertificateOrKeyIdDelete_204(OrganisationApiIntegrationTest.java:339)
</error>
    <system-out><![CDATA[Request method:	DELETE
Request URI:	http://localhost:8080/example-api/organisation/organisation/%7BOrganisationType%7D/%7BOrganisationId%7D/certificate/kid/%7BCertificateOrKeyId%7D
Proxy:			<none>
Request params:	<none>
Query params:	<none>
Form params:	<none>
Path params:	<none>
Headers:		Accept=*/*
				Content-Type=application/json; charset=UTF-8
Cookies:		<none>
Multiparts:		<none>
Body:			<none>
]]></system-out>
  </testcase>
  <testcase name="test_organisationOrganisationTypeOrganisationIdCertificateKidCertificateOrKeyIdDelete_400" classname="com.laegler.openbanking.api.integration.OrganisationApiIntegrationTest" time="0.003">
    <error message="Invalid number of path parameters. Expected 3, was 0. Undefined path parameters are: OrganisationType, OrganisationId, CertificateOrKeyId." type="java.lang.IllegalArgumentException">java.lang.IllegalArgumentException: Invalid number of path parameters. Expected 3, was 0. Undefined path parameters are: OrganisationType, OrganisationId, CertificateOrKeyId.
	at com.laegler.openbanking.api.integration.OrganisationApiIntegrationTest.test_organisationOrganisationTypeOrganisationIdCertificateKidCertificateOrKeyIdDelete_400(OrganisationApiIntegrationTest.java:303)
</error>
    <system-out><![CDATA[Request method:	DELETE
Request URI:	http://localhost:8080/example-api/organisation/organisation/%7BOrganisationType%7D/%7BOrganisationId%7D/certificate/kid/%7BCertificateOrKeyId%7D
Proxy:			<none>
Request params:	<none>
Query params:	<none>
Form params:	<none>
Path params:	<none>
Headers:		Accept=*/*
				Content-Type=application/json; charset=UTF-8
Cookies:		<none>
Multiparts:		<none>
Body:			<none>
]]></system-out>
  </testcase>
  <testcase name="test_organisationOrganisationTypeOrganisationIdCertificateKidCertificateOrKeyIdDelete_401" classname="com.laegler.openbanking.api.integration.OrganisationApiIntegrationTest" time="0.002">
    <error message="Invalid number of path parameters. Expected 3, was 0. Undefined path parameters are: OrganisationType, OrganisationId, CertificateOrKeyId." type="java.lang.IllegalArgumentException">java.lang.IllegalArgumentException: Invalid number of path parameters. Expected 3, was 0. Undefined path parameters are: OrganisationType, OrganisationId, CertificateOrKeyId.
	at com.laegler.openbanking.api.integration.OrganisationApiIntegrationTest.test_organisationOrganisationTypeOrganisationIdCertificateKidCertificateOrKeyIdDelete_401(OrganisationApiIntegrationTest.java:309)
</error>
    <system-out><![CDATA[Request method:	DELETE
Request URI:	http://localhost:8080/example-api/organisation/organisation/%7BOrganisationType%7D/%7BOrganisationId%7D/certificate/kid/%7BCertificateOrKeyId%7D
Proxy:			<none>
Request params:	<none>
Query params:	<none>
Form params:	<none>
Path params:	<none>
Headers:		Accept=*/*
				Content-Type=application/json; charset=UTF-8
Cookies:		<none>
Multiparts:		<none>
Body:			<none>
]]></system-out>
  </testcase>
  <testcase name="test_organisationOrganisationTypeOrganisationIdCertificateKidCertificateOrKeyIdDelete_404" classname="com.laegler.openbanking.api.integration.OrganisationApiIntegrationTest" time="0.003">
    <error message="Invalid number of path parameters. Expected 3, was 0. Undefined path parameters are: OrganisationType, OrganisationId, CertificateOrKeyId." type="java.lang.IllegalArgumentException">java.lang.IllegalArgumentException: Invalid number of path parameters. Expected 3, was 0. Undefined path parameters are: OrganisationType, OrganisationId, CertificateOrKeyId.
	at com.laegler.openbanking.api.integration.OrganisationApiIntegrationTest.test_organisationOrganisationTypeOrganisationIdCertificateKidCertificateOrKeyIdDelete_404(OrganisationApiIntegrationTest.java:315)
</error>
    <system-out><![CDATA[Request method:	DELETE
Request URI:	http://localhost:8080/example-api/organisation/organisation/%7BOrganisationType%7D/%7BOrganisationId%7D/certificate/kid/%7BCertificateOrKeyId%7D
Proxy:			<none>
Request params:	<none>
Query params:	<none>
Form params:	<none>
Path params:	<none>
Headers:		Accept=*/*
				Content-Type=application/json; charset=UTF-8
Cookies:		<none>
Multiparts:		<none>
Body:			<none>
]]></system-out>
  </testcase>
  <testcase name="test_organisationOrganisationTypeOrganisationIdCertificateKidCertificateOrKeyIdDelete_406" classname="com.laegler.openbanking.api.integration.OrganisationApiIntegrationTest" time="0.003">
    <error message="Invalid number of path parameters. Expected 3, was 0. Undefined path parameters are: OrganisationType, OrganisationId, CertificateOrKeyId." type="java.lang.IllegalArgumentException">java.lang.IllegalArgumentException: Invalid number of path parameters. Expected 3, was 0. Undefined path parameters are: OrganisationType, OrganisationId, CertificateOrKeyId.
	at com.laegler.openbanking.api.integration.OrganisationApiIntegrationTest.test_organisationOrganisationTypeOrganisationIdCertificateKidCertificateOrKeyIdDelete_406(OrganisationApiIntegrationTest.java:327)
</error>
    <system-out><![CDATA[Request method:	DELETE
Request URI:	http://localhost:8080/example-api/organisation/organisation/%7BOrganisationType%7D/%7BOrganisationId%7D/certificate/kid/%7BCertificateOrKeyId%7D
Proxy:			<none>
Request params:	<none>
Query params:	<none>
Form params:	<none>
Path params:	<none>
Headers:		Accept=*/*
				Content-Type=application/json; charset=UTF-8
Cookies:		<none>
Multiparts:		<none>
Body:			<none>
]]></system-out>
  </testcase>
  <testcase name="test_organisationOrganisationTypeOrganisationIdCertificateKidCertificateOrKeyIdDelete_500" classname="com.laegler.openbanking.api.integration.OrganisationApiIntegrationTest" time="0.002">
    <error message="Invalid number of path parameters. Expected 3, was 0. Undefined path parameters are: OrganisationType, OrganisationId, CertificateOrKeyId." type="java.lang.IllegalArgumentException">java.lang.IllegalArgumentException: Invalid number of path parameters. Expected 3, was 0. Undefined path parameters are: OrganisationType, OrganisationId, CertificateOrKeyId.
	at com.laegler.openbanking.api.integration.OrganisationApiIntegrationTest.test_organisationOrganisationTypeOrganisationIdCertificateKidCertificateOrKeyIdDelete_500(OrganisationApiIntegrationTest.java:321)
</error>
    <system-out><![CDATA[Request method:	DELETE
Request URI:	http://localhost:8080/example-api/organisation/organisation/%7BOrganisationType%7D/%7BOrganisationId%7D/certificate/kid/%7BCertificateOrKeyId%7D
Proxy:			<none>
Request params:	<none>
Query params:	<none>
Form params:	<none>
Path params:	<none>
Headers:		Accept=*/*
				Content-Type=application/json; charset=UTF-8
Cookies:		<none>
Multiparts:		<none>
Body:			<none>
]]></system-out>
  </testcase>
  <testcase name="test_organisationOrganisationTypeOrganisationIdCertificateKidCertificateOrKeyIdDelete_502" classname="com.laegler.openbanking.api.integration.OrganisationApiIntegrationTest" time="0.003">
    <error message="Invalid number of path parameters. Expected 3, was 0. Undefined path parameters are: OrganisationType, OrganisationId, CertificateOrKeyId." type="java.lang.IllegalArgumentException">java.lang.IllegalArgumentException: Invalid number of path parameters. Expected 3, was 0. Undefined path parameters are: OrganisationType, OrganisationId, CertificateOrKeyId.
	at com.laegler.openbanking.api.integration.OrganisationApiIntegrationTest.test_organisationOrganisationTypeOrganisationIdCertificateKidCertificateOrKeyIdDelete_502(OrganisationApiIntegrationTest.java:333)
</error>
    <system-out><![CDATA[Request method:	DELETE
Request URI:	http://localhost:8080/example-api/organisation/organisation/%7BOrganisationType%7D/%7BOrganisationId%7D/certificate/kid/%7BCertificateOrKeyId%7D
Proxy:			<none>
Request params:	<none>
Query params:	<none>
Form params:	<none>
Path params:	<none>
Headers:		Accept=*/*
				Content-Type=application/json; charset=UTF-8
Cookies:		<none>
Multiparts:		<none>
Body:			<none>
]]></system-out>
  </testcase>
  <testcase name="test_organisationOrganisationTypeOrganisationIdAuthorisationServerGet_200" classname="com.laegler.openbanking.api.integration.OrganisationApiIntegrationTest" time="0.002">
    <error message="Invalid number of path parameters. Expected 2, was 0. Undefined path parameters are: OrganisationType, OrganisationId." type="java.lang.IllegalArgumentException">java.lang.IllegalArgumentException: Invalid number of path parameters. Expected 2, was 0. Undefined path parameters are: OrganisationType, OrganisationId.
	at com.laegler.openbanking.api.integration.OrganisationApiIntegrationTest.test_organisationOrganisationTypeOrganisationIdAuthorisationServerGet_200(OrganisationApiIntegrationTest.java:213)
</error>
    <system-out><![CDATA[Request method:	GET
Request URI:	http://localhost:8080/example-api/organisation/organisation/%7BOrganisationType%7D/%7BOrganisationId%7D/authorisation-server
Proxy:			<none>
Request params:	<none>
Query params:	<none>
Form params:	<none>
Path params:	<none>
Headers:		Accept=*/*
				Content-Type=application/json; charset=UTF-8
Cookies:		<none>
Multiparts:		<none>
Body:			<none>
]]></system-out>
  </testcase>
  <testcase name="test_organisationOrganisationTypeOrganisationIdAuthorisationServerGet_400" classname="com.laegler.openbanking.api.integration.OrganisationApiIntegrationTest" time="0.002">
    <error message="Invalid number of path parameters. Expected 2, was 0. Undefined path parameters are: OrganisationType, OrganisationId." type="java.lang.IllegalArgumentException">java.lang.IllegalArgumentException: Invalid number of path parameters. Expected 2, was 0. Undefined path parameters are: OrganisationType, OrganisationId.
	at com.laegler.openbanking.api.integration.OrganisationApiIntegrationTest.test_organisationOrganisationTypeOrganisationIdAuthorisationServerGet_400(OrganisationApiIntegrationTest.java:177)
</error>
    <system-out><![CDATA[Request method:	GET
Request URI:	http://localhost:8080/example-api/organisation/organisation/%7BOrganisationType%7D/%7BOrganisationId%7D/authorisation-server
Proxy:			<none>
Request params:	<none>
Query params:	<none>
Form params:	<none>
Path params:	<none>
Headers:		Accept=*/*
				Content-Type=application/json; charset=UTF-8
Cookies:		<none>
Multiparts:		<none>
Body:			<none>
]]></system-out>
  </testcase>
  <testcase name="test_organisationOrganisationTypeOrganisationIdAuthorisationServerGet_401" classname="com.laegler.openbanking.api.integration.OrganisationApiIntegrationTest" time="0.002">
    <error message="Invalid number of path parameters. Expected 2, was 0. Undefined path parameters are: OrganisationType, OrganisationId." type="java.lang.IllegalArgumentException">java.lang.IllegalArgumentException: Invalid number of path parameters. Expected 2, was 0. Undefined path parameters are: OrganisationType, OrganisationId.
	at com.laegler.openbanking.api.integration.OrganisationApiIntegrationTest.test_organisationOrganisationTypeOrganisationIdAuthorisationServerGet_401(OrganisationApiIntegrationTest.java:183)
</error>
    <system-out><![CDATA[Request method:	GET
Request URI:	http://localhost:8080/example-api/organisation/organisation/%7BOrganisationType%7D/%7BOrganisationId%7D/authorisation-server
Proxy:			<none>
Request params:	<none>
Query params:	<none>
Form params:	<none>
Path params:	<none>
Headers:		Accept=*/*
				Content-Type=application/json; charset=UTF-8
Cookies:		<none>
Multiparts:		<none>
Body:			<none>
]]></system-out>
  </testcase>
  <testcase name="test_organisationOrganisationTypeOrganisationIdAuthorisationServerGet_404" classname="com.laegler.openbanking.api.integration.OrganisationApiIntegrationTest" time="0.003">
    <error message="Invalid number of path parameters. Expected 2, was 0. Undefined path parameters are: OrganisationType, OrganisationId." type="java.lang.IllegalArgumentException">java.lang.IllegalArgumentException: Invalid number of path parameters. Expected 2, was 0. Undefined path parameters are: OrganisationType, OrganisationId.
	at com.laegler.openbanking.api.integration.OrganisationApiIntegrationTest.test_organisationOrganisationTypeOrganisationIdAuthorisationServerGet_404(OrganisationApiIntegrationTest.java:189)
</error>
    <system-out><![CDATA[Request method:	GET
Request URI:	http://localhost:8080/example-api/organisation/organisation/%7BOrganisationType%7D/%7BOrganisationId%7D/authorisation-server
Proxy:			<none>
Request params:	<none>
Query params:	<none>
Form params:	<none>
Path params:	<none>
Headers:		Accept=*/*
				Content-Type=application/json; charset=UTF-8
Cookies:		<none>
Multiparts:		<none>
Body:			<none>
]]></system-out>
  </testcase>
  <testcase name="test_organisationOrganisationTypeOrganisationIdAuthorisationServerGet_406" classname="com.laegler.openbanking.api.integration.OrganisationApiIntegrationTest" time="0.002">
    <error message="Invalid number of path parameters. Expected 2, was 0. Undefined path parameters are: OrganisationType, OrganisationId." type="java.lang.IllegalArgumentException">java.lang.IllegalArgumentException: Invalid number of path parameters. Expected 2, was 0. Undefined path parameters are: OrganisationType, OrganisationId.
	at com.laegler.openbanking.api.integration.OrganisationApiIntegrationTest.test_organisationOrganisationTypeOrganisationIdAuthorisationServerGet_406(OrganisationApiIntegrationTest.java:201)
</error>
    <system-out><![CDATA[Request method:	GET
Request URI:	http://localhost:8080/example-api/organisation/organisation/%7BOrganisationType%7D/%7BOrganisationId%7D/authorisation-server
Proxy:			<none>
Request params:	<none>
Query params:	<none>
Form params:	<none>
Path params:	<none>
Headers:		Accept=*/*
				Content-Type=application/json; charset=UTF-8
Cookies:		<none>
Multiparts:		<none>
Body:			<none>
]]></system-out>
  </testcase>
  <testcase name="test_organisationOrganisationTypeOrganisationIdAuthorisationServerGet_500" classname="com.laegler.openbanking.api.integration.OrganisationApiIntegrationTest" time="0.002">
    <error message="Invalid number of path parameters. Expected 2, was 0. Undefined path parameters are: OrganisationType, OrganisationId." type="java.lang.IllegalArgumentException">java.lang.IllegalArgumentException: Invalid number of path parameters. Expected 2, was 0. Undefined path parameters are: OrganisationType, OrganisationId.
	at com.laegler.openbanking.api.integration.OrganisationApiIntegrationTest.test_organisationOrganisationTypeOrganisationIdAuthorisationServerGet_500(OrganisationApiIntegrationTest.java:195)
</error>
    <system-out><![CDATA[Request method:	GET
Request URI:	http://localhost:8080/example-api/organisation/organisation/%7BOrganisationType%7D/%7BOrganisationId%7D/authorisation-server
Proxy:			<none>
Request params:	<none>
Query params:	<none>
Form params:	<none>
Path params:	<none>
Headers:		Accept=*/*
				Content-Type=application/json; charset=UTF-8
Cookies:		<none>
Multiparts:		<none>
Body:			<none>
]]></system-out>
  </testcase>
  <testcase name="test_organisationOrganisationTypeOrganisationIdAuthorisationServerGet_502" classname="com.laegler.openbanking.api.integration.OrganisationApiIntegrationTest" time="0.002">
    <error message="Invalid number of path parameters. Expected 2, was 0. Undefined path parameters are: OrganisationType, OrganisationId." type="java.lang.IllegalArgumentException">java.lang.IllegalArgumentException: Invalid number of path parameters. Expected 2, was 0. Undefined path parameters are: OrganisationType, OrganisationId.
	at com.laegler.openbanking.api.integration.OrganisationApiIntegrationTest.test_organisationOrganisationTypeOrganisationIdAuthorisationServerGet_502(OrganisationApiIntegrationTest.java:207)
</error>
    <system-out><![CDATA[Request method:	GET
Request URI:	http://localhost:8080/example-api/organisation/organisation/%7BOrganisationType%7D/%7BOrganisationId%7D/authorisation-server
Proxy:			<none>
Request params:	<none>
Query params:	<none>
Form params:	<none>
Path params:	<none>
Headers:		Accept=*/*
				Content-Type=application/json; charset=UTF-8
Cookies:		<none>
Multiparts:		<none>
Body:			<none>
]]></system-out>
  </testcase>
  <testcase name="test_organisationOrganisationTypeOrganisationIdSoftwareStatementSoftwareStatementIdRedirectUriPost_200" classname="com.laegler.openbanking.api.integration.OrganisationApiIntegrationTest" time="0.002">
    <error message="Invalid number of path parameters. Expected 3, was 0. Undefined path parameters are: OrganisationType, OrganisationId, SoftwareStatementId." type="java.lang.IllegalArgumentException">java.lang.IllegalArgumentException: Invalid number of path parameters. Expected 3, was 0. Undefined path parameters are: OrganisationType, OrganisationId, SoftwareStatementId.
	at com.laegler.openbanking.api.integration.OrganisationApiIntegrationTest.test_organisationOrganisationTypeOrganisationIdSoftwareStatementSoftwareStatementIdRedirectUriPost_200(OrganisationApiIntegrationTest.java:975)
</error>
    <system-out><![CDATA[Request method:	POST
Request URI:	http://localhost:8080/example-api/organisation/organisation/%7BOrganisationType%7D/%7BOrganisationId%7D/software-statement/%7BSoftwareStatementId%7D/redirect-uri
Proxy:			<none>
Request params:	<none>
Query params:	<none>
Form params:	<none>
Path params:	<none>
Headers:		Accept=*/*
				Content-Type=application/json; charset=UTF-8
Cookies:		<none>
Multiparts:		<none>
Body:			<none>
]]></system-out>
  </testcase>
  <testcase name="test_organisationOrganisationTypeOrganisationIdSoftwareStatementSoftwareStatementIdRedirectUriPost_400" classname="com.laegler.openbanking.api.integration.OrganisationApiIntegrationTest" time="0.002">
    <error message="Invalid number of path parameters. Expected 3, was 0. Undefined path parameters are: OrganisationType, OrganisationId, SoftwareStatementId." type="java.lang.IllegalArgumentException">java.lang.IllegalArgumentException: Invalid number of path parameters. Expected 3, was 0. Undefined path parameters are: OrganisationType, OrganisationId, SoftwareStatementId.
	at com.laegler.openbanking.api.integration.OrganisationApiIntegrationTest.test_organisationOrganisationTypeOrganisationIdSoftwareStatementSoftwareStatementIdRedirectUriPost_400(OrganisationApiIntegrationTest.java:939)
</error>
    <system-out><![CDATA[Request method:	POST
Request URI:	http://localhost:8080/example-api/organisation/organisation/%7BOrganisationType%7D/%7BOrganisationId%7D/software-statement/%7BSoftwareStatementId%7D/redirect-uri
Proxy:			<none>
Request params:	<none>
Query params:	<none>
Form params:	<none>
Path params:	<none>
Headers:		Accept=*/*
				Content-Type=application/json; charset=UTF-8
Cookies:		<none>
Multiparts:		<none>
Body:			<none>
]]></system-out>
  </testcase>
  <testcase name="test_organisationOrganisationTypeOrganisationIdSoftwareStatementSoftwareStatementIdRedirectUriPost_401" classname="com.laegler.openbanking.api.integration.OrganisationApiIntegrationTest" time="0.002">
    <error message="Invalid number of path parameters. Expected 3, was 0. Undefined path parameters are: OrganisationType, OrganisationId, SoftwareStatementId." type="java.lang.IllegalArgumentException">java.lang.IllegalArgumentException: Invalid number of path parameters. Expected 3, was 0. Undefined path parameters are: OrganisationType, OrganisationId, SoftwareStatementId.
	at com.laegler.openbanking.api.integration.OrganisationApiIntegrationTest.test_organisationOrganisationTypeOrganisationIdSoftwareStatementSoftwareStatementIdRedirectUriPost_401(OrganisationApiIntegrationTest.java:945)
</error>
    <system-out><![CDATA[Request method:	POST
Request URI:	http://localhost:8080/example-api/organisation/organisation/%7BOrganisationType%7D/%7BOrganisationId%7D/software-statement/%7BSoftwareStatementId%7D/redirect-uri
Proxy:			<none>
Request params:	<none>
Query params:	<none>
Form params:	<none>
Path params:	<none>
Headers:		Accept=*/*
				Content-Type=application/json; charset=UTF-8
Cookies:		<none>
Multiparts:		<none>
Body:			<none>
]]></system-out>
  </testcase>
  <testcase name="test_organisationOrganisationTypeOrganisationIdSoftwareStatementSoftwareStatementIdRedirectUriPost_404" classname="com.laegler.openbanking.api.integration.OrganisationApiIntegrationTest" time="0.001">
    <error message="Invalid number of path parameters. Expected 3, was 0. Undefined path parameters are: OrganisationType, OrganisationId, SoftwareStatementId." type="java.lang.IllegalArgumentException">java.lang.IllegalArgumentException: Invalid number of path parameters. Expected 3, was 0. Undefined path parameters are: OrganisationType, OrganisationId, SoftwareStatementId.
	at com.laegler.openbanking.api.integration.OrganisationApiIntegrationTest.test_organisationOrganisationTypeOrganisationIdSoftwareStatementSoftwareStatementIdRedirectUriPost_404(OrganisationApiIntegrationTest.java:951)
</error>
    <system-out><![CDATA[Request method:	POST
Request URI:	http://localhost:8080/example-api/organisation/organisation/%7BOrganisationType%7D/%7BOrganisationId%7D/software-statement/%7BSoftwareStatementId%7D/redirect-uri
Proxy:			<none>
Request params:	<none>
Query params:	<none>
Form params:	<none>
Path params:	<none>
Headers:		Accept=*/*
				Content-Type=application/json; charset=UTF-8
Cookies:		<none>
Multiparts:		<none>
Body:			<none>
]]></system-out>
  </testcase>
  <testcase name="test_organisationOrganisationTypeOrganisationIdSoftwareStatementSoftwareStatementIdRedirectUriPost_406" classname="com.laegler.openbanking.api.integration.OrganisationApiIntegrationTest" time="0.002">
    <error message="Invalid number of path parameters. Expected 3, was 0. Undefined path parameters are: OrganisationType, OrganisationId, SoftwareStatementId." type="java.lang.IllegalArgumentException">java.lang.IllegalArgumentException: Invalid number of path parameters. Expected 3, was 0. Undefined path parameters are: OrganisationType, OrganisationId, SoftwareStatementId.
	at com.laegler.openbanking.api.integration.OrganisationApiIntegrationTest.test_organisationOrganisationTypeOrganisationIdSoftwareStatementSoftwareStatementIdRedirectUriPost_406(OrganisationApiIntegrationTest.java:963)
</error>
    <system-out><![CDATA[Request method:	POST
Request URI:	http://localhost:8080/example-api/organisation/organisation/%7BOrganisationType%7D/%7BOrganisationId%7D/software-statement/%7BSoftwareStatementId%7D/redirect-uri
Proxy:			<none>
Request params:	<none>
Query params:	<none>
Form params:	<none>
Path params:	<none>
Headers:		Accept=*/*
				Content-Type=application/json; charset=UTF-8
Cookies:		<none>
Multiparts:		<none>
Body:			<none>
]]></system-out>
  </testcase>
  <testcase name="test_organisationOrganisationTypeOrganisationIdSoftwareStatementSoftwareStatementIdRedirectUriPost_409" classname="com.laegler.openbanking.api.integration.OrganisationApiIntegrationTest" time="0.002">
    <error message="Invalid number of path parameters. Expected 3, was 0. Undefined path parameters are: OrganisationType, OrganisationId, SoftwareStatementId." type="java.lang.IllegalArgumentException">java.lang.IllegalArgumentException: Invalid number of path parameters. Expected 3, was 0. Undefined path parameters are: OrganisationType, OrganisationId, SoftwareStatementId.
	at com.laegler.openbanking.api.integration.OrganisationApiIntegrationTest.test_organisationOrganisationTypeOrganisationIdSoftwareStatementSoftwareStatementIdRedirectUriPost_409(OrganisationApiIntegrationTest.java:981)
</error>
    <system-out><![CDATA[Request method:	POST
Request URI:	http://localhost:8080/example-api/organisation/organisation/%7BOrganisationType%7D/%7BOrganisationId%7D/software-statement/%7BSoftwareStatementId%7D/redirect-uri
Proxy:			<none>
Request params:	<none>
Query params:	<none>
Form params:	<none>
Path params:	<none>
Headers:		Accept=*/*
				Content-Type=application/json; charset=UTF-8
Cookies:		<none>
Multiparts:		<none>
Body:			<none>
]]></system-out>
  </testcase>
  <testcase name="test_organisationOrganisationTypeOrganisationIdSoftwareStatementSoftwareStatementIdRedirectUriPost_500" classname="com.laegler.openbanking.api.integration.OrganisationApiIntegrationTest" time="0.001">
    <error message="Invalid number of path parameters. Expected 3, was 0. Undefined path parameters are: OrganisationType, OrganisationId, SoftwareStatementId." type="java.lang.IllegalArgumentException">java.lang.IllegalArgumentException: Invalid number of path parameters. Expected 3, was 0. Undefined path parameters are: OrganisationType, OrganisationId, SoftwareStatementId.
	at com.laegler.openbanking.api.integration.OrganisationApiIntegrationTest.test_organisationOrganisationTypeOrganisationIdSoftwareStatementSoftwareStatementIdRedirectUriPost_500(OrganisationApiIntegrationTest.java:957)
</error>
    <system-out><![CDATA[Request method:	POST
Request URI:	http://localhost:8080/example-api/organisation/organisation/%7BOrganisationType%7D/%7BOrganisationId%7D/software-statement/%7BSoftwareStatementId%7D/redirect-uri
Proxy:			<none>
Request params:	<none>
Query params:	<none>
Form params:	<none>
Path params:	<none>
Headers:		Accept=*/*
				Content-Type=application/json; charset=UTF-8
Cookies:		<none>
Multiparts:		<none>
Body:			<none>
]]></system-out>
  </testcase>
  <testcase name="test_organisationOrganisationTypeOrganisationIdSoftwareStatementSoftwareStatementIdRedirectUriPost_502" classname="com.laegler.openbanking.api.integration.OrganisationApiIntegrationTest" time="0.002">
    <error message="Invalid number of path parameters. Expected 3, was 0. Undefined path parameters are: OrganisationType, OrganisationId, SoftwareStatementId." type="java.lang.IllegalArgumentException">java.lang.IllegalArgumentException: Invalid number of path parameters. Expected 3, was 0. Undefined path parameters are: OrganisationType, OrganisationId, SoftwareStatementId.
	at com.laegler.openbanking.api.integration.OrganisationApiIntegrationTest.test_organisationOrganisationTypeOrganisationIdSoftwareStatementSoftwareStatementIdRedirectUriPost_502(OrganisationApiIntegrationTest.java:969)
</error>
    <system-out><![CDATA[Request method:	POST
Request URI:	http://localhost:8080/example-api/organisation/organisation/%7BOrganisationType%7D/%7BOrganisationId%7D/software-statement/%7BSoftwareStatementId%7D/redirect-uri
Proxy:			<none>
Request params:	<none>
Query params:	<none>
Form params:	<none>
Path params:	<none>
Headers:		Accept=*/*
				Content-Type=application/json; charset=UTF-8
Cookies:		<none>
Multiparts:		<none>
Body:			<none>
]]></system-out>
  </testcase>
  <testcase name="test_organisationOrganisationTypeOrganisationIdAuthorisationServerAuthorisationServerIdPut_202" classname="com.laegler.openbanking.api.integration.OrganisationApiIntegrationTest" time="0.001">
    <error message="Invalid number of path parameters. Expected 3, was 0. Undefined path parameters are: OrganisationType, OrganisationId, AuthorisationServerId." type="java.lang.IllegalArgumentException">java.lang.IllegalArgumentException: Invalid number of path parameters. Expected 3, was 0. Undefined path parameters are: OrganisationType, OrganisationId, AuthorisationServerId.
	at com.laegler.openbanking.api.integration.OrganisationApiIntegrationTest.test_organisationOrganisationTypeOrganisationIdAuthorisationServerAuthorisationServerIdPut_202(OrganisationApiIntegrationTest.java:171)
</error>
    <system-out><![CDATA[Request method:	PUT
Request URI:	http://localhost:8080/example-api/organisation/organisation/%7BOrganisationType%7D/%7BOrganisationId%7D/authorisation-server/%7BAuthorisationServerId%7D
Proxy:			<none>
Request params:	<none>
Query params:	<none>
Form params:	<none>
Path params:	<none>
Headers:		Accept=*/*
				Content-Type=application/json; charset=UTF-8
Cookies:		<none>
Multiparts:		<none>
Body:			<none>
]]></system-out>
  </testcase>
  <testcase name="test_organisationOrganisationTypeOrganisationIdAuthorisationServerAuthorisationServerIdPut_400" classname="com.laegler.openbanking.api.integration.OrganisationApiIntegrationTest" time="0.002">
    <error message="Invalid number of path parameters. Expected 3, was 0. Undefined path parameters are: OrganisationType, OrganisationId, AuthorisationServerId." type="java.lang.IllegalArgumentException">java.lang.IllegalArgumentException: Invalid number of path parameters. Expected 3, was 0. Undefined path parameters are: OrganisationType, OrganisationId, AuthorisationServerId.
	at com.laegler.openbanking.api.integration.OrganisationApiIntegrationTest.test_organisationOrganisationTypeOrganisationIdAuthorisationServerAuthorisationServerIdPut_400(OrganisationApiIntegrationTest.java:135)
</error>
    <system-out><![CDATA[Request method:	PUT
Request URI:	http://localhost:8080/example-api/organisation/organisation/%7BOrganisationType%7D/%7BOrganisationId%7D/authorisation-server/%7BAuthorisationServerId%7D
Proxy:			<none>
Request params:	<none>
Query params:	<none>
Form params:	<none>
Path params:	<none>
Headers:		Accept=*/*
				Content-Type=application/json; charset=UTF-8
Cookies:		<none>
Multiparts:		<none>
Body:			<none>
]]></system-out>
  </testcase>
  <testcase name="test_organisationOrganisationTypeOrganisationIdAuthorisationServerAuthorisationServerIdPut_401" classname="com.laegler.openbanking.api.integration.OrganisationApiIntegrationTest" time="0.002">
    <error message="Invalid number of path parameters. Expected 3, was 0. Undefined path parameters are: OrganisationType, OrganisationId, AuthorisationServerId." type="java.lang.IllegalArgumentException">java.lang.IllegalArgumentException: Invalid number of path parameters. Expected 3, was 0. Undefined path parameters are: OrganisationType, OrganisationId, AuthorisationServerId.
	at com.laegler.openbanking.api.integration.OrganisationApiIntegrationTest.test_organisationOrganisationTypeOrganisationIdAuthorisationServerAuthorisationServerIdPut_401(OrganisationApiIntegrationTest.java:141)
</error>
    <system-out><![CDATA[Request method:	PUT
Request URI:	http://localhost:8080/example-api/organisation/organisation/%7BOrganisationType%7D/%7BOrganisationId%7D/authorisation-server/%7BAuthorisationServerId%7D
Proxy:			<none>
Request params:	<none>
Query params:	<none>
Form params:	<none>
Path params:	<none>
Headers:		Accept=*/*
				Content-Type=application/json; charset=UTF-8
Cookies:		<none>
Multiparts:		<none>
Body:			<none>
]]></system-out>
  </testcase>
  <testcase name="test_organisationOrganisationTypeOrganisationIdAuthorisationServerAuthorisationServerIdPut_404" classname="com.laegler.openbanking.api.integration.OrganisationApiIntegrationTest" time="0.002">
    <error message="Invalid number of path parameters. Expected 3, was 0. Undefined path parameters are: OrganisationType, OrganisationId, AuthorisationServerId." type="java.lang.IllegalArgumentException">java.lang.IllegalArgumentException: Invalid number of path parameters. Expected 3, was 0. Undefined path parameters are: OrganisationType, OrganisationId, AuthorisationServerId.
	at com.laegler.openbanking.api.integration.OrganisationApiIntegrationTest.test_organisationOrganisationTypeOrganisationIdAuthorisationServerAuthorisationServerIdPut_404(OrganisationApiIntegrationTest.java:147)
</error>
    <system-out><![CDATA[Request method:	PUT
Request URI:	http://localhost:8080/example-api/organisation/organisation/%7BOrganisationType%7D/%7BOrganisationId%7D/authorisation-server/%7BAuthorisationServerId%7D
Proxy:			<none>
Request params:	<none>
Query params:	<none>
Form params:	<none>
Path params:	<none>
Headers:		Accept=*/*
				Content-Type=application/json; charset=UTF-8
Cookies:		<none>
Multiparts:		<none>
Body:			<none>
]]></system-out>
  </testcase>
  <testcase name="test_organisationOrganisationTypeOrganisationIdAuthorisationServerAuthorisationServerIdPut_406" classname="com.laegler.openbanking.api.integration.OrganisationApiIntegrationTest" time="0.001">
    <error message="Invalid number of path parameters. Expected 3, was 0. Undefined path parameters are: OrganisationType, OrganisationId, AuthorisationServerId." type="java.lang.IllegalArgumentException">java.lang.IllegalArgumentException: Invalid number of path parameters. Expected 3, was 0. Undefined path parameters are: OrganisationType, OrganisationId, AuthorisationServerId.
	at com.laegler.openbanking.api.integration.OrganisationApiIntegrationTest.test_organisationOrganisationTypeOrganisationIdAuthorisationServerAuthorisationServerIdPut_406(OrganisationApiIntegrationTest.java:159)
</error>
    <system-out><![CDATA[Request method:	PUT
Request URI:	http://localhost:8080/example-api/organisation/organisation/%7BOrganisationType%7D/%7BOrganisationId%7D/authorisation-server/%7BAuthorisationServerId%7D
Proxy:			<none>
Request params:	<none>
Query params:	<none>
Form params:	<none>
Path params:	<none>
Headers:		Accept=*/*
				Content-Type=application/json; charset=UTF-8
Cookies:		<none>
Multiparts:		<none>
Body:			<none>
]]></system-out>
  </testcase>
  <testcase name="test_organisationOrganisationTypeOrganisationIdAuthorisationServerAuthorisationServerIdPut_500" classname="com.laegler.openbanking.api.integration.OrganisationApiIntegrationTest" time="0.002">
    <error message="Invalid number of path parameters. Expected 3, was 0. Undefined path parameters are: OrganisationType, OrganisationId, AuthorisationServerId." type="java.lang.IllegalArgumentException">java.lang.IllegalArgumentException: Invalid number of path parameters. Expected 3, was 0. Undefined path parameters are: OrganisationType, OrganisationId, AuthorisationServerId.
	at com.laegler.openbanking.api.integration.OrganisationApiIntegrationTest.test_organisationOrganisationTypeOrganisationIdAuthorisationServerAuthorisationServerIdPut_500(OrganisationApiIntegrationTest.java:153)
</error>
    <system-out><![CDATA[Request method:	PUT
Request URI:	http://localhost:8080/example-api/organisation/organisation/%7BOrganisationType%7D/%7BOrganisationId%7D/authorisation-server/%7BAuthorisationServerId%7D
Proxy:			<none>
Request params:	<none>
Query params:	<none>
Form params:	<none>
Path params:	<none>
Headers:		Accept=*/*
				Content-Type=application/json; charset=UTF-8
Cookies:		<none>
Multiparts:		<none>
Body:			<none>
]]></system-out>
  </testcase>
  <testcase name="test_organisationOrganisationTypeOrganisationIdAuthorisationServerAuthorisationServerIdPut_502" classname="com.laegler.openbanking.api.integration.OrganisationApiIntegrationTest" time="0.001">
    <error message="Invalid number of path parameters. Expected 3, was 0. Undefined path parameters are: OrganisationType, OrganisationId, AuthorisationServerId." type="java.lang.IllegalArgumentException">java.lang.IllegalArgumentException: Invalid number of path parameters. Expected 3, was 0. Undefined path parameters are: OrganisationType, OrganisationId, AuthorisationServerId.
	at com.laegler.openbanking.api.integration.OrganisationApiIntegrationTest.test_organisationOrganisationTypeOrganisationIdAuthorisationServerAuthorisationServerIdPut_502(OrganisationApiIntegrationTest.java:165)
</error>
    <system-out><![CDATA[Request method:	PUT
Request URI:	http://localhost:8080/example-api/organisation/organisation/%7BOrganisationType%7D/%7BOrganisationId%7D/authorisation-server/%7BAuthorisationServerId%7D
Proxy:			<none>
Request params:	<none>
Query params:	<none>
Form params:	<none>
Path params:	<none>
Headers:		Accept=*/*
				Content-Type=application/json; charset=UTF-8
Cookies:		<none>
Multiparts:		<none>
Body:			<none>
]]></system-out>
  </testcase>
  <testcase name="test_organisationOrganisationTypeOrganisationIdSoftwareStatementSoftwareStatementIdCertificateSoftwareStatementCertificateOrKeyTypeGet_200" classname="com.laegler.openbanking.api.integration.OrganisationApiIntegrationTest" time="0.002">
    <error message="Invalid number of path parameters. Expected 4, was 0. Undefined path parameters are: OrganisationType, OrganisationId, SoftwareStatementId, SoftwareStatementCertificateOrKeyType." type="java.lang.IllegalArgumentException">java.lang.IllegalArgumentException: Invalid number of path parameters. Expected 4, was 0. Undefined path parameters are: OrganisationType, OrganisationId, SoftwareStatementId, SoftwareStatementCertificateOrKeyType.
	at com.laegler.openbanking.api.integration.OrganisationApiIntegrationTest.test_organisationOrganisationTypeOrganisationIdSoftwareStatementSoftwareStatementIdCertificateSoftwareStatementCertificateOrKeyTypeGet_200(OrganisationApiIntegrationTest.java:807)
</error>
    <system-out><![CDATA[Request method:	GET
Request URI:	http://localhost:8080/example-api/organisation/organisation/%7BOrganisationType%7D/%7BOrganisationId%7D/software-statement/%7BSoftwareStatementId%7D/certificate/%7BSoftwareStatementCertificateOrKeyType%7D
Proxy:			<none>
Request params:	<none>
Query params:	<none>
Form params:	<none>
Path params:	<none>
Headers:		Accept=*/*
				Content-Type=application/json; charset=UTF-8
Cookies:		<none>
Multiparts:		<none>
Body:			<none>
]]></system-out>
  </testcase>
  <testcase name="test_organisationOrganisationTypeOrganisationIdSoftwareStatementSoftwareStatementIdCertificateSoftwareStatementCertificateOrKeyTypeGet_400" classname="com.laegler.openbanking.api.integration.OrganisationApiIntegrationTest" time="0.002">
    <error message="Invalid number of path parameters. Expected 4, was 0. Undefined path parameters are: OrganisationType, OrganisationId, SoftwareStatementId, SoftwareStatementCertificateOrKeyType." type="java.lang.IllegalArgumentException">java.lang.IllegalArgumentException: Invalid number of path parameters. Expected 4, was 0. Undefined path parameters are: OrganisationType, OrganisationId, SoftwareStatementId, SoftwareStatementCertificateOrKeyType.
	at com.laegler.openbanking.api.integration.OrganisationApiIntegrationTest.test_organisationOrganisationTypeOrganisationIdSoftwareStatementSoftwareStatementIdCertificateSoftwareStatementCertificateOrKeyTypeGet_400(OrganisationApiIntegrationTest.java:771)
</error>
    <system-out><![CDATA[Request method:	GET
Request URI:	http://localhost:8080/example-api/organisation/organisation/%7BOrganisationType%7D/%7BOrganisationId%7D/software-statement/%7BSoftwareStatementId%7D/certificate/%7BSoftwareStatementCertificateOrKeyType%7D
Proxy:			<none>
Request params:	<none>
Query params:	<none>
Form params:	<none>
Path params:	<none>
Headers:		Accept=*/*
				Content-Type=application/json; charset=UTF-8
Cookies:		<none>
Multiparts:		<none>
Body:			<none>
]]></system-out>
  </testcase>
  <testcase name="test_organisationOrganisationTypeOrganisationIdSoftwareStatementSoftwareStatementIdCertificateSoftwareStatementCertificateOrKeyTypeGet_401" classname="com.laegler.openbanking.api.integration.OrganisationApiIntegrationTest" time="0.001">
    <error message="Invalid number of path parameters. Expected 4, was 0. Undefined path parameters are: OrganisationType, OrganisationId, SoftwareStatementId, SoftwareStatementCertificateOrKeyType." type="java.lang.IllegalArgumentException">java.lang.IllegalArgumentException: Invalid number of path parameters. Expected 4, was 0. Undefined path parameters are: OrganisationType, OrganisationId, SoftwareStatementId, SoftwareStatementCertificateOrKeyType.
	at com.laegler.openbanking.api.integration.OrganisationApiIntegrationTest.test_organisationOrganisationTypeOrganisationIdSoftwareStatementSoftwareStatementIdCertificateSoftwareStatementCertificateOrKeyTypeGet_401(OrganisationApiIntegrationTest.java:777)
</error>
    <system-out><![CDATA[Request method:	GET
Request URI:	http://localhost:8080/example-api/organisation/organisation/%7BOrganisationType%7D/%7BOrganisationId%7D/software-statement/%7BSoftwareStatementId%7D/certificate/%7BSoftwareStatementCertificateOrKeyType%7D
Proxy:			<none>
Request params:	<none>
Query params:	<none>
Form params:	<none>
Path params:	<none>
Headers:		Accept=*/*
				Content-Type=application/json; charset=UTF-8
Cookies:		<none>
Multiparts:		<none>
Body:			<none>
]]></system-out>
  </testcase>
  <testcase name="test_organisationOrganisationTypeOrganisationIdSoftwareStatementSoftwareStatementIdCertificateSoftwareStatementCertificateOrKeyTypeGet_404" classname="com.laegler.openbanking.api.integration.OrganisationApiIntegrationTest" time="0.002">
    <error message="Invalid number of path parameters. Expected 4, was 0. Undefined path parameters are: OrganisationType, OrganisationId, SoftwareStatementId, SoftwareStatementCertificateOrKeyType." type="java.lang.IllegalArgumentException">java.lang.IllegalArgumentException: Invalid number of path parameters. Expected 4, was 0. Undefined path parameters are: OrganisationType, OrganisationId, SoftwareStatementId, SoftwareStatementCertificateOrKeyType.
	at com.laegler.openbanking.api.integration.OrganisationApiIntegrationTest.test_organisationOrganisationTypeOrganisationIdSoftwareStatementSoftwareStatementIdCertificateSoftwareStatementCertificateOrKeyTypeGet_404(OrganisationApiIntegrationTest.java:783)
</error>
    <system-out><![CDATA[Request method:	GET
Request URI:	http://localhost:8080/example-api/organisation/organisation/%7BOrganisationType%7D/%7BOrganisationId%7D/software-statement/%7BSoftwareStatementId%7D/certificate/%7BSoftwareStatementCertificateOrKeyType%7D
Proxy:			<none>
Request params:	<none>
Query params:	<none>
Form params:	<none>
Path params:	<none>
Headers:		Accept=*/*
				Content-Type=application/json; charset=UTF-8
Cookies:		<none>
Multiparts:		<none>
Body:			<none>
]]></system-out>
  </testcase>
  <testcase name="test_organisationOrganisationTypeOrganisationIdSoftwareStatementSoftwareStatementIdCertificateSoftwareStatementCertificateOrKeyTypeGet_406" classname="com.laegler.openbanking.api.integration.OrganisationApiIntegrationTest" time="0.001">
    <error message="Invalid number of path parameters. Expected 4, was 0. Undefined path parameters are: OrganisationType, OrganisationId, SoftwareStatementId, SoftwareStatementCertificateOrKeyType." type="java.lang.IllegalArgumentException">java.lang.IllegalArgumentException: Invalid number of path parameters. Expected 4, was 0. Undefined path parameters are: OrganisationType, OrganisationId, SoftwareStatementId, SoftwareStatementCertificateOrKeyType.
	at com.laegler.openbanking.api.integration.OrganisationApiIntegrationTest.test_organisationOrganisationTypeOrganisationIdSoftwareStatementSoftwareStatementIdCertificateSoftwareStatementCertificateOrKeyTypeGet_406(OrganisationApiIntegrationTest.java:795)
</error>
    <system-out><![CDATA[Request method:	GET
Request URI:	http://localhost:8080/example-api/organisation/organisation/%7BOrganisationType%7D/%7BOrganisationId%7D/software-statement/%7BSoftwareStatementId%7D/certificate/%7BSoftwareStatementCertificateOrKeyType%7D
Proxy:			<none>
Request params:	<none>
Query params:	<none>
Form params:	<none>
Path params:	<none>
Headers:		Accept=*/*
				Content-Type=application/json; charset=UTF-8
Cookies:		<none>
Multiparts:		<none>
Body:			<none>
]]></system-out>
  </testcase>
  <testcase name="test_organisationOrganisationTypeOrganisationIdSoftwareStatementSoftwareStatementIdCertificateSoftwareStatementCertificateOrKeyTypeGet_500" classname="com.laegler.openbanking.api.integration.OrganisationApiIntegrationTest" time="0.001">
    <error message="Invalid number of path parameters. Expected 4, was 0. Undefined path parameters are: OrganisationType, OrganisationId, SoftwareStatementId, SoftwareStatementCertificateOrKeyType." type="java.lang.IllegalArgumentException">java.lang.IllegalArgumentException: Invalid number of path parameters. Expected 4, was 0. Undefined path parameters are: OrganisationType, OrganisationId, SoftwareStatementId, SoftwareStatementCertificateOrKeyType.
	at com.laegler.openbanking.api.integration.OrganisationApiIntegrationTest.test_organisationOrganisationTypeOrganisationIdSoftwareStatementSoftwareStatementIdCertificateSoftwareStatementCertificateOrKeyTypeGet_500(OrganisationApiIntegrationTest.java:789)
</error>
    <system-out><![CDATA[Request method:	GET
Request URI:	http://localhost:8080/example-api/organisation/organisation/%7BOrganisationType%7D/%7BOrganisationId%7D/software-statement/%7BSoftwareStatementId%7D/certificate/%7BSoftwareStatementCertificateOrKeyType%7D
Proxy:			<none>
Request params:	<none>
Query params:	<none>
Form params:	<none>
Path params:	<none>
Headers:		Accept=*/*
				Content-Type=application/json; charset=UTF-8
Cookies:		<none>
Multiparts:		<none>
Body:			<none>
]]></system-out>
  </testcase>
  <testcase name="test_organisationOrganisationTypeOrganisationIdSoftwareStatementSoftwareStatementIdCertificateSoftwareStatementCertificateOrKeyTypeGet_502" classname="com.laegler.openbanking.api.integration.OrganisationApiIntegrationTest" time="0.003">
    <error message="Invalid number of path parameters. Expected 4, was 0. Undefined path parameters are: OrganisationType, OrganisationId, SoftwareStatementId, SoftwareStatementCertificateOrKeyType." type="java.lang.IllegalArgumentException">java.lang.IllegalArgumentException: Invalid number of path parameters. Expected 4, was 0. Undefined path parameters are: OrganisationType, OrganisationId, SoftwareStatementId, SoftwareStatementCertificateOrKeyType.
	at com.laegler.openbanking.api.integration.OrganisationApiIntegrationTest.test_organisationOrganisationTypeOrganisationIdSoftwareStatementSoftwareStatementIdCertificateSoftwareStatementCertificateOrKeyTypeGet_502(OrganisationApiIntegrationTest.java:801)
</error>
    <system-out><![CDATA[Request method:	GET
Request URI:	http://localhost:8080/example-api/organisation/organisation/%7BOrganisationType%7D/%7BOrganisationId%7D/software-statement/%7BSoftwareStatementId%7D/certificate/%7BSoftwareStatementCertificateOrKeyType%7D
Proxy:			<none>
Request params:	<none>
Query params:	<none>
Form params:	<none>
Path params:	<none>
Headers:		Accept=*/*
				Content-Type=application/json; charset=UTF-8
Cookies:		<none>
Multiparts:		<none>
Body:			<none>
]]></system-out>
  </testcase>
  <testcase name="test_organisationOrganisationTypeOrganisationIdContactContactTypePut_200" classname="com.laegler.openbanking.api.integration.OrganisationApiIntegrationTest" time="0.002">
    <error message="Invalid number of path parameters. Expected 3, was 0. Undefined path parameters are: OrganisationType, OrganisationId, ContactType." type="java.lang.IllegalArgumentException">java.lang.IllegalArgumentException: Invalid number of path parameters. Expected 3, was 0. Undefined path parameters are: OrganisationType, OrganisationId, ContactType.
	at com.laegler.openbanking.api.integration.OrganisationApiIntegrationTest.test_organisationOrganisationTypeOrganisationIdContactContactTypePut_200(OrganisationApiIntegrationTest.java:537)
</error>
    <system-out><![CDATA[Request method:	PUT
Request URI:	http://localhost:8080/example-api/organisation/organisation/%7BOrganisationType%7D/%7BOrganisationId%7D/contact/%7BContactType%7D
Proxy:			<none>
Request params:	<none>
Query params:	<none>
Form params:	<none>
Path params:	<none>
Headers:		Accept=*/*
				Content-Type=application/json; charset=UTF-8
Cookies:		<none>
Multiparts:		<none>
Body:			<none>
]]></system-out>
  </testcase>
  <testcase name="test_organisationOrganisationTypeOrganisationIdContactContactTypePut_400" classname="com.laegler.openbanking.api.integration.OrganisationApiIntegrationTest" time="0.002">
    <error message="Invalid number of path parameters. Expected 3, was 0. Undefined path parameters are: OrganisationType, OrganisationId, ContactType." type="java.lang.IllegalArgumentException">java.lang.IllegalArgumentException: Invalid number of path parameters. Expected 3, was 0. Undefined path parameters are: OrganisationType, OrganisationId, ContactType.
	at com.laegler.openbanking.api.integration.OrganisationApiIntegrationTest.test_organisationOrganisationTypeOrganisationIdContactContactTypePut_400(OrganisationApiIntegrationTest.java:507)
</error>
    <system-out><![CDATA[Request method:	PUT
Request URI:	http://localhost:8080/example-api/organisation/organisation/%7BOrganisationType%7D/%7BOrganisationId%7D/contact/%7BContactType%7D
Proxy:			<none>
Request params:	<none>
Query params:	<none>
Form params:	<none>
Path params:	<none>
Headers:		Accept=*/*
				Content-Type=application/json; charset=UTF-8
Cookies:		<none>
Multiparts:		<none>
Body:			<none>
]]></system-out>
  </testcase>
  <testcase name="test_organisationOrganisationTypeOrganisationIdContactContactTypePut_401" classname="com.laegler.openbanking.api.integration.OrganisationApiIntegrationTest" time="0.001">
    <error message="Invalid number of path parameters. Expected 3, was 0. Undefined path parameters are: OrganisationType, OrganisationId, ContactType." type="java.lang.IllegalArgumentException">java.lang.IllegalArgumentException: Invalid number of path parameters. Expected 3, was 0. Undefined path parameters are: OrganisationType, OrganisationId, ContactType.
	at com.laegler.openbanking.api.integration.OrganisationApiIntegrationTest.test_organisationOrganisationTypeOrganisationIdContactContactTypePut_401(OrganisationApiIntegrationTest.java:513)
</error>
    <system-out><![CDATA[Request method:	PUT
Request URI:	http://localhost:8080/example-api/organisation/organisation/%7BOrganisationType%7D/%7BOrganisationId%7D/contact/%7BContactType%7D
Proxy:			<none>
Request params:	<none>
Query params:	<none>
Form params:	<none>
Path params:	<none>
Headers:		Accept=*/*
				Content-Type=application/json; charset=UTF-8
Cookies:		<none>
Multiparts:		<none>
Body:			<none>
]]></system-out>
  </testcase>
  <testcase name="test_organisationOrganisationTypeOrganisationIdContactContactTypePut_406" classname="com.laegler.openbanking.api.integration.OrganisationApiIntegrationTest" time="0.002">
    <error message="Invalid number of path parameters. Expected 3, was 0. Undefined path parameters are: OrganisationType, OrganisationId, ContactType." type="java.lang.IllegalArgumentException">java.lang.IllegalArgumentException: Invalid number of path parameters. Expected 3, was 0. Undefined path parameters are: OrganisationType, OrganisationId, ContactType.
	at com.laegler.openbanking.api.integration.OrganisationApiIntegrationTest.test_organisationOrganisationTypeOrganisationIdContactContactTypePut_406(OrganisationApiIntegrationTest.java:525)
</error>
    <system-out><![CDATA[Request method:	PUT
Request URI:	http://localhost:8080/example-api/organisation/organisation/%7BOrganisationType%7D/%7BOrganisationId%7D/contact/%7BContactType%7D
Proxy:			<none>
Request params:	<none>
Query params:	<none>
Form params:	<none>
Path params:	<none>
Headers:		Accept=*/*
				Content-Type=application/json; charset=UTF-8
Cookies:		<none>
Multiparts:		<none>
Body:			<none>
]]></system-out>
  </testcase>
  <testcase name="test_organisationOrganisationTypeOrganisationIdContactContactTypePut_500" classname="com.laegler.openbanking.api.integration.OrganisationApiIntegrationTest" time="0.001">
    <error message="Invalid number of path parameters. Expected 3, was 0. Undefined path parameters are: OrganisationType, OrganisationId, ContactType." type="java.lang.IllegalArgumentException">java.lang.IllegalArgumentException: Invalid number of path parameters. Expected 3, was 0. Undefined path parameters are: OrganisationType, OrganisationId, ContactType.
	at com.laegler.openbanking.api.integration.OrganisationApiIntegrationTest.test_organisationOrganisationTypeOrganisationIdContactContactTypePut_500(OrganisationApiIntegrationTest.java:519)
</error>
    <system-out><![CDATA[Request method:	PUT
Request URI:	http://localhost:8080/example-api/organisation/organisation/%7BOrganisationType%7D/%7BOrganisationId%7D/contact/%7BContactType%7D
Proxy:			<none>
Request params:	<none>
Query params:	<none>
Form params:	<none>
Path params:	<none>
Headers:		Accept=*/*
				Content-Type=application/json; charset=UTF-8
Cookies:		<none>
Multiparts:		<none>
Body:			<none>
]]></system-out>
  </testcase>
  <testcase name="test_organisationOrganisationTypeOrganisationIdContactContactTypePut_502" classname="com.laegler.openbanking.api.integration.OrganisationApiIntegrationTest" time="0.002">
    <error message="Invalid number of path parameters. Expected 3, was 0. Undefined path parameters are: OrganisationType, OrganisationId, ContactType." type="java.lang.IllegalArgumentException">java.lang.IllegalArgumentException: Invalid number of path parameters. Expected 3, was 0. Undefined path parameters are: OrganisationType, OrganisationId, ContactType.
	at com.laegler.openbanking.api.integration.OrganisationApiIntegrationTest.test_organisationOrganisationTypeOrganisationIdContactContactTypePut_502(OrganisationApiIntegrationTest.java:531)
</error>
    <system-out><![CDATA[Request method:	PUT
Request URI:	http://localhost:8080/example-api/organisation/organisation/%7BOrganisationType%7D/%7BOrganisationId%7D/contact/%7BContactType%7D
Proxy:			<none>
Request params:	<none>
Query params:	<none>
Form params:	<none>
Path params:	<none>
Headers:		Accept=*/*
				Content-Type=application/json; charset=UTF-8
Cookies:		<none>
Multiparts:		<none>
Body:			<none>
]]></system-out>
  </testcase>
  <testcase name="test_organisationOrganisationTypeOrganisationIdCertificateOrganisationCertificateTypeGet_200" classname="com.laegler.openbanking.api.integration.OrganisationApiIntegrationTest" time="0.001">
    <error message="Invalid number of path parameters. Expected 3, was 0. Undefined path parameters are: OrganisationType, OrganisationId, OrganisationCertificateType." type="java.lang.IllegalArgumentException">java.lang.IllegalArgumentException: Invalid number of path parameters. Expected 3, was 0. Undefined path parameters are: OrganisationType, OrganisationId, OrganisationCertificateType.
	at com.laegler.openbanking.api.integration.OrganisationApiIntegrationTest.test_organisationOrganisationTypeOrganisationIdCertificateOrganisationCertificateTypeGet_200(OrganisationApiIntegrationTest.java:423)
</error>
    <system-out><![CDATA[Request method:	GET
Request URI:	http://localhost:8080/example-api/organisation/organisation/%7BOrganisationType%7D/%7BOrganisationId%7D/certificate/%7BOrganisationCertificateType%7D
Proxy:			<none>
Request params:	<none>
Query params:	<none>
Form params:	<none>
Path params:	<none>
Headers:		Accept=*/*
				Content-Type=application/json; charset=UTF-8
Cookies:		<none>
Multiparts:		<none>
Body:			<none>
]]></system-out>
  </testcase>
  <testcase name="test_organisationOrganisationTypeOrganisationIdCertificateOrganisationCertificateTypeGet_400" classname="com.laegler.openbanking.api.integration.OrganisationApiIntegrationTest" time="0.002">
    <error message="Invalid number of path parameters. Expected 3, was 0. Undefined path parameters are: OrganisationType, OrganisationId, OrganisationCertificateType." type="java.lang.IllegalArgumentException">java.lang.IllegalArgumentException: Invalid number of path parameters. Expected 3, was 0. Undefined path parameters are: OrganisationType, OrganisationId, OrganisationCertificateType.
	at com.laegler.openbanking.api.integration.OrganisationApiIntegrationTest.test_organisationOrganisationTypeOrganisationIdCertificateOrganisationCertificateTypeGet_400(OrganisationApiIntegrationTest.java:387)
</error>
    <system-out><![CDATA[Request method:	GET
Request URI:	http://localhost:8080/example-api/organisation/organisation/%7BOrganisationType%7D/%7BOrganisationId%7D/certificate/%7BOrganisationCertificateType%7D
Proxy:			<none>
Request params:	<none>
Query params:	<none>
Form params:	<none>
Path params:	<none>
Headers:		Accept=*/*
				Content-Type=application/json; charset=UTF-8
Cookies:		<none>
Multiparts:		<none>
Body:			<none>
]]></system-out>
  </testcase>
  <testcase name="test_organisationOrganisationTypeOrganisationIdCertificateOrganisationCertificateTypeGet_401" classname="com.laegler.openbanking.api.integration.OrganisationApiIntegrationTest" time="0.001">
    <error message="Invalid number of path parameters. Expected 3, was 0. Undefined path parameters are: OrganisationType, OrganisationId, OrganisationCertificateType." type="java.lang.IllegalArgumentException">java.lang.IllegalArgumentException: Invalid number of path parameters. Expected 3, was 0. Undefined path parameters are: OrganisationType, OrganisationId, OrganisationCertificateType.
	at com.laegler.openbanking.api.integration.OrganisationApiIntegrationTest.test_organisationOrganisationTypeOrganisationIdCertificateOrganisationCertificateTypeGet_401(OrganisationApiIntegrationTest.java:393)
</error>
    <system-out><![CDATA[Request method:	GET
Request URI:	http://localhost:8080/example-api/organisation/organisation/%7BOrganisationType%7D/%7BOrganisationId%7D/certificate/%7BOrganisationCertificateType%7D
Proxy:			<none>
Request params:	<none>
Query params:	<none>
Form params:	<none>
Path params:	<none>
Headers:		Accept=*/*
				Content-Type=application/json; charset=UTF-8
Cookies:		<none>
Multiparts:		<none>
Body:			<none>
]]></system-out>
  </testcase>
  <testcase name="test_organisationOrganisationTypeOrganisationIdCertificateOrganisationCertificateTypeGet_404" classname="com.laegler.openbanking.api.integration.OrganisationApiIntegrationTest" time="0.002">
    <error message="Invalid number of path parameters. Expected 3, was 0. Undefined path parameters are: OrganisationType, OrganisationId, OrganisationCertificateType." type="java.lang.IllegalArgumentException">java.lang.IllegalArgumentException: Invalid number of path parameters. Expected 3, was 0. Undefined path parameters are: OrganisationType, OrganisationId, OrganisationCertificateType.
	at com.laegler.openbanking.api.integration.OrganisationApiIntegrationTest.test_organisationOrganisationTypeOrganisationIdCertificateOrganisationCertificateTypeGet_404(OrganisationApiIntegrationTest.java:399)
</error>
    <system-out><![CDATA[Request method:	GET
Request URI:	http://localhost:8080/example-api/organisation/organisation/%7BOrganisationType%7D/%7BOrganisationId%7D/certificate/%7BOrganisationCertificateType%7D
Proxy:			<none>
Request params:	<none>
Query params:	<none>
Form params:	<none>
Path params:	<none>
Headers:		Accept=*/*
				Content-Type=application/json; charset=UTF-8
Cookies:		<none>
Multiparts:		<none>
Body:			<none>
]]></system-out>
  </testcase>
  <testcase name="test_organisationOrganisationTypeOrganisationIdCertificateOrganisationCertificateTypeGet_406" classname="com.laegler.openbanking.api.integration.OrganisationApiIntegrationTest" time="0.002">
    <error message="Invalid number of path parameters. Expected 3, was 0. Undefined path parameters are: OrganisationType, OrganisationId, OrganisationCertificateType." type="java.lang.IllegalArgumentException">java.lang.IllegalArgumentException: Invalid number of path parameters. Expected 3, was 0. Undefined path parameters are: OrganisationType, OrganisationId, OrganisationCertificateType.
	at com.laegler.openbanking.api.integration.OrganisationApiIntegrationTest.test_organisationOrganisationTypeOrganisationIdCertificateOrganisationCertificateTypeGet_406(OrganisationApiIntegrationTest.java:411)
</error>
    <system-out><![CDATA[Request method:	GET
Request URI:	http://localhost:8080/example-api/organisation/organisation/%7BOrganisationType%7D/%7BOrganisationId%7D/certificate/%7BOrganisationCertificateType%7D
Proxy:			<none>
Request params:	<none>
Query params:	<none>
Form params:	<none>
Path params:	<none>
Headers:		Accept=*/*
				Content-Type=application/json; charset=UTF-8
Cookies:		<none>
Multiparts:		<none>
Body:			<none>
]]></system-out>
  </testcase>
  <testcase name="test_organisationOrganisationTypeOrganisationIdCertificateOrganisationCertificateTypeGet_500" classname="com.laegler.openbanking.api.integration.OrganisationApiIntegrationTest" time="0.001">
    <error message="Invalid number of path parameters. Expected 3, was 0. Undefined path parameters are: OrganisationType, OrganisationId, OrganisationCertificateType." type="java.lang.IllegalArgumentException">java.lang.IllegalArgumentException: Invalid number of path parameters. Expected 3, was 0. Undefined path parameters are: OrganisationType, OrganisationId, OrganisationCertificateType.
	at com.laegler.openbanking.api.integration.OrganisationApiIntegrationTest.test_organisationOrganisationTypeOrganisationIdCertificateOrganisationCertificateTypeGet_500(OrganisationApiIntegrationTest.java:405)
</error>
    <system-out><![CDATA[Request method:	GET
Request URI:	http://localhost:8080/example-api/organisation/organisation/%7BOrganisationType%7D/%7BOrganisationId%7D/certificate/%7BOrganisationCertificateType%7D
Proxy:			<none>
Request params:	<none>
Query params:	<none>
Form params:	<none>
Path params:	<none>
Headers:		Accept=*/*
				Content-Type=application/json; charset=UTF-8
Cookies:		<none>
Multiparts:		<none>
Body:			<none>
]]></system-out>
  </testcase>
  <testcase name="test_organisationOrganisationTypeOrganisationIdCertificateOrganisationCertificateTypeGet_502" classname="com.laegler.openbanking.api.integration.OrganisationApiIntegrationTest" time="0.002">
    <error message="Invalid number of path parameters. Expected 3, was 0. Undefined path parameters are: OrganisationType, OrganisationId, OrganisationCertificateType." type="java.lang.IllegalArgumentException">java.lang.IllegalArgumentException: Invalid number of path parameters. Expected 3, was 0. Undefined path parameters are: OrganisationType, OrganisationId, OrganisationCertificateType.
	at com.laegler.openbanking.api.integration.OrganisationApiIntegrationTest.test_organisationOrganisationTypeOrganisationIdCertificateOrganisationCertificateTypeGet_502(OrganisationApiIntegrationTest.java:417)
</error>
    <system-out><![CDATA[Request method:	GET
Request URI:	http://localhost:8080/example-api/organisation/organisation/%7BOrganisationType%7D/%7BOrganisationId%7D/certificate/%7BOrganisationCertificateType%7D
Proxy:			<none>
Request params:	<none>
Query params:	<none>
Form params:	<none>
Path params:	<none>
Headers:		Accept=*/*
				Content-Type=application/json; charset=UTF-8
Cookies:		<none>
Multiparts:		<none>
Body:			<none>
]]></system-out>
  </testcase>
  <testcase name="test_organisationOrganisationTypeOrganisationIdAuthorisationServerAuthorisationServerIdGet_200" classname="com.laegler.openbanking.api.integration.OrganisationApiIntegrationTest" time="0.002">
    <error message="Invalid number of path parameters. Expected 3, was 0. Undefined path parameters are: OrganisationType, OrganisationId, AuthorisationServerId." type="java.lang.IllegalArgumentException">java.lang.IllegalArgumentException: Invalid number of path parameters. Expected 3, was 0. Undefined path parameters are: OrganisationType, OrganisationId, AuthorisationServerId.
	at com.laegler.openbanking.api.integration.OrganisationApiIntegrationTest.test_organisationOrganisationTypeOrganisationIdAuthorisationServerAuthorisationServerIdGet_200(OrganisationApiIntegrationTest.java:129)
</error>
    <system-out><![CDATA[Request method:	GET
Request URI:	http://localhost:8080/example-api/organisation/organisation/%7BOrganisationType%7D/%7BOrganisationId%7D/authorisation-server/%7BAuthorisationServerId%7D
Proxy:			<none>
Request params:	<none>
Query params:	<none>
Form params:	<none>
Path params:	<none>
Headers:		Accept=*/*
				Content-Type=application/json; charset=UTF-8
Cookies:		<none>
Multiparts:		<none>
Body:			<none>
]]></system-out>
  </testcase>
  <testcase name="test_organisationOrganisationTypeOrganisationIdAuthorisationServerAuthorisationServerIdGet_400" classname="com.laegler.openbanking.api.integration.OrganisationApiIntegrationTest" time="0.001">
    <error message="Invalid number of path parameters. Expected 3, was 0. Undefined path parameters are: OrganisationType, OrganisationId, AuthorisationServerId." type="java.lang.IllegalArgumentException">java.lang.IllegalArgumentException: Invalid number of path parameters. Expected 3, was 0. Undefined path parameters are: OrganisationType, OrganisationId, AuthorisationServerId.
	at com.laegler.openbanking.api.integration.OrganisationApiIntegrationTest.test_organisationOrganisationTypeOrganisationIdAuthorisationServerAuthorisationServerIdGet_400(OrganisationApiIntegrationTest.java:93)
</error>
    <system-out><![CDATA[Request method:	GET
Request URI:	http://localhost:8080/example-api/organisation/organisation/%7BOrganisationType%7D/%7BOrganisationId%7D/authorisation-server/%7BAuthorisationServerId%7D
Proxy:			<none>
Request params:	<none>
Query params:	<none>
Form params:	<none>
Path params:	<none>
Headers:		Accept=*/*
				Content-Type=application/json; charset=UTF-8
Cookies:		<none>
Multiparts:		<none>
Body:			<none>
]]></system-out>
  </testcase>
  <testcase name="test_organisationOrganisationTypeOrganisationIdAuthorisationServerAuthorisationServerIdGet_401" classname="com.laegler.openbanking.api.integration.OrganisationApiIntegrationTest" time="0.002">
    <error message="Invalid number of path parameters. Expected 3, was 0. Undefined path parameters are: OrganisationType, OrganisationId, AuthorisationServerId." type="java.lang.IllegalArgumentException">java.lang.IllegalArgumentException: Invalid number of path parameters. Expected 3, was 0. Undefined path parameters are: OrganisationType, OrganisationId, AuthorisationServerId.
	at com.laegler.openbanking.api.integration.OrganisationApiIntegrationTest.test_organisationOrganisationTypeOrganisationIdAuthorisationServerAuthorisationServerIdGet_401(OrganisationApiIntegrationTest.java:99)
</error>
    <system-out><![CDATA[Request method:	GET
Request URI:	http://localhost:8080/example-api/organisation/organisation/%7BOrganisationType%7D/%7BOrganisationId%7D/authorisation-server/%7BAuthorisationServerId%7D
Proxy:			<none>
Request params:	<none>
Query params:	<none>
Form params:	<none>
Path params:	<none>
Headers:		Accept=*/*
				Content-Type=application/json; charset=UTF-8
Cookies:		<none>
Multiparts:		<none>
Body:			<none>
]]></system-out>
  </testcase>
  <testcase name="test_organisationOrganisationTypeOrganisationIdAuthorisationServerAuthorisationServerIdGet_404" classname="com.laegler.openbanking.api.integration.OrganisationApiIntegrationTest" time="0.001">
    <error message="Invalid number of path parameters. Expected 3, was 0. Undefined path parameters are: OrganisationType, OrganisationId, AuthorisationServerId." type="java.lang.IllegalArgumentException">java.lang.IllegalArgumentException: Invalid number of path parameters. Expected 3, was 0. Undefined path parameters are: OrganisationType, OrganisationId, AuthorisationServerId.
	at com.laegler.openbanking.api.integration.OrganisationApiIntegrationTest.test_organisationOrganisationTypeOrganisationIdAuthorisationServerAuthorisationServerIdGet_404(OrganisationApiIntegrationTest.java:105)
</error>
    <system-out><![CDATA[Request method:	GET
Request URI:	http://localhost:8080/example-api/organisation/organisation/%7BOrganisationType%7D/%7BOrganisationId%7D/authorisation-server/%7BAuthorisationServerId%7D
Proxy:			<none>
Request params:	<none>
Query params:	<none>
Form params:	<none>
Path params:	<none>
Headers:		Accept=*/*
				Content-Type=application/json; charset=UTF-8
Cookies:		<none>
Multiparts:		<none>
Body:			<none>
]]></system-out>
  </testcase>
  <testcase name="test_organisationOrganisationTypeOrganisationIdAuthorisationServerAuthorisationServerIdGet_406" classname="com.laegler.openbanking.api.integration.OrganisationApiIntegrationTest" time="0.001">
    <error message="Invalid number of path parameters. Expected 3, was 0. Undefined path parameters are: OrganisationType, OrganisationId, AuthorisationServerId." type="java.lang.IllegalArgumentException">java.lang.IllegalArgumentException: Invalid number of path parameters. Expected 3, was 0. Undefined path parameters are: OrganisationType, OrganisationId, AuthorisationServerId.
	at com.laegler.openbanking.api.integration.OrganisationApiIntegrationTest.test_organisationOrganisationTypeOrganisationIdAuthorisationServerAuthorisationServerIdGet_406(OrganisationApiIntegrationTest.java:117)
</error>
    <system-out><![CDATA[Request method:	GET
Request URI:	http://localhost:8080/example-api/organisation/organisation/%7BOrganisationType%7D/%7BOrganisationId%7D/authorisation-server/%7BAuthorisationServerId%7D
Proxy:			<none>
Request params:	<none>
Query params:	<none>
Form params:	<none>
Path params:	<none>
Headers:		Accept=*/*
				Content-Type=application/json; charset=UTF-8
Cookies:		<none>
Multiparts:		<none>
Body:			<none>
]]></system-out>
  </testcase>
  <testcase name="test_organisationOrganisationTypeOrganisationIdAuthorisationServerAuthorisationServerIdGet_500" classname="com.laegler.openbanking.api.integration.OrganisationApiIntegrationTest" time="0.002">
    <error message="Invalid number of path parameters. Expected 3, was 0. Undefined path parameters are: OrganisationType, OrganisationId, AuthorisationServerId." type="java.lang.IllegalArgumentException">java.lang.IllegalArgumentException: Invalid number of path parameters. Expected 3, was 0. Undefined path parameters are: OrganisationType, OrganisationId, AuthorisationServerId.
	at com.laegler.openbanking.api.integration.OrganisationApiIntegrationTest.test_organisationOrganisationTypeOrganisationIdAuthorisationServerAuthorisationServerIdGet_500(OrganisationApiIntegrationTest.java:111)
</error>
    <system-out><![CDATA[Request method:	GET
Request URI:	http://localhost:8080/example-api/organisation/organisation/%7BOrganisationType%7D/%7BOrganisationId%7D/authorisation-server/%7BAuthorisationServerId%7D
Proxy:			<none>
Request params:	<none>
Query params:	<none>
Form params:	<none>
Path params:	<none>
Headers:		Accept=*/*
				Content-Type=application/json; charset=UTF-8
Cookies:		<none>
Multiparts:		<none>
Body:			<none>
]]></system-out>
  </testcase>
  <testcase name="test_organisationOrganisationTypeOrganisationIdAuthorisationServerAuthorisationServerIdGet_502" classname="com.laegler.openbanking.api.integration.OrganisationApiIntegrationTest" time="0.001">
    <error message="Invalid number of path parameters. Expected 3, was 0. Undefined path parameters are: OrganisationType, OrganisationId, AuthorisationServerId." type="java.lang.IllegalArgumentException">java.lang.IllegalArgumentException: Invalid number of path parameters. Expected 3, was 0. Undefined path parameters are: OrganisationType, OrganisationId, AuthorisationServerId.
	at com.laegler.openbanking.api.integration.OrganisationApiIntegrationTest.test_organisationOrganisationTypeOrganisationIdAuthorisationServerAuthorisationServerIdGet_502(OrganisationApiIntegrationTest.java:123)
</error>
    <system-out><![CDATA[Request method:	GET
Request URI:	http://localhost:8080/example-api/organisation/organisation/%7BOrganisationType%7D/%7BOrganisationId%7D/authorisation-server/%7BAuthorisationServerId%7D
Proxy:			<none>
Request params:	<none>
Query params:	<none>
Form params:	<none>
Path params:	<none>
Headers:		Accept=*/*
				Content-Type=application/json; charset=UTF-8
Cookies:		<none>
Multiparts:		<none>
Body:			<none>
]]></system-out>
  </testcase>
  <testcase name="test_organisationOrganisationTypeOrganisationIdContactContactTypeGet_200" classname="com.laegler.openbanking.api.integration.OrganisationApiIntegrationTest" time="0.001">
    <error message="Invalid number of path parameters. Expected 3, was 0. Undefined path parameters are: OrganisationType, OrganisationId, ContactType." type="java.lang.IllegalArgumentException">java.lang.IllegalArgumentException: Invalid number of path parameters. Expected 3, was 0. Undefined path parameters are: OrganisationType, OrganisationId, ContactType.
	at com.laegler.openbanking.api.integration.OrganisationApiIntegrationTest.test_organisationOrganisationTypeOrganisationIdContactContactTypeGet_200(OrganisationApiIntegrationTest.java:501)
</error>
    <system-out><![CDATA[Request method:	GET
Request URI:	http://localhost:8080/example-api/organisation/organisation/%7BOrganisationType%7D/%7BOrganisationId%7D/contact/%7BContactType%7D
Proxy:			<none>
Request params:	<none>
Query params:	<none>
Form params:	<none>
Path params:	<none>
Headers:		Accept=*/*
				Content-Type=application/json; charset=UTF-8
Cookies:		<none>
Multiparts:		<none>
Body:			<none>
]]></system-out>
  </testcase>
  <testcase name="test_organisationOrganisationTypeOrganisationIdContactContactTypeGet_400" classname="com.laegler.openbanking.api.integration.OrganisationApiIntegrationTest" time="0.002">
    <error message="Invalid number of path parameters. Expected 3, was 0. Undefined path parameters are: OrganisationType, OrganisationId, ContactType." type="java.lang.IllegalArgumentException">java.lang.IllegalArgumentException: Invalid number of path parameters. Expected 3, was 0. Undefined path parameters are: OrganisationType, OrganisationId, ContactType.
	at com.laegler.openbanking.api.integration.OrganisationApiIntegrationTest.test_organisationOrganisationTypeOrganisationIdContactContactTypeGet_400(OrganisationApiIntegrationTest.java:471)
</error>
    <system-out><![CDATA[Request method:	GET
Request URI:	http://localhost:8080/example-api/organisation/organisation/%7BOrganisationType%7D/%7BOrganisationId%7D/contact/%7BContactType%7D
Proxy:			<none>
Request params:	<none>
Query params:	<none>
Form params:	<none>
Path params:	<none>
Headers:		Accept=*/*
				Content-Type=application/json; charset=UTF-8
Cookies:		<none>
Multiparts:		<none>
Body:			<none>
]]></system-out>
  </testcase>
  <testcase name="test_organisationOrganisationTypeOrganisationIdContactContactTypeGet_401" classname="com.laegler.openbanking.api.integration.OrganisationApiIntegrationTest" time="0.001">
    <error message="Invalid number of path parameters. Expected 3, was 0. Undefined path parameters are: OrganisationType, OrganisationId, ContactType." type="java.lang.IllegalArgumentException">java.lang.IllegalArgumentException: Invalid number of path parameters. Expected 3, was 0. Undefined path parameters are: OrganisationType, OrganisationId, ContactType.
	at com.laegler.openbanking.api.integration.OrganisationApiIntegrationTest.test_organisationOrganisationTypeOrganisationIdContactContactTypeGet_401(OrganisationApiIntegrationTest.java:477)
</error>
    <system-out><![CDATA[Request method:	GET
Request URI:	http://localhost:8080/example-api/organisation/organisation/%7BOrganisationType%7D/%7BOrganisationId%7D/contact/%7BContactType%7D
Proxy:			<none>
Request params:	<none>
Query params:	<none>
Form params:	<none>
Path params:	<none>
Headers:		Accept=*/*
				Content-Type=application/json; charset=UTF-8
Cookies:		<none>
Multiparts:		<none>
Body:			<none>
]]></system-out>
  </testcase>
  <testcase name="test_organisationOrganisationTypeOrganisationIdContactContactTypeGet_406" classname="com.laegler.openbanking.api.integration.OrganisationApiIntegrationTest" time="0.002">
    <error message="Invalid number of path parameters. Expected 3, was 0. Undefined path parameters are: OrganisationType, OrganisationId, ContactType." type="java.lang.IllegalArgumentException">java.lang.IllegalArgumentException: Invalid number of path parameters. Expected 3, was 0. Undefined path parameters are: OrganisationType, OrganisationId, ContactType.
	at com.laegler.openbanking.api.integration.OrganisationApiIntegrationTest.test_organisationOrganisationTypeOrganisationIdContactContactTypeGet_406(OrganisationApiIntegrationTest.java:489)
</error>
    <system-out><![CDATA[Request method:	GET
Request URI:	http://localhost:8080/example-api/organisation/organisation/%7BOrganisationType%7D/%7BOrganisationId%7D/contact/%7BContactType%7D
Proxy:			<none>
Request params:	<none>
Query params:	<none>
Form params:	<none>
Path params:	<none>
Headers:		Accept=*/*
				Content-Type=application/json; charset=UTF-8
Cookies:		<none>
Multiparts:		<none>
Body:			<none>
]]></system-out>
  </testcase>
  <testcase name="test_organisationOrganisationTypeOrganisationIdContactContactTypeGet_500" classname="com.laegler.openbanking.api.integration.OrganisationApiIntegrationTest" time="0.001">
    <error message="Invalid number of path parameters. Expected 3, was 0. Undefined path parameters are: OrganisationType, OrganisationId, ContactType." type="java.lang.IllegalArgumentException">java.lang.IllegalArgumentException: Invalid number of path parameters. Expected 3, was 0. Undefined path parameters are: OrganisationType, OrganisationId, ContactType.
	at com.laegler.openbanking.api.integration.OrganisationApiIntegrationTest.test_organisationOrganisationTypeOrganisationIdContactContactTypeGet_500(OrganisationApiIntegrationTest.java:483)
</error>
    <system-out><![CDATA[Request method:	GET
Request URI:	http://localhost:8080/example-api/organisation/organisation/%7BOrganisationType%7D/%7BOrganisationId%7D/contact/%7BContactType%7D
Proxy:			<none>
Request params:	<none>
Query params:	<none>
Form params:	<none>
Path params:	<none>
Headers:		Accept=*/*
				Content-Type=application/json; charset=UTF-8
Cookies:		<none>
Multiparts:		<none>
Body:			<none>
]]></system-out>
  </testcase>
  <testcase name="test_organisationOrganisationTypeOrganisationIdContactContactTypeGet_502" classname="com.laegler.openbanking.api.integration.OrganisationApiIntegrationTest" time="0.001">
    <error message="Invalid number of path parameters. Expected 3, was 0. Undefined path parameters are: OrganisationType, OrganisationId, ContactType." type="java.lang.IllegalArgumentException">java.lang.IllegalArgumentException: Invalid number of path parameters. Expected 3, was 0. Undefined path parameters are: OrganisationType, OrganisationId, ContactType.
	at com.laegler.openbanking.api.integration.OrganisationApiIntegrationTest.test_organisationOrganisationTypeOrganisationIdContactContactTypeGet_502(OrganisationApiIntegrationTest.java:495)
</error>
    <system-out><![CDATA[Request method:	GET
Request URI:	http://localhost:8080/example-api/organisation/organisation/%7BOrganisationType%7D/%7BOrganisationId%7D/contact/%7BContactType%7D
Proxy:			<none>
Request params:	<none>
Query params:	<none>
Form params:	<none>
Path params:	<none>
Headers:		Accept=*/*
				Content-Type=application/json; charset=UTF-8
Cookies:		<none>
Multiparts:		<none>
Body:			<none>
]]></system-out>
  </testcase>
  <testcase name="test_organisationOrganisationTypeOrganisationIdSoftwareStatementGet_200" classname="com.laegler.openbanking.api.integration.OrganisationApiIntegrationTest" time="0.002">
    <error message="Invalid number of path parameters. Expected 2, was 0. Undefined path parameters are: OrganisationType, OrganisationId." type="java.lang.IllegalArgumentException">java.lang.IllegalArgumentException: Invalid number of path parameters. Expected 2, was 0. Undefined path parameters are: OrganisationType, OrganisationId.
	at com.laegler.openbanking.api.integration.OrganisationApiIntegrationTest.test_organisationOrganisationTypeOrganisationIdSoftwareStatementGet_200(OrganisationApiIntegrationTest.java:591)
</error>
    <system-out><![CDATA[Request method:	GET
Request URI:	http://localhost:8080/example-api/organisation/organisation/%7BOrganisationType%7D/%7BOrganisationId%7D/software-statement
Proxy:			<none>
Request params:	<none>
Query params:	<none>
Form params:	<none>
Path params:	<none>
Headers:		Accept=*/*
				Content-Type=application/json; charset=UTF-8
Cookies:		<none>
Multiparts:		<none>
Body:			<none>
]]></system-out>
  </testcase>
  <testcase name="test_organisationOrganisationTypeOrganisationIdSoftwareStatementGet_400" classname="com.laegler.openbanking.api.integration.OrganisationApiIntegrationTest" time="0.001">
    <error message="Invalid number of path parameters. Expected 2, was 0. Undefined path parameters are: OrganisationType, OrganisationId." type="java.lang.IllegalArgumentException">java.lang.IllegalArgumentException: Invalid number of path parameters. Expected 2, was 0. Undefined path parameters are: OrganisationType, OrganisationId.
	at com.laegler.openbanking.api.integration.OrganisationApiIntegrationTest.test_organisationOrganisationTypeOrganisationIdSoftwareStatementGet_400(OrganisationApiIntegrationTest.java:561)
</error>
    <system-out><![CDATA[Request method:	GET
Request URI:	http://localhost:8080/example-api/organisation/organisation/%7BOrganisationType%7D/%7BOrganisationId%7D/software-statement
Proxy:			<none>
Request params:	<none>
Query params:	<none>
Form params:	<none>
Path params:	<none>
Headers:		Accept=*/*
				Content-Type=application/json; charset=UTF-8
Cookies:		<none>
Multiparts:		<none>
Body:			<none>
]]></system-out>
  </testcase>
  <testcase name="test_organisationOrganisationTypeOrganisationIdSoftwareStatementGet_401" classname="com.laegler.openbanking.api.integration.OrganisationApiIntegrationTest" time="0.001">
    <error message="Invalid number of path parameters. Expected 2, was 0. Undefined path parameters are: OrganisationType, OrganisationId." type="java.lang.IllegalArgumentException">java.lang.IllegalArgumentException: Invalid number of path parameters. Expected 2, was 0. Undefined path parameters are: OrganisationType, OrganisationId.
	at com.laegler.openbanking.api.integration.OrganisationApiIntegrationTest.test_organisationOrganisationTypeOrganisationIdSoftwareStatementGet_401(OrganisationApiIntegrationTest.java:567)
</error>
    <system-out><![CDATA[Request method:	GET
Request URI:	http://localhost:8080/example-api/organisation/organisation/%7BOrganisationType%7D/%7BOrganisationId%7D/software-statement
Proxy:			<none>
Request params:	<none>
Query params:	<none>
Form params:	<none>
Path params:	<none>
Headers:		Accept=*/*
				Content-Type=application/json; charset=UTF-8
Cookies:		<none>
Multiparts:		<none>
Body:			<none>
]]></system-out>
  </testcase>
  <testcase name="test_organisationOrganisationTypeOrganisationIdSoftwareStatementGet_406" classname="com.laegler.openbanking.api.integration.OrganisationApiIntegrationTest" time="0.002">
    <error message="Invalid number of path parameters. Expected 2, was 0. Undefined path parameters are: OrganisationType, OrganisationId." type="java.lang.IllegalArgumentException">java.lang.IllegalArgumentException: Invalid number of path parameters. Expected 2, was 0. Undefined path parameters are: OrganisationType, OrganisationId.
	at com.laegler.openbanking.api.integration.OrganisationApiIntegrationTest.test_organisationOrganisationTypeOrganisationIdSoftwareStatementGet_406(OrganisationApiIntegrationTest.java:579)
</error>
    <system-out><![CDATA[Request method:	GET
Request URI:	http://localhost:8080/example-api/organisation/organisation/%7BOrganisationType%7D/%7BOrganisationId%7D/software-statement
Proxy:			<none>
Request params:	<none>
Query params:	<none>
Form params:	<none>
Path params:	<none>
Headers:		Accept=*/*
				Content-Type=application/json; charset=UTF-8
Cookies:		<none>
Multiparts:		<none>
Body:			<none>
]]></system-out>
  </testcase>
  <testcase name="test_organisationOrganisationTypeOrganisationIdSoftwareStatementGet_500" classname="com.laegler.openbanking.api.integration.OrganisationApiIntegrationTest" time="0.001">
    <error message="Invalid number of path parameters. Expected 2, was 0. Undefined path parameters are: OrganisationType, OrganisationId." type="java.lang.IllegalArgumentException">java.lang.IllegalArgumentException: Invalid number of path parameters. Expected 2, was 0. Undefined path parameters are: OrganisationType, OrganisationId.
	at com.laegler.openbanking.api.integration.OrganisationApiIntegrationTest.test_organisationOrganisationTypeOrganisationIdSoftwareStatementGet_500(OrganisationApiIntegrationTest.java:573)
</error>
    <system-out><![CDATA[Request method:	GET
Request URI:	http://localhost:8080/example-api/organisation/organisation/%7BOrganisationType%7D/%7BOrganisationId%7D/software-statement
Proxy:			<none>
Request params:	<none>
Query params:	<none>
Form params:	<none>
Path params:	<none>
Headers:		Accept=*/*
				Content-Type=application/json; charset=UTF-8
Cookies:		<none>
Multiparts:		<none>
Body:			<none>
]]></system-out>
  </testcase>
  <testcase name="test_organisationOrganisationTypeOrganisationIdSoftwareStatementGet_502" classname="com.laegler.openbanking.api.integration.OrganisationApiIntegrationTest" time="0.002">
    <error message="Invalid number of path parameters. Expected 2, was 0. Undefined path parameters are: OrganisationType, OrganisationId." type="java.lang.IllegalArgumentException">java.lang.IllegalArgumentException: Invalid number of path parameters. Expected 2, was 0. Undefined path parameters are: OrganisationType, OrganisationId.
	at com.laegler.openbanking.api.integration.OrganisationApiIntegrationTest.test_organisationOrganisationTypeOrganisationIdSoftwareStatementGet_502(OrganisationApiIntegrationTest.java:585)
</error>
    <system-out><![CDATA[Request method:	GET
Request URI:	http://localhost:8080/example-api/organisation/organisation/%7BOrganisationType%7D/%7BOrganisationId%7D/software-statement
Proxy:			<none>
Request params:	<none>
Query params:	<none>
Form params:	<none>
Path params:	<none>
Headers:		Accept=*/*
				Content-Type=application/json; charset=UTF-8
Cookies:		<none>
Multiparts:		<none>
Body:			<none>
]]></system-out>
  </testcase>
  <testcase name="test_organisationOrganisationTypeOrganisationIdSoftwareStatementSoftwareStatementIdCertificateGet_200" classname="com.laegler.openbanking.api.integration.OrganisationApiIntegrationTest" time="0.001">
    <error message="Invalid number of path parameters. Expected 3, was 0. Undefined path parameters are: OrganisationType, OrganisationId, SoftwareStatementId." type="java.lang.IllegalArgumentException">java.lang.IllegalArgumentException: Invalid number of path parameters. Expected 3, was 0. Undefined path parameters are: OrganisationType, OrganisationId, SoftwareStatementId.
	at com.laegler.openbanking.api.integration.OrganisationApiIntegrationTest.test_organisationOrganisationTypeOrganisationIdSoftwareStatementSoftwareStatementIdCertificateGet_200(OrganisationApiIntegrationTest.java:669)
</error>
    <system-out><![CDATA[Request method:	GET
Request URI:	http://localhost:8080/example-api/organisation/organisation/%7BOrganisationType%7D/%7BOrganisationId%7D/software-statement/%7BSoftwareStatementId%7D/certificate
Proxy:			<none>
Request params:	<none>
Query params:	<none>
Form params:	<none>
Path params:	<none>
Headers:		Accept=*/*
				Content-Type=application/json; charset=UTF-8
Cookies:		<none>
Multiparts:		<none>
Body:			<none>
]]></system-out>
  </testcase>
  <testcase name="test_organisationOrganisationTypeOrganisationIdSoftwareStatementSoftwareStatementIdCertificateGet_400" classname="com.laegler.openbanking.api.integration.OrganisationApiIntegrationTest" time="0.001">
    <error message="Invalid number of path parameters. Expected 3, was 0. Undefined path parameters are: OrganisationType, OrganisationId, SoftwareStatementId." type="java.lang.IllegalArgumentException">java.lang.IllegalArgumentException: Invalid number of path parameters. Expected 3, was 0. Undefined path parameters are: OrganisationType, OrganisationId, SoftwareStatementId.
	at com.laegler.openbanking.api.integration.OrganisationApiIntegrationTest.test_organisationOrganisationTypeOrganisationIdSoftwareStatementSoftwareStatementIdCertificateGet_400(OrganisationApiIntegrationTest.java:633)
</error>
    <system-out><![CDATA[Request method:	GET
Request URI:	http://localhost:8080/example-api/organisation/organisation/%7BOrganisationType%7D/%7BOrganisationId%7D/software-statement/%7BSoftwareStatementId%7D/certificate
Proxy:			<none>
Request params:	<none>
Query params:	<none>
Form params:	<none>
Path params:	<none>
Headers:		Accept=*/*
				Content-Type=application/json; charset=UTF-8
Cookies:		<none>
Multiparts:		<none>
Body:			<none>
]]></system-out>
  </testcase>
  <testcase name="test_organisationOrganisationTypeOrganisationIdSoftwareStatementSoftwareStatementIdCertificateGet_401" classname="com.laegler.openbanking.api.integration.OrganisationApiIntegrationTest" time="0.002">
    <error message="Invalid number of path parameters. Expected 3, was 0. Undefined path parameters are: OrganisationType, OrganisationId, SoftwareStatementId." type="java.lang.IllegalArgumentException">java.lang.IllegalArgumentException: Invalid number of path parameters. Expected 3, was 0. Undefined path parameters are: OrganisationType, OrganisationId, SoftwareStatementId.
	at com.laegler.openbanking.api.integration.OrganisationApiIntegrationTest.test_organisationOrganisationTypeOrganisationIdSoftwareStatementSoftwareStatementIdCertificateGet_401(OrganisationApiIntegrationTest.java:639)
</error>
    <system-out><![CDATA[Request method:	GET
Request URI:	http://localhost:8080/example-api/organisation/organisation/%7BOrganisationType%7D/%7BOrganisationId%7D/software-statement/%7BSoftwareStatementId%7D/certificate
Proxy:			<none>
Request params:	<none>
Query params:	<none>
Form params:	<none>
Path params:	<none>
Headers:		Accept=*/*
				Content-Type=application/json; charset=UTF-8
Cookies:		<none>
Multiparts:		<none>
Body:			<none>
]]></system-out>
  </testcase>
  <testcase name="test_organisationOrganisationTypeOrganisationIdSoftwareStatementSoftwareStatementIdCertificateGet_404" classname="com.laegler.openbanking.api.integration.OrganisationApiIntegrationTest" time="0.001">
    <error message="Invalid number of path parameters. Expected 3, was 0. Undefined path parameters are: OrganisationType, OrganisationId, SoftwareStatementId." type="java.lang.IllegalArgumentException">java.lang.IllegalArgumentException: Invalid number of path parameters. Expected 3, was 0. Undefined path parameters are: OrganisationType, OrganisationId, SoftwareStatementId.
	at com.laegler.openbanking.api.integration.OrganisationApiIntegrationTest.test_organisationOrganisationTypeOrganisationIdSoftwareStatementSoftwareStatementIdCertificateGet_404(OrganisationApiIntegrationTest.java:645)
</error>
    <system-out><![CDATA[Request method:	GET
Request URI:	http://localhost:8080/example-api/organisation/organisation/%7BOrganisationType%7D/%7BOrganisationId%7D/software-statement/%7BSoftwareStatementId%7D/certificate
Proxy:			<none>
Request params:	<none>
Query params:	<none>
Form params:	<none>
Path params:	<none>
Headers:		Accept=*/*
				Content-Type=application/json; charset=UTF-8
Cookies:		<none>
Multiparts:		<none>
Body:			<none>
]]></system-out>
  </testcase>
  <testcase name="test_organisationOrganisationTypeOrganisationIdSoftwareStatementSoftwareStatementIdCertificateGet_406" classname="com.laegler.openbanking.api.integration.OrganisationApiIntegrationTest" time="0.003">
    <error message="Invalid number of path parameters. Expected 3, was 0. Undefined path parameters are: OrganisationType, OrganisationId, SoftwareStatementId." type="java.lang.IllegalArgumentException">java.lang.IllegalArgumentException: Invalid number of path parameters. Expected 3, was 0. Undefined path parameters are: OrganisationType, OrganisationId, SoftwareStatementId.
	at com.laegler.openbanking.api.integration.OrganisationApiIntegrationTest.test_organisationOrganisationTypeOrganisationIdSoftwareStatementSoftwareStatementIdCertificateGet_406(OrganisationApiIntegrationTest.java:657)
</error>
    <system-out><![CDATA[Request method:	GET
Request URI:	http://localhost:8080/example-api/organisation/organisation/%7BOrganisationType%7D/%7BOrganisationId%7D/software-statement/%7BSoftwareStatementId%7D/certificate
Proxy:			<none>
Request params:	<none>
Query params:	<none>
Form params:	<none>
Path params:	<none>
Headers:		Accept=*/*
				Content-Type=application/json; charset=UTF-8
Cookies:		<none>
Multiparts:		<none>
Body:			<none>
]]></system-out>
  </testcase>
  <testcase name="test_organisationOrganisationTypeOrganisationIdSoftwareStatementSoftwareStatementIdCertificateGet_500" classname="com.laegler.openbanking.api.integration.OrganisationApiIntegrationTest" time="0.002">
    <error message="Invalid number of path parameters. Expected 3, was 0. Undefined path parameters are: OrganisationType, OrganisationId, SoftwareStatementId." type="java.lang.IllegalArgumentException">java.lang.IllegalArgumentException: Invalid number of path parameters. Expected 3, was 0. Undefined path parameters are: OrganisationType, OrganisationId, SoftwareStatementId.
	at com.laegler.openbanking.api.integration.OrganisationApiIntegrationTest.test_organisationOrganisationTypeOrganisationIdSoftwareStatementSoftwareStatementIdCertificateGet_500(OrganisationApiIntegrationTest.java:651)
</error>
    <system-out><![CDATA[Request method:	GET
Request URI:	http://localhost:8080/example-api/organisation/organisation/%7BOrganisationType%7D/%7BOrganisationId%7D/software-statement/%7BSoftwareStatementId%7D/certificate
Proxy:			<none>
Request params:	<none>
Query params:	<none>
Form params:	<none>
Path params:	<none>
Headers:		Accept=*/*
				Content-Type=application/json; charset=UTF-8
Cookies:		<none>
Multiparts:		<none>
Body:			<none>
]]></system-out>
  </testcase>
  <testcase name="test_organisationOrganisationTypeOrganisationIdSoftwareStatementSoftwareStatementIdCertificateGet_502" classname="com.laegler.openbanking.api.integration.OrganisationApiIntegrationTest" time="0.001">
    <error message="Invalid number of path parameters. Expected 3, was 0. Undefined path parameters are: OrganisationType, OrganisationId, SoftwareStatementId." type="java.lang.IllegalArgumentException">java.lang.IllegalArgumentException: Invalid number of path parameters. Expected 3, was 0. Undefined path parameters are: OrganisationType, OrganisationId, SoftwareStatementId.
	at com.laegler.openbanking.api.integration.OrganisationApiIntegrationTest.test_organisationOrganisationTypeOrganisationIdSoftwareStatementSoftwareStatementIdCertificateGet_502(OrganisationApiIntegrationTest.java:663)
</error>
    <system-out><![CDATA[Request method:	GET
Request URI:	http://localhost:8080/example-api/organisation/organisation/%7BOrganisationType%7D/%7BOrganisationId%7D/software-statement/%7BSoftwareStatementId%7D/certificate
Proxy:			<none>
Request params:	<none>
Query params:	<none>
Form params:	<none>
Path params:	<none>
Headers:		Accept=*/*
				Content-Type=application/json; charset=UTF-8
Cookies:		<none>
Multiparts:		<none>
Body:			<none>
]]></system-out>
  </testcase>
  <testcase name="test_organisationOrganisationTypeOrganisationIdCertificateKidCertificateOrKeyIdGet_200" classname="com.laegler.openbanking.api.integration.OrganisationApiIntegrationTest" time="0.002">
    <error message="Invalid number of path parameters. Expected 3, was 0. Undefined path parameters are: OrganisationType, OrganisationId, CertificateOrKeyId." type="java.lang.IllegalArgumentException">java.lang.IllegalArgumentException: Invalid number of path parameters. Expected 3, was 0. Undefined path parameters are: OrganisationType, OrganisationId, CertificateOrKeyId.
	at com.laegler.openbanking.api.integration.OrganisationApiIntegrationTest.test_organisationOrganisationTypeOrganisationIdCertificateKidCertificateOrKeyIdGet_200(OrganisationApiIntegrationTest.java:381)
</error>
    <system-out><![CDATA[Request method:	GET
Request URI:	http://localhost:8080/example-api/organisation/organisation/%7BOrganisationType%7D/%7BOrganisationId%7D/certificate/kid/%7BCertificateOrKeyId%7D
Proxy:			<none>
Request params:	<none>
Query params:	<none>
Form params:	<none>
Path params:	<none>
Headers:		Accept=*/*
				Content-Type=application/json; charset=UTF-8
Cookies:		<none>
Multiparts:		<none>
Body:			<none>
]]></system-out>
  </testcase>
  <testcase name="test_organisationOrganisationTypeOrganisationIdCertificateKidCertificateOrKeyIdGet_400" classname="com.laegler.openbanking.api.integration.OrganisationApiIntegrationTest" time="0.002">
    <error message="Invalid number of path parameters. Expected 3, was 0. Undefined path parameters are: OrganisationType, OrganisationId, CertificateOrKeyId." type="java.lang.IllegalArgumentException">java.lang.IllegalArgumentException: Invalid number of path parameters. Expected 3, was 0. Undefined path parameters are: OrganisationType, OrganisationId, CertificateOrKeyId.
	at com.laegler.openbanking.api.integration.OrganisationApiIntegrationTest.test_organisationOrganisationTypeOrganisationIdCertificateKidCertificateOrKeyIdGet_400(OrganisationApiIntegrationTest.java:345)
</error>
    <system-out><![CDATA[Request method:	GET
Request URI:	http://localhost:8080/example-api/organisation/organisation/%7BOrganisationType%7D/%7BOrganisationId%7D/certificate/kid/%7BCertificateOrKeyId%7D
Proxy:			<none>
Request params:	<none>
Query params:	<none>
Form params:	<none>
Path params:	<none>
Headers:		Accept=*/*
				Content-Type=application/json; charset=UTF-8
Cookies:		<none>
Multiparts:		<none>
Body:			<none>
]]></system-out>
  </testcase>
  <testcase name="test_organisationOrganisationTypeOrganisationIdCertificateKidCertificateOrKeyIdGet_401" classname="com.laegler.openbanking.api.integration.OrganisationApiIntegrationTest" time="0.001">
    <error message="Invalid number of path parameters. Expected 3, was 0. Undefined path parameters are: OrganisationType, OrganisationId, CertificateOrKeyId." type="java.lang.IllegalArgumentException">java.lang.IllegalArgumentException: Invalid number of path parameters. Expected 3, was 0. Undefined path parameters are: OrganisationType, OrganisationId, CertificateOrKeyId.
	at com.laegler.openbanking.api.integration.OrganisationApiIntegrationTest.test_organisationOrganisationTypeOrganisationIdCertificateKidCertificateOrKeyIdGet_401(OrganisationApiIntegrationTest.java:351)
</error>
    <system-out><![CDATA[Request method:	GET
Request URI:	http://localhost:8080/example-api/organisation/organisation/%7BOrganisationType%7D/%7BOrganisationId%7D/certificate/kid/%7BCertificateOrKeyId%7D
Proxy:			<none>
Request params:	<none>
Query params:	<none>
Form params:	<none>
Path params:	<none>
Headers:		Accept=*/*
				Content-Type=application/json; charset=UTF-8
Cookies:		<none>
Multiparts:		<none>
Body:			<none>
]]></system-out>
  </testcase>
  <testcase name="test_organisationOrganisationTypeOrganisationIdCertificateKidCertificateOrKeyIdGet_404" classname="com.laegler.openbanking.api.integration.OrganisationApiIntegrationTest" time="0.002">
    <error message="Invalid number of path parameters. Expected 3, was 0. Undefined path parameters are: OrganisationType, OrganisationId, CertificateOrKeyId." type="java.lang.IllegalArgumentException">java.lang.IllegalArgumentException: Invalid number of path parameters. Expected 3, was 0. Undefined path parameters are: OrganisationType, OrganisationId, CertificateOrKeyId.
	at com.laegler.openbanking.api.integration.OrganisationApiIntegrationTest.test_organisationOrganisationTypeOrganisationIdCertificateKidCertificateOrKeyIdGet_404(OrganisationApiIntegrationTest.java:357)
</error>
    <system-out><![CDATA[Request method:	GET
Request URI:	http://localhost:8080/example-api/organisation/organisation/%7BOrganisationType%7D/%7BOrganisationId%7D/certificate/kid/%7BCertificateOrKeyId%7D
Proxy:			<none>
Request params:	<none>
Query params:	<none>
Form params:	<none>
Path params:	<none>
Headers:		Accept=*/*
				Content-Type=application/json; charset=UTF-8
Cookies:		<none>
Multiparts:		<none>
Body:			<none>
]]></system-out>
  </testcase>
  <testcase name="test_organisationOrganisationTypeOrganisationIdCertificateKidCertificateOrKeyIdGet_406" classname="com.laegler.openbanking.api.integration.OrganisationApiIntegrationTest" time="0.001">
    <error message="Invalid number of path parameters. Expected 3, was 0. Undefined path parameters are: OrganisationType, OrganisationId, CertificateOrKeyId." type="java.lang.IllegalArgumentException">java.lang.IllegalArgumentException: Invalid number of path parameters. Expected 3, was 0. Undefined path parameters are: OrganisationType, OrganisationId, CertificateOrKeyId.
	at com.laegler.openbanking.api.integration.OrganisationApiIntegrationTest.test_organisationOrganisationTypeOrganisationIdCertificateKidCertificateOrKeyIdGet_406(OrganisationApiIntegrationTest.java:369)
</error>
    <system-out><![CDATA[Request method:	GET
Request URI:	http://localhost:8080/example-api/organisation/organisation/%7BOrganisationType%7D/%7BOrganisationId%7D/certificate/kid/%7BCertificateOrKeyId%7D
Proxy:			<none>
Request params:	<none>
Query params:	<none>
Form params:	<none>
Path params:	<none>
Headers:		Accept=*/*
				Content-Type=application/json; charset=UTF-8
Cookies:		<none>
Multiparts:		<none>
Body:			<none>
]]></system-out>
  </testcase>
  <testcase name="test_organisationOrganisationTypeOrganisationIdCertificateKidCertificateOrKeyIdGet_500" classname="com.laegler.openbanking.api.integration.OrganisationApiIntegrationTest" time="0.002">
    <error message="Invalid number of path parameters. Expected 3, was 0. Undefined path parameters are: OrganisationType, OrganisationId, CertificateOrKeyId." type="java.lang.IllegalArgumentException">java.lang.IllegalArgumentException: Invalid number of path parameters. Expected 3, was 0. Undefined path parameters are: OrganisationType, OrganisationId, CertificateOrKeyId.
	at com.laegler.openbanking.api.integration.OrganisationApiIntegrationTest.test_organisationOrganisationTypeOrganisationIdCertificateKidCertificateOrKeyIdGet_500(OrganisationApiIntegrationTest.java:363)
</error>
    <system-out><![CDATA[Request method:	GET
Request URI:	http://localhost:8080/example-api/organisation/organisation/%7BOrganisationType%7D/%7BOrganisationId%7D/certificate/kid/%7BCertificateOrKeyId%7D
Proxy:			<none>
Request params:	<none>
Query params:	<none>
Form params:	<none>
Path params:	<none>
Headers:		Accept=*/*
				Content-Type=application/json; charset=UTF-8
Cookies:		<none>
Multiparts:		<none>
Body:			<none>
]]></system-out>
  </testcase>
  <testcase name="test_organisationOrganisationTypeOrganisationIdCertificateKidCertificateOrKeyIdGet_502" classname="com.laegler.openbanking.api.integration.OrganisationApiIntegrationTest" time="0.001">
    <error message="Invalid number of path parameters. Expected 3, was 0. Undefined path parameters are: OrganisationType, OrganisationId, CertificateOrKeyId." type="java.lang.IllegalArgumentException">java.lang.IllegalArgumentException: Invalid number of path parameters. Expected 3, was 0. Undefined path parameters are: OrganisationType, OrganisationId, CertificateOrKeyId.
	at com.laegler.openbanking.api.integration.OrganisationApiIntegrationTest.test_organisationOrganisationTypeOrganisationIdCertificateKidCertificateOrKeyIdGet_502(OrganisationApiIntegrationTest.java:375)
</error>
    <system-out><![CDATA[Request method:	GET
Request URI:	http://localhost:8080/example-api/organisation/organisation/%7BOrganisationType%7D/%7BOrganisationId%7D/certificate/kid/%7BCertificateOrKeyId%7D
Proxy:			<none>
Request params:	<none>
Query params:	<none>
Form params:	<none>
Path params:	<none>
Headers:		Accept=*/*
				Content-Type=application/json; charset=UTF-8
Cookies:		<none>
Multiparts:		<none>
Body:			<none>
]]></system-out>
  </testcase>
</testsuite>