<?xml version="1.0" encoding="UTF-8"?>
<testsuite xmlns:xsi="http://www.w3.org/2001/XMLSchema-instance" xsi:noNamespaceSchemaLocation="https://maven.apache.org/surefire/maven-surefire-plugin/xsd/surefire-test-report.xsd" name="com.laegler.openbanking.api.integration.OBThirdPartyProvidersApiIntegrationTest" time="0" tests="3" errors="0" skipped="3" failures="0">
  <properties>
[...]
</properties>
  <testcase name="test_oBThirdPartyProvidersIdGet_200" classname="com.laegler.openbanking.api.integration.OBThirdPartyProvidersApiIntegrationTest" time="0">
    <skipped message="TODO: Define request to get HTTP status code 200"/>
  </testcase>
  <testcase name="test_oBThirdPartyProvidersGet_200" classname="com.laegler.openbanking.api.integration.OBThirdPartyProvidersApiIntegrationTest" time="0">
    <skipped message="TODO: Define request to get HTTP status code 200"/>
  </testcase>
  <testcase name="test_oBThirdPartyProvidersSearchPost_200" classname="com.laegler.openbanking.api.integration.OBThirdPartyProvidersApiIntegrationTest" time="0">
    <skipped message="TODO: Define request to get HTTP status code 200"/>
  </testcase>
</testsuite>